Start testing: Jul 09 15:50 India Standard Time
----------------------------------------------------------
1/201 Testing: RedisLiteToLowerTest.ConvertUpperCase
1/201 Test: RedisLiteToLowerTest.ConvertUpperCase
Command: "D:/Git pull/STL-Library/build/Tests.exe" "--gtest_filter=RedisLiteToLowerTest.ConvertUpperCase" "--gtest_also_run_disabled_tests"
Directory: D:/Git pull/STL-Library/build
"RedisLiteToLowerTest.ConvertUpperCase" start time: Jul 09 15:50 India Standard Time
Output:
----------------------------------------------------------
Note: Google Test filter = RedisLiteToLowerTest.ConvertUpperCase
[==========] Running 1 test from 1 test suite.
[----------] Global test environment set-up.
[----------] 1 test from RedisLiteToLowerTest
[ RUN      ] RedisLiteToLowerTest.ConvertUpperCase
[       OK ] RedisLiteToLowerTest.ConvertUpperCase (0 ms)
[----------] 1 test from RedisLiteToLowerTest (0 ms total)

[----------] Global test environment tear-down
[==========] 1 test from 1 test suite ran. (0 ms total)
[  PASSED  ] 1 test.
<end of output>
Test time =   0.12 sec
----------------------------------------------------------
Test Passed.
"RedisLiteToLowerTest.ConvertUpperCase" end time: Jul 09 15:50 India Standard Time
"RedisLiteToLowerTest.ConvertUpperCase" time elapsed: 00:00:00
----------------------------------------------------------

2/201 Testing: RedisLiteToLowerTest.MixedCase
2/201 Test: RedisLiteToLowerTest.MixedCase
Command: "D:/Git pull/STL-Library/build/Tests.exe" "--gtest_filter=RedisLiteToLowerTest.MixedCase" "--gtest_also_run_disabled_tests"
Directory: D:/Git pull/STL-Library/build
"RedisLiteToLowerTest.MixedCase" start time: Jul 09 15:50 India Standard Time
Output:
----------------------------------------------------------
Note: Google Test filter = RedisLiteToLowerTest.MixedCase
[==========] Running 1 test from 1 test suite.
[----------] Global test environment set-up.
[----------] 1 test from RedisLiteToLowerTest
[ RUN      ] RedisLiteToLowerTest.MixedCase
[       OK ] RedisLiteToLowerTest.MixedCase (0 ms)
[----------] 1 test from RedisLiteToLowerTest (0 ms total)

[----------] Global test environment tear-down
[==========] 1 test from 1 test suite ran. (0 ms total)
[  PASSED  ] 1 test.
<end of output>
Test time =   0.20 sec
----------------------------------------------------------
Test Passed.
"RedisLiteToLowerTest.MixedCase" end time: Jul 09 15:50 India Standard Time
"RedisLiteToLowerTest.MixedCase" time elapsed: 00:00:00
----------------------------------------------------------

3/201 Testing: RedisLiteToLowerTest.AlreadyLowerCase
3/201 Test: RedisLiteToLowerTest.AlreadyLowerCase
Command: "D:/Git pull/STL-Library/build/Tests.exe" "--gtest_filter=RedisLiteToLowerTest.AlreadyLowerCase" "--gtest_also_run_disabled_tests"
Directory: D:/Git pull/STL-Library/build
"RedisLiteToLowerTest.AlreadyLowerCase" start time: Jul 09 15:50 India Standard Time
Output:
----------------------------------------------------------
Note: Google Test filter = RedisLiteToLowerTest.AlreadyLowerCase
[==========] Running 1 test from 1 test suite.
[----------] Global test environment set-up.
[----------] 1 test from RedisLiteToLowerTest
[ RUN      ] RedisLiteToLowerTest.AlreadyLowerCase
[       OK ] RedisLiteToLowerTest.AlreadyLowerCase (0 ms)
[----------] 1 test from RedisLiteToLowerTest (0 ms total)

[----------] Global test environment tear-down
[==========] 1 test from 1 test suite ran. (0 ms total)
[  PASSED  ] 1 test.
<end of output>
Test time =   0.08 sec
----------------------------------------------------------
Test Passed.
"RedisLiteToLowerTest.AlreadyLowerCase" end time: Jul 09 15:50 India Standard Time
"RedisLiteToLowerTest.AlreadyLowerCase" time elapsed: 00:00:00
----------------------------------------------------------

4/201 Testing: RedisLiteSizeTest.EmptyDatabase
4/201 Test: RedisLiteSizeTest.EmptyDatabase
Command: "D:/Git pull/STL-Library/build/Tests.exe" "--gtest_filter=RedisLiteSizeTest.EmptyDatabase" "--gtest_also_run_disabled_tests"
Directory: D:/Git pull/STL-Library/build
"RedisLiteSizeTest.EmptyDatabase" start time: Jul 09 15:50 India Standard Time
Output:
----------------------------------------------------------
Note: Google Test filter = RedisLiteSizeTest.EmptyDatabase
[==========] Running 1 test from 1 test suite.
[----------] Global test environment set-up.
[----------] 1 test from RedisLiteSizeTest
[ RUN      ] RedisLiteSizeTest.EmptyDatabase
0
[       OK ] RedisLiteSizeTest.EmptyDatabase (0 ms)
[----------] 1 test from RedisLiteSizeTest (0 ms total)

[----------] Global test environment tear-down
[==========] 1 test from 1 test suite ran. (0 ms total)
[  PASSED  ] 1 test.
<end of output>
Test time =   0.10 sec
----------------------------------------------------------
Test Passed.
"RedisLiteSizeTest.EmptyDatabase" end time: Jul 09 15:50 India Standard Time
"RedisLiteSizeTest.EmptyDatabase" time elapsed: 00:00:00
----------------------------------------------------------

5/201 Testing: RedisLiteSizeTest.AfterInsertion
5/201 Test: RedisLiteSizeTest.AfterInsertion
Command: "D:/Git pull/STL-Library/build/Tests.exe" "--gtest_filter=RedisLiteSizeTest.AfterInsertion" "--gtest_also_run_disabled_tests"
Directory: D:/Git pull/STL-Library/build
"RedisLiteSizeTest.AfterInsertion" start time: Jul 09 15:50 India Standard Time
Output:
----------------------------------------------------------
Note: Google Test filter = RedisLiteSizeTest.AfterInsertion
[==========] Running 1 test from 1 test suite.
[----------] Global test environment set-up.
[----------] 1 test from RedisLiteSizeTest
[ RUN      ] RedisLiteSizeTest.AfterInsertion
Ok
Ok
2
[       OK ] RedisLiteSizeTest.AfterInsertion (0 ms)
[----------] 1 test from RedisLiteSizeTest (0 ms total)

[----------] Global test environment tear-down
[==========] 1 test from 1 test suite ran. (0 ms total)
[  PASSED  ] 1 test.
<end of output>
Test time =   0.14 sec
----------------------------------------------------------
Test Passed.
"RedisLiteSizeTest.AfterInsertion" end time: Jul 09 15:50 India Standard Time
"RedisLiteSizeTest.AfterInsertion" time elapsed: 00:00:00
----------------------------------------------------------

6/201 Testing: RedisLiteSizeTest.AfterDeletion
6/201 Test: RedisLiteSizeTest.AfterDeletion
Command: "D:/Git pull/STL-Library/build/Tests.exe" "--gtest_filter=RedisLiteSizeTest.AfterDeletion" "--gtest_also_run_disabled_tests"
Directory: D:/Git pull/STL-Library/build
"RedisLiteSizeTest.AfterDeletion" start time: Jul 09 15:50 India Standard Time
Output:
----------------------------------------------------------
Note: Google Test filter = RedisLiteSizeTest.AfterDeletion
[==========] Running 1 test from 1 test suite.
[----------] Global test environment set-up.
[----------] 1 test from RedisLiteSizeTest
[ RUN      ] RedisLiteSizeTest.AfterDeletion
Ok
Ok
Removed
1
[       OK ] RedisLiteSizeTest.AfterDeletion (0 ms)
[----------] 1 test from RedisLiteSizeTest (0 ms total)

[----------] Global test environment tear-down
[==========] 1 test from 1 test suite ran. (0 ms total)
[  PASSED  ] 1 test.
<end of output>
Test time =   0.10 sec
----------------------------------------------------------
Test Passed.
"RedisLiteSizeTest.AfterDeletion" end time: Jul 09 15:50 India Standard Time
"RedisLiteSizeTest.AfterDeletion" time elapsed: 00:00:00
----------------------------------------------------------

7/201 Testing: RedisLiteGetTest.ExistingKey
7/201 Test: RedisLiteGetTest.ExistingKey
Command: "D:/Git pull/STL-Library/build/Tests.exe" "--gtest_filter=RedisLiteGetTest.ExistingKey" "--gtest_also_run_disabled_tests"
Directory: D:/Git pull/STL-Library/build
"RedisLiteGetTest.ExistingKey" start time: Jul 09 15:50 India Standard Time
Output:
----------------------------------------------------------
Note: Google Test filter = RedisLiteGetTest.ExistingKey
[==========] Running 1 test from 1 test suite.
[----------] Global test environment set-up.
[----------] 1 test from RedisLiteGetTest
[ RUN      ] RedisLiteGetTest.ExistingKey
Ok
Nilesh
[       OK ] RedisLiteGetTest.ExistingKey (0 ms)
[----------] 1 test from RedisLiteGetTest (0 ms total)

[----------] Global test environment tear-down
[==========] 1 test from 1 test suite ran. (0 ms total)
[  PASSED  ] 1 test.
<end of output>
Test time =   0.10 sec
----------------------------------------------------------
Test Passed.
"RedisLiteGetTest.ExistingKey" end time: Jul 09 15:50 India Standard Time
"RedisLiteGetTest.ExistingKey" time elapsed: 00:00:00
----------------------------------------------------------

8/201 Testing: RedisLiteGetTest.NonExistingKey
8/201 Test: RedisLiteGetTest.NonExistingKey
Command: "D:/Git pull/STL-Library/build/Tests.exe" "--gtest_filter=RedisLiteGetTest.NonExistingKey" "--gtest_also_run_disabled_tests"
Directory: D:/Git pull/STL-Library/build
"RedisLiteGetTest.NonExistingKey" start time: Jul 09 15:50 India Standard Time
Output:
----------------------------------------------------------
Note: Google Test filter = RedisLiteGetTest.NonExistingKey
[==========] Running 1 test from 1 test suite.
[----------] Global test environment set-up.
[----------] 1 test from RedisLiteGetTest
[ RUN      ] RedisLiteGetTest.NonExistingKey
Key not found!
[       OK ] RedisLiteGetTest.NonExistingKey (4 ms)
[----------] 1 test from RedisLiteGetTest (4 ms total)

[----------] Global test environment tear-down
[==========] 1 test from 1 test suite ran. (4 ms total)
[  PASSED  ] 1 test.
<end of output>
Test time =   0.07 sec
----------------------------------------------------------
Test Passed.
"RedisLiteGetTest.NonExistingKey" end time: Jul 09 15:50 India Standard Time
"RedisLiteGetTest.NonExistingKey" time elapsed: 00:00:00
----------------------------------------------------------

9/201 Testing: RedisLiteExistsTest.NonExistingKey
9/201 Test: RedisLiteExistsTest.NonExistingKey
Command: "D:/Git pull/STL-Library/build/Tests.exe" "--gtest_filter=RedisLiteExistsTest.NonExistingKey" "--gtest_also_run_disabled_tests"
Directory: D:/Git pull/STL-Library/build
"RedisLiteExistsTest.NonExistingKey" start time: Jul 09 15:50 India Standard Time
Output:
----------------------------------------------------------
Note: Google Test filter = RedisLiteExistsTest.NonExistingKey
[==========] Running 1 test from 1 test suite.
[----------] Global test environment set-up.
[----------] 1 test from RedisLiteExistsTest
[ RUN      ] RedisLiteExistsTest.NonExistingKey
Not exists
[       OK ] RedisLiteExistsTest.NonExistingKey (0 ms)
[----------] 1 test from RedisLiteExistsTest (0 ms total)

[----------] Global test environment tear-down
[==========] 1 test from 1 test suite ran. (0 ms total)
[  PASSED  ] 1 test.
<end of output>
Test time =   0.07 sec
----------------------------------------------------------
Test Passed.
"RedisLiteExistsTest.NonExistingKey" end time: Jul 09 15:50 India Standard Time
"RedisLiteExistsTest.NonExistingKey" time elapsed: 00:00:00
----------------------------------------------------------

10/201 Testing: RedisLiteExistsTest.ExistingKey
10/201 Test: RedisLiteExistsTest.ExistingKey
Command: "D:/Git pull/STL-Library/build/Tests.exe" "--gtest_filter=RedisLiteExistsTest.ExistingKey" "--gtest_also_run_disabled_tests"
Directory: D:/Git pull/STL-Library/build
"RedisLiteExistsTest.ExistingKey" start time: Jul 09 15:50 India Standard Time
Output:
----------------------------------------------------------
Note: Google Test filter = RedisLiteExistsTest.ExistingKey
[==========] Running 1 test from 1 test suite.
[----------] Global test environment set-up.
[----------] 1 test from RedisLiteExistsTest
[ RUN      ] RedisLiteExistsTest.ExistingKey
Ok
exists
[       OK ] RedisLiteExistsTest.ExistingKey (0 ms)
[----------] 1 test from RedisLiteExistsTest (0 ms total)

[----------] Global test environment tear-down
[==========] 1 test from 1 test suite ran. (0 ms total)
[  PASSED  ] 1 test.
<end of output>
Test time =   0.06 sec
----------------------------------------------------------
Test Passed.
"RedisLiteExistsTest.ExistingKey" end time: Jul 09 15:50 India Standard Time
"RedisLiteExistsTest.ExistingKey" time elapsed: 00:00:00
----------------------------------------------------------

11/201 Testing: RedisLiteDeleteTest.DeleteExistingKey
11/201 Test: RedisLiteDeleteTest.DeleteExistingKey
Command: "D:/Git pull/STL-Library/build/Tests.exe" "--gtest_filter=RedisLiteDeleteTest.DeleteExistingKey" "--gtest_also_run_disabled_tests"
Directory: D:/Git pull/STL-Library/build
"RedisLiteDeleteTest.DeleteExistingKey" start time: Jul 09 15:50 India Standard Time
Output:
----------------------------------------------------------
Note: Google Test filter = RedisLiteDeleteTest.DeleteExistingKey
[==========] Running 1 test from 1 test suite.
[----------] Global test environment set-up.
[----------] 1 test from RedisLiteDeleteTest
[ RUN      ] RedisLiteDeleteTest.DeleteExistingKey
Ok
Removed
Not exists
0
[       OK ] RedisLiteDeleteTest.DeleteExistingKey (0 ms)
[----------] 1 test from RedisLiteDeleteTest (0 ms total)

[----------] Global test environment tear-down
[==========] 1 test from 1 test suite ran. (0 ms total)
[  PASSED  ] 1 test.
<end of output>
Test time =   0.07 sec
----------------------------------------------------------
Test Passed.
"RedisLiteDeleteTest.DeleteExistingKey" end time: Jul 09 15:50 India Standard Time
"RedisLiteDeleteTest.DeleteExistingKey" time elapsed: 00:00:00
----------------------------------------------------------

12/201 Testing: RedisLiteDeleteTest.DeleteNonExistingKey
12/201 Test: RedisLiteDeleteTest.DeleteNonExistingKey
Command: "D:/Git pull/STL-Library/build/Tests.exe" "--gtest_filter=RedisLiteDeleteTest.DeleteNonExistingKey" "--gtest_also_run_disabled_tests"
Directory: D:/Git pull/STL-Library/build
"RedisLiteDeleteTest.DeleteNonExistingKey" start time: Jul 09 15:50 India Standard Time
Output:
----------------------------------------------------------
Note: Google Test filter = RedisLiteDeleteTest.DeleteNonExistingKey
[==========] Running 1 test from 1 test suite.
[----------] Global test environment set-up.
[----------] 1 test from RedisLiteDeleteTest
[ RUN      ] RedisLiteDeleteTest.DeleteNonExistingKey
Key not found! 
[       OK ] RedisLiteDeleteTest.DeleteNonExistingKey (0 ms)
[----------] 1 test from RedisLiteDeleteTest (0 ms total)

[----------] Global test environment tear-down
[==========] 1 test from 1 test suite ran. (0 ms total)
[  PASSED  ] 1 test.
<end of output>
Test time =   0.07 sec
----------------------------------------------------------
Test Passed.
"RedisLiteDeleteTest.DeleteNonExistingKey" end time: Jul 09 15:50 India Standard Time
"RedisLiteDeleteTest.DeleteNonExistingKey" time elapsed: 00:00:00
----------------------------------------------------------

13/201 Testing: RedisLiteClearTest.ClearDatabase
13/201 Test: RedisLiteClearTest.ClearDatabase
Command: "D:/Git pull/STL-Library/build/Tests.exe" "--gtest_filter=RedisLiteClearTest.ClearDatabase" "--gtest_also_run_disabled_tests"
Directory: D:/Git pull/STL-Library/build
"RedisLiteClearTest.ClearDatabase" start time: Jul 09 15:50 India Standard Time
Output:
----------------------------------------------------------
Note: Google Test filter = RedisLiteClearTest.ClearDatabase
[==========] Running 1 test from 1 test suite.
[----------] Global test environment set-up.
[----------] 1 test from RedisLiteClearTest
[ RUN      ] RedisLiteClearTest.ClearDatabase
Ok
Ok
Ok0
[       OK ] RedisLiteClearTest.ClearDatabase (0 ms)
[----------] 1 test from RedisLiteClearTest (0 ms total)

[----------] Global test environment tear-down
[==========] 1 test from 1 test suite ran. (0 ms total)
[  PASSED  ] 1 test.
<end of output>
Test time =   0.07 sec
----------------------------------------------------------
Test Passed.
"RedisLiteClearTest.ClearDatabase" end time: Jul 09 15:50 India Standard Time
"RedisLiteClearTest.ClearDatabase" time elapsed: 00:00:00
----------------------------------------------------------

14/201 Testing: RedisLiteClearTest.ClearEmptyDatabase
14/201 Test: RedisLiteClearTest.ClearEmptyDatabase
Command: "D:/Git pull/STL-Library/build/Tests.exe" "--gtest_filter=RedisLiteClearTest.ClearEmptyDatabase" "--gtest_also_run_disabled_tests"
Directory: D:/Git pull/STL-Library/build
"RedisLiteClearTest.ClearEmptyDatabase" start time: Jul 09 15:50 India Standard Time
Output:
----------------------------------------------------------
Note: Google Test filter = RedisLiteClearTest.ClearEmptyDatabase
[==========] Running 1 test from 1 test suite.
[----------] Global test environment set-up.
[----------] 1 test from RedisLiteClearTest
[ RUN      ] RedisLiteClearTest.ClearEmptyDatabase
Ok0
[       OK ] RedisLiteClearTest.ClearEmptyDatabase (0 ms)
[----------] 1 test from RedisLiteClearTest (0 ms total)

[----------] Global test environment tear-down
[==========] 1 test from 1 test suite ran. (0 ms total)
[  PASSED  ] 1 test.
<end of output>
Test time =   0.06 sec
----------------------------------------------------------
Test Passed.
"RedisLiteClearTest.ClearEmptyDatabase" end time: Jul 09 15:50 India Standard Time
"RedisLiteClearTest.ClearEmptyDatabase" time elapsed: 00:00:00
----------------------------------------------------------

15/201 Testing: RedisLiteSetTest.SetSingleKey
15/201 Test: RedisLiteSetTest.SetSingleKey
Command: "D:/Git pull/STL-Library/build/Tests.exe" "--gtest_filter=RedisLiteSetTest.SetSingleKey" "--gtest_also_run_disabled_tests"
Directory: D:/Git pull/STL-Library/build
"RedisLiteSetTest.SetSingleKey" start time: Jul 09 15:50 India Standard Time
Output:
----------------------------------------------------------
Note: Google Test filter = RedisLiteSetTest.SetSingleKey
[==========] Running 1 test from 1 test suite.
[----------] Global test environment set-up.
[----------] 1 test from RedisLiteSetTest
[ RUN      ] RedisLiteSetTest.SetSingleKey
Ok
1
exists
[       OK ] RedisLiteSetTest.SetSingleKey (0 ms)
[----------] 1 test from RedisLiteSetTest (0 ms total)

[----------] Global test environment tear-down
[==========] 1 test from 1 test suite ran. (0 ms total)
[  PASSED  ] 1 test.
<end of output>
Test time =   0.07 sec
----------------------------------------------------------
Test Passed.
"RedisLiteSetTest.SetSingleKey" end time: Jul 09 15:50 India Standard Time
"RedisLiteSetTest.SetSingleKey" time elapsed: 00:00:00
----------------------------------------------------------

16/201 Testing: RedisLiteSetTest.SetMultipleKeys
16/201 Test: RedisLiteSetTest.SetMultipleKeys
Command: "D:/Git pull/STL-Library/build/Tests.exe" "--gtest_filter=RedisLiteSetTest.SetMultipleKeys" "--gtest_also_run_disabled_tests"
Directory: D:/Git pull/STL-Library/build
"RedisLiteSetTest.SetMultipleKeys" start time: Jul 09 15:50 India Standard Time
Output:
----------------------------------------------------------
Note: Google Test filter = RedisLiteSetTest.SetMultipleKeys
[==========] Running 1 test from 1 test suite.
[----------] Global test environment set-up.
[----------] 1 test from RedisLiteSetTest
[ RUN      ] RedisLiteSetTest.SetMultipleKeys
Ok
Ok
Ok
3
[       OK ] RedisLiteSetTest.SetMultipleKeys (0 ms)
[----------] 1 test from RedisLiteSetTest (0 ms total)

[----------] Global test environment tear-down
[==========] 1 test from 1 test suite ran. (0 ms total)
[  PASSED  ] 1 test.
<end of output>
Test time =   0.06 sec
----------------------------------------------------------
Test Passed.
"RedisLiteSetTest.SetMultipleKeys" end time: Jul 09 15:50 India Standard Time
"RedisLiteSetTest.SetMultipleKeys" time elapsed: 00:00:00
----------------------------------------------------------

17/201 Testing: RedisLiteSetTest.UpdateExistingKey
17/201 Test: RedisLiteSetTest.UpdateExistingKey
Command: "D:/Git pull/STL-Library/build/Tests.exe" "--gtest_filter=RedisLiteSetTest.UpdateExistingKey" "--gtest_also_run_disabled_tests"
Directory: D:/Git pull/STL-Library/build
"RedisLiteSetTest.UpdateExistingKey" start time: Jul 09 15:50 India Standard Time
Output:
----------------------------------------------------------
Note: Google Test filter = RedisLiteSetTest.UpdateExistingKey
[==========] Running 1 test from 1 test suite.
[----------] Global test environment set-up.
[----------] 1 test from RedisLiteSetTest
[ RUN      ] RedisLiteSetTest.UpdateExistingKey
Ok
Ok
1
exists
[       OK ] RedisLiteSetTest.UpdateExistingKey (0 ms)
[----------] 1 test from RedisLiteSetTest (0 ms total)

[----------] Global test environment tear-down
[==========] 1 test from 1 test suite ran. (0 ms total)
[  PASSED  ] 1 test.
<end of output>
Test time =   0.06 sec
----------------------------------------------------------
Test Passed.
"RedisLiteSetTest.UpdateExistingKey" end time: Jul 09 15:50 India Standard Time
"RedisLiteSetTest.UpdateExistingKey" time elapsed: 00:00:00
----------------------------------------------------------

18/201 Testing: RedisLiteSetTest.SameKey
18/201 Test: RedisLiteSetTest.SameKey
Command: "D:/Git pull/STL-Library/build/Tests.exe" "--gtest_filter=RedisLiteSetTest.SameKey" "--gtest_also_run_disabled_tests"
Directory: D:/Git pull/STL-Library/build
"RedisLiteSetTest.SameKey" start time: Jul 09 15:50 India Standard Time
Output:
----------------------------------------------------------
Note: Google Test filter = RedisLiteSetTest.SameKey
[==========] Running 1 test from 1 test suite.
[----------] Global test environment set-up.
[----------] 1 test from RedisLiteSetTest
[ RUN      ] RedisLiteSetTest.SameKey
Ok
Ok
Ashish
[       OK ] RedisLiteSetTest.SameKey (0 ms)
[----------] 1 test from RedisLiteSetTest (0 ms total)

[----------] Global test environment tear-down
[==========] 1 test from 1 test suite ran. (0 ms total)
[  PASSED  ] 1 test.
<end of output>
Test time =   0.06 sec
----------------------------------------------------------
Test Passed.
"RedisLiteSetTest.SameKey" end time: Jul 09 15:50 India Standard Time
"RedisLiteSetTest.SameKey" time elapsed: 00:00:00
----------------------------------------------------------

19/201 Testing: RedisLiteConstructorTest.DefaultConstructor
19/201 Test: RedisLiteConstructorTest.DefaultConstructor
Command: "D:/Git pull/STL-Library/build/Tests.exe" "--gtest_filter=RedisLiteConstructorTest.DefaultConstructor" "--gtest_also_run_disabled_tests"
Directory: D:/Git pull/STL-Library/build
"RedisLiteConstructorTest.DefaultConstructor" start time: Jul 09 15:50 India Standard Time
Output:
----------------------------------------------------------
Note: Google Test filter = RedisLiteConstructorTest.DefaultConstructor
[==========] Running 1 test from 1 test suite.
[----------] Global test environment set-up.
[----------] 1 test from RedisLiteConstructorTest
[ RUN      ] RedisLiteConstructorTest.DefaultConstructor
0
[       OK ] RedisLiteConstructorTest.DefaultConstructor (0 ms)
[----------] 1 test from RedisLiteConstructorTest (0 ms total)

[----------] Global test environment tear-down
[==========] 1 test from 1 test suite ran. (0 ms total)
[  PASSED  ] 1 test.
<end of output>
Test time =   0.05 sec
----------------------------------------------------------
Test Passed.
"RedisLiteConstructorTest.DefaultConstructor" end time: Jul 09 15:50 India Standard Time
"RedisLiteConstructorTest.DefaultConstructor" time elapsed: 00:00:00
----------------------------------------------------------

20/201 Testing: HashMapGetKeysTest.EmptyHashMap
20/201 Test: HashMapGetKeysTest.EmptyHashMap
Command: "D:/Git pull/STL-Library/build/Tests.exe" "--gtest_filter=HashMapGetKeysTest.EmptyHashMap" "--gtest_also_run_disabled_tests"
Directory: D:/Git pull/STL-Library/build
"HashMapGetKeysTest.EmptyHashMap" start time: Jul 09 15:50 India Standard Time
Output:
----------------------------------------------------------
Note: Google Test filter = HashMapGetKeysTest.EmptyHashMap
[==========] Running 1 test from 1 test suite.
[----------] Global test environment set-up.
[----------] 1 test from HashMapGetKeysTest
[ RUN      ] HashMapGetKeysTest.EmptyHashMap
[       OK ] HashMapGetKeysTest.EmptyHashMap (0 ms)
[----------] 1 test from HashMapGetKeysTest (0 ms total)

[----------] Global test environment tear-down
[==========] 1 test from 1 test suite ran. (0 ms total)
[  PASSED  ] 1 test.
<end of output>
Test time =   0.05 sec
----------------------------------------------------------
Test Passed.
"HashMapGetKeysTest.EmptyHashMap" end time: Jul 09 15:50 India Standard Time
"HashMapGetKeysTest.EmptyHashMap" time elapsed: 00:00:00
----------------------------------------------------------

21/201 Testing: HashMapGetKeysTest.SingleElement
21/201 Test: HashMapGetKeysTest.SingleElement
Command: "D:/Git pull/STL-Library/build/Tests.exe" "--gtest_filter=HashMapGetKeysTest.SingleElement" "--gtest_also_run_disabled_tests"
Directory: D:/Git pull/STL-Library/build
"HashMapGetKeysTest.SingleElement" start time: Jul 09 15:50 India Standard Time
Output:
----------------------------------------------------------
Note: Google Test filter = HashMapGetKeysTest.SingleElement
[==========] Running 1 test from 1 test suite.
[----------] Global test environment set-up.
[----------] 1 test from HashMapGetKeysTest
[ RUN      ] HashMapGetKeysTest.SingleElement
[       OK ] HashMapGetKeysTest.SingleElement (0 ms)
[----------] 1 test from HashMapGetKeysTest (0 ms total)

[----------] Global test environment tear-down
[==========] 1 test from 1 test suite ran. (0 ms total)
[  PASSED  ] 1 test.
<end of output>
Test time =   0.06 sec
----------------------------------------------------------
Test Passed.
"HashMapGetKeysTest.SingleElement" end time: Jul 09 15:50 India Standard Time
"HashMapGetKeysTest.SingleElement" time elapsed: 00:00:00
----------------------------------------------------------

22/201 Testing: HashMapGetKeysTest.MultipleElements
22/201 Test: HashMapGetKeysTest.MultipleElements
Command: "D:/Git pull/STL-Library/build/Tests.exe" "--gtest_filter=HashMapGetKeysTest.MultipleElements" "--gtest_also_run_disabled_tests"
Directory: D:/Git pull/STL-Library/build
"HashMapGetKeysTest.MultipleElements" start time: Jul 09 15:50 India Standard Time
Output:
----------------------------------------------------------
Note: Google Test filter = HashMapGetKeysTest.MultipleElements
[==========] Running 1 test from 1 test suite.
[----------] Global test environment set-up.
[----------] 1 test from HashMapGetKeysTest
[ RUN      ] HashMapGetKeysTest.MultipleElements
[       OK ] HashMapGetKeysTest.MultipleElements (0 ms)
[----------] 1 test from HashMapGetKeysTest (0 ms total)

[----------] Global test environment tear-down
[==========] 1 test from 1 test suite ran. (0 ms total)
[  PASSED  ] 1 test.
<end of output>
Test time =   0.07 sec
----------------------------------------------------------
Test Passed.
"HashMapGetKeysTest.MultipleElements" end time: Jul 09 15:50 India Standard Time
"HashMapGetKeysTest.MultipleElements" time elapsed: 00:00:00
----------------------------------------------------------

23/201 Testing: HashMapGetKeysTest.DuplicateInsertUpdatesValue
23/201 Test: HashMapGetKeysTest.DuplicateInsertUpdatesValue
Command: "D:/Git pull/STL-Library/build/Tests.exe" "--gtest_filter=HashMapGetKeysTest.DuplicateInsertUpdatesValue" "--gtest_also_run_disabled_tests"
Directory: D:/Git pull/STL-Library/build
"HashMapGetKeysTest.DuplicateInsertUpdatesValue" start time: Jul 09 15:50 India Standard Time
Output:
----------------------------------------------------------
Note: Google Test filter = HashMapGetKeysTest.DuplicateInsertUpdatesValue
[==========] Running 1 test from 1 test suite.
[----------] Global test environment set-up.
[----------] 1 test from HashMapGetKeysTest
[ RUN      ] HashMapGetKeysTest.DuplicateInsertUpdatesValue
[       OK ] HashMapGetKeysTest.DuplicateInsertUpdatesValue (0 ms)
[----------] 1 test from HashMapGetKeysTest (0 ms total)

[----------] Global test environment tear-down
[==========] 1 test from 1 test suite ran. (0 ms total)
[  PASSED  ] 1 test.
<end of output>
Test time =   0.06 sec
----------------------------------------------------------
Test Passed.
"HashMapGetKeysTest.DuplicateInsertUpdatesValue" end time: Jul 09 15:50 India Standard Time
"HashMapGetKeysTest.DuplicateInsertUpdatesValue" time elapsed: 00:00:00
----------------------------------------------------------

24/201 Testing: HashMapGetKeysTest.IntegerKeys
24/201 Test: HashMapGetKeysTest.IntegerKeys
Command: "D:/Git pull/STL-Library/build/Tests.exe" "--gtest_filter=HashMapGetKeysTest.IntegerKeys" "--gtest_also_run_disabled_tests"
Directory: D:/Git pull/STL-Library/build
"HashMapGetKeysTest.IntegerKeys" start time: Jul 09 15:50 India Standard Time
Output:
----------------------------------------------------------
Note: Google Test filter = HashMapGetKeysTest.IntegerKeys
[==========] Running 1 test from 1 test suite.
[----------] Global test environment set-up.
[----------] 1 test from HashMapGetKeysTest
[ RUN      ] HashMapGetKeysTest.IntegerKeys
[       OK ] HashMapGetKeysTest.IntegerKeys (0 ms)
[----------] 1 test from HashMapGetKeysTest (0 ms total)

[----------] Global test environment tear-down
[==========] 1 test from 1 test suite ran. (0 ms total)
[  PASSED  ] 1 test.
<end of output>
Test time =   0.07 sec
----------------------------------------------------------
Test Passed.
"HashMapGetKeysTest.IntegerKeys" end time: Jul 09 15:50 India Standard Time
"HashMapGetKeysTest.IntegerKeys" time elapsed: 00:00:00
----------------------------------------------------------

25/201 Testing: HashMapGetTest.GetSingleElement
25/201 Test: HashMapGetTest.GetSingleElement
Command: "D:/Git pull/STL-Library/build/Tests.exe" "--gtest_filter=HashMapGetTest.GetSingleElement" "--gtest_also_run_disabled_tests"
Directory: D:/Git pull/STL-Library/build
"HashMapGetTest.GetSingleElement" start time: Jul 09 15:50 India Standard Time
Output:
----------------------------------------------------------
Note: Google Test filter = HashMapGetTest.GetSingleElement
[==========] Running 1 test from 1 test suite.
[----------] Global test environment set-up.
[----------] 1 test from HashMapGetTest
[ RUN      ] HashMapGetTest.GetSingleElement
[       OK ] HashMapGetTest.GetSingleElement (0 ms)
[----------] 1 test from HashMapGetTest (0 ms total)

[----------] Global test environment tear-down
[==========] 1 test from 1 test suite ran. (0 ms total)
[  PASSED  ] 1 test.
<end of output>
Test time =   0.07 sec
----------------------------------------------------------
Test Passed.
"HashMapGetTest.GetSingleElement" end time: Jul 09 15:50 India Standard Time
"HashMapGetTest.GetSingleElement" time elapsed: 00:00:00
----------------------------------------------------------

26/201 Testing: HashMapGetTest.GetMultipleElements
26/201 Test: HashMapGetTest.GetMultipleElements
Command: "D:/Git pull/STL-Library/build/Tests.exe" "--gtest_filter=HashMapGetTest.GetMultipleElements" "--gtest_also_run_disabled_tests"
Directory: D:/Git pull/STL-Library/build
"HashMapGetTest.GetMultipleElements" start time: Jul 09 15:50 India Standard Time
Output:
----------------------------------------------------------
Note: Google Test filter = HashMapGetTest.GetMultipleElements
[==========] Running 1 test from 1 test suite.
[----------] Global test environment set-up.
[----------] 1 test from HashMapGetTest
[ RUN      ] HashMapGetTest.GetMultipleElements
[       OK ] HashMapGetTest.GetMultipleElements (0 ms)
[----------] 1 test from HashMapGetTest (0 ms total)

[----------] Global test environment tear-down
[==========] 1 test from 1 test suite ran. (0 ms total)
[  PASSED  ] 1 test.
<end of output>
Test time =   0.06 sec
----------------------------------------------------------
Test Passed.
"HashMapGetTest.GetMultipleElements" end time: Jul 09 15:50 India Standard Time
"HashMapGetTest.GetMultipleElements" time elapsed: 00:00:00
----------------------------------------------------------

27/201 Testing: HashMapGetTest.GetUpdatedValue
27/201 Test: HashMapGetTest.GetUpdatedValue
Command: "D:/Git pull/STL-Library/build/Tests.exe" "--gtest_filter=HashMapGetTest.GetUpdatedValue" "--gtest_also_run_disabled_tests"
Directory: D:/Git pull/STL-Library/build
"HashMapGetTest.GetUpdatedValue" start time: Jul 09 15:50 India Standard Time
Output:
----------------------------------------------------------
Note: Google Test filter = HashMapGetTest.GetUpdatedValue
[==========] Running 1 test from 1 test suite.
[----------] Global test environment set-up.
[----------] 1 test from HashMapGetTest
[ RUN      ] HashMapGetTest.GetUpdatedValue
[       OK ] HashMapGetTest.GetUpdatedValue (0 ms)
[----------] 1 test from HashMapGetTest (0 ms total)

[----------] Global test environment tear-down
[==========] 1 test from 1 test suite ran. (0 ms total)
[  PASSED  ] 1 test.
<end of output>
Test time =   0.08 sec
----------------------------------------------------------
Test Passed.
"HashMapGetTest.GetUpdatedValue" end time: Jul 09 15:50 India Standard Time
"HashMapGetTest.GetUpdatedValue" time elapsed: 00:00:00
----------------------------------------------------------

28/201 Testing: HashMapGetTest.GetNegativeKey
28/201 Test: HashMapGetTest.GetNegativeKey
Command: "D:/Git pull/STL-Library/build/Tests.exe" "--gtest_filter=HashMapGetTest.GetNegativeKey" "--gtest_also_run_disabled_tests"
Directory: D:/Git pull/STL-Library/build
"HashMapGetTest.GetNegativeKey" start time: Jul 09 15:50 India Standard Time
Output:
----------------------------------------------------------
Note: Google Test filter = HashMapGetTest.GetNegativeKey
[==========] Running 1 test from 1 test suite.
[----------] Global test environment set-up.
[----------] 1 test from HashMapGetTest
[ RUN      ] HashMapGetTest.GetNegativeKey
[       OK ] HashMapGetTest.GetNegativeKey (0 ms)
[----------] 1 test from HashMapGetTest (0 ms total)

[----------] Global test environment tear-down
[==========] 1 test from 1 test suite ran. (0 ms total)
[  PASSED  ] 1 test.
<end of output>
Test time =   0.06 sec
----------------------------------------------------------
Test Passed.
"HashMapGetTest.GetNegativeKey" end time: Jul 09 15:50 India Standard Time
"HashMapGetTest.GetNegativeKey" time elapsed: 00:00:00
----------------------------------------------------------

29/201 Testing: HashMapGetTest.GetZeroKey
29/201 Test: HashMapGetTest.GetZeroKey
Command: "D:/Git pull/STL-Library/build/Tests.exe" "--gtest_filter=HashMapGetTest.GetZeroKey" "--gtest_also_run_disabled_tests"
Directory: D:/Git pull/STL-Library/build
"HashMapGetTest.GetZeroKey" start time: Jul 09 15:50 India Standard Time
Output:
----------------------------------------------------------
Note: Google Test filter = HashMapGetTest.GetZeroKey
[==========] Running 1 test from 1 test suite.
[----------] Global test environment set-up.
[----------] 1 test from HashMapGetTest
[ RUN      ] HashMapGetTest.GetZeroKey
[       OK ] HashMapGetTest.GetZeroKey (0 ms)
[----------] 1 test from HashMapGetTest (0 ms total)

[----------] Global test environment tear-down
[==========] 1 test from 1 test suite ran. (0 ms total)
[  PASSED  ] 1 test.
<end of output>
Test time =   0.10 sec
----------------------------------------------------------
Test Passed.
"HashMapGetTest.GetZeroKey" end time: Jul 09 15:50 India Standard Time
"HashMapGetTest.GetZeroKey" time elapsed: 00:00:00
----------------------------------------------------------

30/201 Testing: HashMapGetTest.GetStringKey
30/201 Test: HashMapGetTest.GetStringKey
Command: "D:/Git pull/STL-Library/build/Tests.exe" "--gtest_filter=HashMapGetTest.GetStringKey" "--gtest_also_run_disabled_tests"
Directory: D:/Git pull/STL-Library/build
"HashMapGetTest.GetStringKey" start time: Jul 09 15:50 India Standard Time
Output:
----------------------------------------------------------
Note: Google Test filter = HashMapGetTest.GetStringKey
[==========] Running 1 test from 1 test suite.
[----------] Global test environment set-up.
[----------] 1 test from HashMapGetTest
[ RUN      ] HashMapGetTest.GetStringKey
[       OK ] HashMapGetTest.GetStringKey (0 ms)
[----------] 1 test from HashMapGetTest (0 ms total)

[----------] Global test environment tear-down
[==========] 1 test from 1 test suite ran. (0 ms total)
[  PASSED  ] 1 test.
<end of output>
Test time =   0.09 sec
----------------------------------------------------------
Test Passed.
"HashMapGetTest.GetStringKey" end time: Jul 09 15:50 India Standard Time
"HashMapGetTest.GetStringKey" time elapsed: 00:00:00
----------------------------------------------------------

31/201 Testing: HashMapGetTest.GetLargeIntegerKeys
31/201 Test: HashMapGetTest.GetLargeIntegerKeys
Command: "D:/Git pull/STL-Library/build/Tests.exe" "--gtest_filter=HashMapGetTest.GetLargeIntegerKeys" "--gtest_also_run_disabled_tests"
Directory: D:/Git pull/STL-Library/build
"HashMapGetTest.GetLargeIntegerKeys" start time: Jul 09 15:50 India Standard Time
Output:
----------------------------------------------------------
Note: Google Test filter = HashMapGetTest.GetLargeIntegerKeys
[==========] Running 1 test from 1 test suite.
[----------] Global test environment set-up.
[----------] 1 test from HashMapGetTest
[ RUN      ] HashMapGetTest.GetLargeIntegerKeys
[       OK ] HashMapGetTest.GetLargeIntegerKeys (0 ms)
[----------] 1 test from HashMapGetTest (0 ms total)

[----------] Global test environment tear-down
[==========] 1 test from 1 test suite ran. (0 ms total)
[  PASSED  ] 1 test.
<end of output>
Test time =   0.06 sec
----------------------------------------------------------
Test Passed.
"HashMapGetTest.GetLargeIntegerKeys" end time: Jul 09 15:50 India Standard Time
"HashMapGetTest.GetLargeIntegerKeys" time elapsed: 00:00:00
----------------------------------------------------------

32/201 Testing: HashMapGetTest.GetEmptyStringKey
32/201 Test: HashMapGetTest.GetEmptyStringKey
Command: "D:/Git pull/STL-Library/build/Tests.exe" "--gtest_filter=HashMapGetTest.GetEmptyStringKey" "--gtest_also_run_disabled_tests"
Directory: D:/Git pull/STL-Library/build
"HashMapGetTest.GetEmptyStringKey" start time: Jul 09 15:50 India Standard Time
Output:
----------------------------------------------------------
Note: Google Test filter = HashMapGetTest.GetEmptyStringKey
[==========] Running 1 test from 1 test suite.
[----------] Global test environment set-up.
[----------] 1 test from HashMapGetTest
[ RUN      ] HashMapGetTest.GetEmptyStringKey
[       OK ] HashMapGetTest.GetEmptyStringKey (0 ms)
[----------] 1 test from HashMapGetTest (0 ms total)

[----------] Global test environment tear-down
[==========] 1 test from 1 test suite ran. (0 ms total)
[  PASSED  ] 1 test.
<end of output>
Test time =   0.06 sec
----------------------------------------------------------
Test Passed.
"HashMapGetTest.GetEmptyStringKey" end time: Jul 09 15:50 India Standard Time
"HashMapGetTest.GetEmptyStringKey" time elapsed: 00:00:00
----------------------------------------------------------

33/201 Testing: HashMapGetTest.GetAfterRehash
33/201 Test: HashMapGetTest.GetAfterRehash
Command: "D:/Git pull/STL-Library/build/Tests.exe" "--gtest_filter=HashMapGetTest.GetAfterRehash" "--gtest_also_run_disabled_tests"
Directory: D:/Git pull/STL-Library/build
"HashMapGetTest.GetAfterRehash" start time: Jul 09 15:50 India Standard Time
Output:
----------------------------------------------------------
Note: Google Test filter = HashMapGetTest.GetAfterRehash
[==========] Running 1 test from 1 test suite.
[----------] Global test environment set-up.
[----------] 1 test from HashMapGetTest
[ RUN      ] HashMapGetTest.GetAfterRehash
[       OK ] HashMapGetTest.GetAfterRehash (0 ms)
[----------] 1 test from HashMapGetTest (0 ms total)

[----------] Global test environment tear-down
[==========] 1 test from 1 test suite ran. (0 ms total)
[  PASSED  ] 1 test.
<end of output>
Test time =   0.06 sec
----------------------------------------------------------
Test Passed.
"HashMapGetTest.GetAfterRehash" end time: Jul 09 15:50 India Standard Time
"HashMapGetTest.GetAfterRehash" time elapsed: 00:00:00
----------------------------------------------------------

34/201 Testing: HashMapGetTest.GetNonExistingKeyThrows
34/201 Test: HashMapGetTest.GetNonExistingKeyThrows
Command: "D:/Git pull/STL-Library/build/Tests.exe" "--gtest_filter=HashMapGetTest.GetNonExistingKeyThrows" "--gtest_also_run_disabled_tests"
Directory: D:/Git pull/STL-Library/build
"HashMapGetTest.GetNonExistingKeyThrows" start time: Jul 09 15:50 India Standard Time
Output:
----------------------------------------------------------
Note: Google Test filter = HashMapGetTest.GetNonExistingKeyThrows
[==========] Running 1 test from 1 test suite.
[----------] Global test environment set-up.
[----------] 1 test from HashMapGetTest
[ RUN      ] HashMapGetTest.GetNonExistingKeyThrows
[       OK ] HashMapGetTest.GetNonExistingKeyThrows (0 ms)
[----------] 1 test from HashMapGetTest (0 ms total)

[----------] Global test environment tear-down
[==========] 1 test from 1 test suite ran. (0 ms total)
[  PASSED  ] 1 test.
<end of output>
Test time =   0.06 sec
----------------------------------------------------------
Test Passed.
"HashMapGetTest.GetNonExistingKeyThrows" end time: Jul 09 15:50 India Standard Time
"HashMapGetTest.GetNonExistingKeyThrows" time elapsed: 00:00:00
----------------------------------------------------------

35/201 Testing: HashMapGetTest.GetAfterRemoveThrows
35/201 Test: HashMapGetTest.GetAfterRemoveThrows
Command: "D:/Git pull/STL-Library/build/Tests.exe" "--gtest_filter=HashMapGetTest.GetAfterRemoveThrows" "--gtest_also_run_disabled_tests"
Directory: D:/Git pull/STL-Library/build
"HashMapGetTest.GetAfterRemoveThrows" start time: Jul 09 15:50 India Standard Time
Output:
----------------------------------------------------------
Note: Google Test filter = HashMapGetTest.GetAfterRemoveThrows
[==========] Running 1 test from 1 test suite.
[----------] Global test environment set-up.
[----------] 1 test from HashMapGetTest
[ RUN      ] HashMapGetTest.GetAfterRemoveThrows
[       OK ] HashMapGetTest.GetAfterRemoveThrows (0 ms)
[----------] 1 test from HashMapGetTest (0 ms total)

[----------] Global test environment tear-down
[==========] 1 test from 1 test suite ran. (0 ms total)
[  PASSED  ] 1 test.
<end of output>
Test time =   0.07 sec
----------------------------------------------------------
Test Passed.
"HashMapGetTest.GetAfterRemoveThrows" end time: Jul 09 15:50 India Standard Time
"HashMapGetTest.GetAfterRemoveThrows" time elapsed: 00:00:00
----------------------------------------------------------

36/201 Testing: HashMapGetTest.GetFromEmptyMapThrows
36/201 Test: HashMapGetTest.GetFromEmptyMapThrows
Command: "D:/Git pull/STL-Library/build/Tests.exe" "--gtest_filter=HashMapGetTest.GetFromEmptyMapThrows" "--gtest_also_run_disabled_tests"
Directory: D:/Git pull/STL-Library/build
"HashMapGetTest.GetFromEmptyMapThrows" start time: Jul 09 15:50 India Standard Time
Output:
----------------------------------------------------------
Note: Google Test filter = HashMapGetTest.GetFromEmptyMapThrows
[==========] Running 1 test from 1 test suite.
[----------] Global test environment set-up.
[----------] 1 test from HashMapGetTest
[ RUN      ] HashMapGetTest.GetFromEmptyMapThrows
[       OK ] HashMapGetTest.GetFromEmptyMapThrows (0 ms)
[----------] 1 test from HashMapGetTest (0 ms total)

[----------] Global test environment tear-down
[==========] 1 test from 1 test suite ran. (0 ms total)
[  PASSED  ] 1 test.
<end of output>
Test time =   0.07 sec
----------------------------------------------------------
Test Passed.
"HashMapGetTest.GetFromEmptyMapThrows" end time: Jul 09 15:50 India Standard Time
"HashMapGetTest.GetFromEmptyMapThrows" time elapsed: 00:00:00
----------------------------------------------------------

37/201 Testing: HashMapGetTest.GetMissingKeyAmongExistingKeysThrows
37/201 Test: HashMapGetTest.GetMissingKeyAmongExistingKeysThrows
Command: "D:/Git pull/STL-Library/build/Tests.exe" "--gtest_filter=HashMapGetTest.GetMissingKeyAmongExistingKeysThrows" "--gtest_also_run_disabled_tests"
Directory: D:/Git pull/STL-Library/build
"HashMapGetTest.GetMissingKeyAmongExistingKeysThrows" start time: Jul 09 15:50 India Standard Time
Output:
----------------------------------------------------------
Note: Google Test filter = HashMapGetTest.GetMissingKeyAmongExistingKeysThrows
[==========] Running 1 test from 1 test suite.
[----------] Global test environment set-up.
[----------] 1 test from HashMapGetTest
[ RUN      ] HashMapGetTest.GetMissingKeyAmongExistingKeysThrows
[       OK ] HashMapGetTest.GetMissingKeyAmongExistingKeysThrows (0 ms)
[----------] 1 test from HashMapGetTest (0 ms total)

[----------] Global test environment tear-down
[==========] 1 test from 1 test suite ran. (0 ms total)
[  PASSED  ] 1 test.
<end of output>
Test time =   0.08 sec
----------------------------------------------------------
Test Passed.
"HashMapGetTest.GetMissingKeyAmongExistingKeysThrows" end time: Jul 09 15:50 India Standard Time
"HashMapGetTest.GetMissingKeyAmongExistingKeysThrows" time elapsed: 00:00:00
----------------------------------------------------------

38/201 Testing: HashMapGetTest.GetDoesNotModifyMap
38/201 Test: HashMapGetTest.GetDoesNotModifyMap
Command: "D:/Git pull/STL-Library/build/Tests.exe" "--gtest_filter=HashMapGetTest.GetDoesNotModifyMap" "--gtest_also_run_disabled_tests"
Directory: D:/Git pull/STL-Library/build
"HashMapGetTest.GetDoesNotModifyMap" start time: Jul 09 15:50 India Standard Time
Output:
----------------------------------------------------------
Note: Google Test filter = HashMapGetTest.GetDoesNotModifyMap
[==========] Running 1 test from 1 test suite.
[----------] Global test environment set-up.
[----------] 1 test from HashMapGetTest
[ RUN      ] HashMapGetTest.GetDoesNotModifyMap
[       OK ] HashMapGetTest.GetDoesNotModifyMap (0 ms)
[----------] 1 test from HashMapGetTest (0 ms total)

[----------] Global test environment tear-down
[==========] 1 test from 1 test suite ran. (0 ms total)
[  PASSED  ] 1 test.
<end of output>
Test time =   0.10 sec
----------------------------------------------------------
Test Passed.
"HashMapGetTest.GetDoesNotModifyMap" end time: Jul 09 15:50 India Standard Time
"HashMapGetTest.GetDoesNotModifyMap" time elapsed: 00:00:00
----------------------------------------------------------

39/201 Testing: HashMapSizeTest.EmptyMapSizeIsZero
39/201 Test: HashMapSizeTest.EmptyMapSizeIsZero
Command: "D:/Git pull/STL-Library/build/Tests.exe" "--gtest_filter=HashMapSizeTest.EmptyMapSizeIsZero" "--gtest_also_run_disabled_tests"
Directory: D:/Git pull/STL-Library/build
"HashMapSizeTest.EmptyMapSizeIsZero" start time: Jul 09 15:50 India Standard Time
Output:
----------------------------------------------------------
Note: Google Test filter = HashMapSizeTest.EmptyMapSizeIsZero
[==========] Running 1 test from 1 test suite.
[----------] Global test environment set-up.
[----------] 1 test from HashMapSizeTest
[ RUN      ] HashMapSizeTest.EmptyMapSizeIsZero
[       OK ] HashMapSizeTest.EmptyMapSizeIsZero (0 ms)
[----------] 1 test from HashMapSizeTest (0 ms total)

[----------] Global test environment tear-down
[==========] 1 test from 1 test suite ran. (0 ms total)
[  PASSED  ] 1 test.
<end of output>
Test time =   0.10 sec
----------------------------------------------------------
Test Passed.
"HashMapSizeTest.EmptyMapSizeIsZero" end time: Jul 09 15:50 India Standard Time
"HashMapSizeTest.EmptyMapSizeIsZero" time elapsed: 00:00:00
----------------------------------------------------------

40/201 Testing: HashMapSizeTest.SizeAfterSingleInsert
40/201 Test: HashMapSizeTest.SizeAfterSingleInsert
Command: "D:/Git pull/STL-Library/build/Tests.exe" "--gtest_filter=HashMapSizeTest.SizeAfterSingleInsert" "--gtest_also_run_disabled_tests"
Directory: D:/Git pull/STL-Library/build
"HashMapSizeTest.SizeAfterSingleInsert" start time: Jul 09 15:50 India Standard Time
Output:
----------------------------------------------------------
Note: Google Test filter = HashMapSizeTest.SizeAfterSingleInsert
[==========] Running 1 test from 1 test suite.
[----------] Global test environment set-up.
[----------] 1 test from HashMapSizeTest
[ RUN      ] HashMapSizeTest.SizeAfterSingleInsert
[       OK ] HashMapSizeTest.SizeAfterSingleInsert (0 ms)
[----------] 1 test from HashMapSizeTest (0 ms total)

[----------] Global test environment tear-down
[==========] 1 test from 1 test suite ran. (0 ms total)
[  PASSED  ] 1 test.
<end of output>
Test time =   0.09 sec
----------------------------------------------------------
Test Passed.
"HashMapSizeTest.SizeAfterSingleInsert" end time: Jul 09 15:50 India Standard Time
"HashMapSizeTest.SizeAfterSingleInsert" time elapsed: 00:00:00
----------------------------------------------------------

41/201 Testing: HashMapSizeTest.SizeAfterMultipleInserts
41/201 Test: HashMapSizeTest.SizeAfterMultipleInserts
Command: "D:/Git pull/STL-Library/build/Tests.exe" "--gtest_filter=HashMapSizeTest.SizeAfterMultipleInserts" "--gtest_also_run_disabled_tests"
Directory: D:/Git pull/STL-Library/build
"HashMapSizeTest.SizeAfterMultipleInserts" start time: Jul 09 15:50 India Standard Time
Output:
----------------------------------------------------------
Note: Google Test filter = HashMapSizeTest.SizeAfterMultipleInserts
[==========] Running 1 test from 1 test suite.
[----------] Global test environment set-up.
[----------] 1 test from HashMapSizeTest
[ RUN      ] HashMapSizeTest.SizeAfterMultipleInserts
[       OK ] HashMapSizeTest.SizeAfterMultipleInserts (0 ms)
[----------] 1 test from HashMapSizeTest (0 ms total)

[----------] Global test environment tear-down
[==========] 1 test from 1 test suite ran. (0 ms total)
[  PASSED  ] 1 test.
<end of output>
Test time =   0.07 sec
----------------------------------------------------------
Test Passed.
"HashMapSizeTest.SizeAfterMultipleInserts" end time: Jul 09 15:50 India Standard Time
"HashMapSizeTest.SizeAfterMultipleInserts" time elapsed: 00:00:00
----------------------------------------------------------

42/201 Testing: HashMapSizeTest.DuplicateKeyDoesNotIncreaseSize
42/201 Test: HashMapSizeTest.DuplicateKeyDoesNotIncreaseSize
Command: "D:/Git pull/STL-Library/build/Tests.exe" "--gtest_filter=HashMapSizeTest.DuplicateKeyDoesNotIncreaseSize" "--gtest_also_run_disabled_tests"
Directory: D:/Git pull/STL-Library/build
"HashMapSizeTest.DuplicateKeyDoesNotIncreaseSize" start time: Jul 09 15:50 India Standard Time
Output:
----------------------------------------------------------
Note: Google Test filter = HashMapSizeTest.DuplicateKeyDoesNotIncreaseSize
[==========] Running 1 test from 1 test suite.
[----------] Global test environment set-up.
[----------] 1 test from HashMapSizeTest
[ RUN      ] HashMapSizeTest.DuplicateKeyDoesNotIncreaseSize
[       OK ] HashMapSizeTest.DuplicateKeyDoesNotIncreaseSize (0 ms)
[----------] 1 test from HashMapSizeTest (0 ms total)

[----------] Global test environment tear-down
[==========] 1 test from 1 test suite ran. (0 ms total)
[  PASSED  ] 1 test.
<end of output>
Test time =   0.07 sec
----------------------------------------------------------
Test Passed.
"HashMapSizeTest.DuplicateKeyDoesNotIncreaseSize" end time: Jul 09 15:50 India Standard Time
"HashMapSizeTest.DuplicateKeyDoesNotIncreaseSize" time elapsed: 00:00:00
----------------------------------------------------------

43/201 Testing: HashMapSizeTest.SizeAfterRemove
43/201 Test: HashMapSizeTest.SizeAfterRemove
Command: "D:/Git pull/STL-Library/build/Tests.exe" "--gtest_filter=HashMapSizeTest.SizeAfterRemove" "--gtest_also_run_disabled_tests"
Directory: D:/Git pull/STL-Library/build
"HashMapSizeTest.SizeAfterRemove" start time: Jul 09 15:50 India Standard Time
Output:
----------------------------------------------------------
Note: Google Test filter = HashMapSizeTest.SizeAfterRemove
[==========] Running 1 test from 1 test suite.
[----------] Global test environment set-up.
[----------] 1 test from HashMapSizeTest
[ RUN      ] HashMapSizeTest.SizeAfterRemove
[       OK ] HashMapSizeTest.SizeAfterRemove (0 ms)
[----------] 1 test from HashMapSizeTest (0 ms total)

[----------] Global test environment tear-down
[==========] 1 test from 1 test suite ran. (0 ms total)
[  PASSED  ] 1 test.
<end of output>
Test time =   0.07 sec
----------------------------------------------------------
Test Passed.
"HashMapSizeTest.SizeAfterRemove" end time: Jul 09 15:50 India Standard Time
"HashMapSizeTest.SizeAfterRemove" time elapsed: 00:00:00
----------------------------------------------------------

44/201 Testing: HashMapSizeTest.SizeAfterClear
44/201 Test: HashMapSizeTest.SizeAfterClear
Command: "D:/Git pull/STL-Library/build/Tests.exe" "--gtest_filter=HashMapSizeTest.SizeAfterClear" "--gtest_also_run_disabled_tests"
Directory: D:/Git pull/STL-Library/build
"HashMapSizeTest.SizeAfterClear" start time: Jul 09 15:50 India Standard Time
Output:
----------------------------------------------------------
Note: Google Test filter = HashMapSizeTest.SizeAfterClear
[==========] Running 1 test from 1 test suite.
[----------] Global test environment set-up.
[----------] 1 test from HashMapSizeTest
[ RUN      ] HashMapSizeTest.SizeAfterClear
[       OK ] HashMapSizeTest.SizeAfterClear (0 ms)
[----------] 1 test from HashMapSizeTest (0 ms total)

[----------] Global test environment tear-down
[==========] 1 test from 1 test suite ran. (0 ms total)
[  PASSED  ] 1 test.
<end of output>
Test time =   0.10 sec
----------------------------------------------------------
Test Passed.
"HashMapSizeTest.SizeAfterClear" end time: Jul 09 15:50 India Standard Time
"HashMapSizeTest.SizeAfterClear" time elapsed: 00:00:00
----------------------------------------------------------

45/201 Testing: HashMapCapacityTest.DefaultCapacity
45/201 Test: HashMapCapacityTest.DefaultCapacity
Command: "D:/Git pull/STL-Library/build/Tests.exe" "--gtest_filter=HashMapCapacityTest.DefaultCapacity" "--gtest_also_run_disabled_tests"
Directory: D:/Git pull/STL-Library/build
"HashMapCapacityTest.DefaultCapacity" start time: Jul 09 15:50 India Standard Time
Output:
----------------------------------------------------------
Note: Google Test filter = HashMapCapacityTest.DefaultCapacity
[==========] Running 1 test from 1 test suite.
[----------] Global test environment set-up.
[----------] 1 test from HashMapCapacityTest
[ RUN      ] HashMapCapacityTest.DefaultCapacity
[       OK ] HashMapCapacityTest.DefaultCapacity (0 ms)
[----------] 1 test from HashMapCapacityTest (0 ms total)

[----------] Global test environment tear-down
[==========] 1 test from 1 test suite ran. (0 ms total)
[  PASSED  ] 1 test.
<end of output>
Test time =   0.12 sec
----------------------------------------------------------
Test Passed.
"HashMapCapacityTest.DefaultCapacity" end time: Jul 09 15:50 India Standard Time
"HashMapCapacityTest.DefaultCapacity" time elapsed: 00:00:00
----------------------------------------------------------

46/201 Testing: HashMapCapacityTest.CustomCapacity
46/201 Test: HashMapCapacityTest.CustomCapacity
Command: "D:/Git pull/STL-Library/build/Tests.exe" "--gtest_filter=HashMapCapacityTest.CustomCapacity" "--gtest_also_run_disabled_tests"
Directory: D:/Git pull/STL-Library/build
"HashMapCapacityTest.CustomCapacity" start time: Jul 09 15:50 India Standard Time
Output:
----------------------------------------------------------
Note: Google Test filter = HashMapCapacityTest.CustomCapacity
[==========] Running 1 test from 1 test suite.
[----------] Global test environment set-up.
[----------] 1 test from HashMapCapacityTest
[ RUN      ] HashMapCapacityTest.CustomCapacity
[       OK ] HashMapCapacityTest.CustomCapacity (0 ms)
[----------] 1 test from HashMapCapacityTest (0 ms total)

[----------] Global test environment tear-down
[==========] 1 test from 1 test suite ran. (0 ms total)
[  PASSED  ] 1 test.
<end of output>
Test time =   0.06 sec
----------------------------------------------------------
Test Passed.
"HashMapCapacityTest.CustomCapacity" end time: Jul 09 15:50 India Standard Time
"HashMapCapacityTest.CustomCapacity" time elapsed: 00:00:00
----------------------------------------------------------

47/201 Testing: HashMapCapacityTest.CapacityAfterInsertWithoutRehash
47/201 Test: HashMapCapacityTest.CapacityAfterInsertWithoutRehash
Command: "D:/Git pull/STL-Library/build/Tests.exe" "--gtest_filter=HashMapCapacityTest.CapacityAfterInsertWithoutRehash" "--gtest_also_run_disabled_tests"
Directory: D:/Git pull/STL-Library/build
"HashMapCapacityTest.CapacityAfterInsertWithoutRehash" start time: Jul 09 15:50 India Standard Time
Output:
----------------------------------------------------------
Note: Google Test filter = HashMapCapacityTest.CapacityAfterInsertWithoutRehash
[==========] Running 1 test from 1 test suite.
[----------] Global test environment set-up.
[----------] 1 test from HashMapCapacityTest
[ RUN      ] HashMapCapacityTest.CapacityAfterInsertWithoutRehash
[       OK ] HashMapCapacityTest.CapacityAfterInsertWithoutRehash (0 ms)
[----------] 1 test from HashMapCapacityTest (0 ms total)

[----------] Global test environment tear-down
[==========] 1 test from 1 test suite ran. (0 ms total)
[  PASSED  ] 1 test.
<end of output>
Test time =   0.06 sec
----------------------------------------------------------
Test Passed.
"HashMapCapacityTest.CapacityAfterInsertWithoutRehash" end time: Jul 09 15:50 India Standard Time
"HashMapCapacityTest.CapacityAfterInsertWithoutRehash" time elapsed: 00:00:00
----------------------------------------------------------

48/201 Testing: HashMapCapacityTest.CapacityAfterRehash
48/201 Test: HashMapCapacityTest.CapacityAfterRehash
Command: "D:/Git pull/STL-Library/build/Tests.exe" "--gtest_filter=HashMapCapacityTest.CapacityAfterRehash" "--gtest_also_run_disabled_tests"
Directory: D:/Git pull/STL-Library/build
"HashMapCapacityTest.CapacityAfterRehash" start time: Jul 09 15:50 India Standard Time
Output:
----------------------------------------------------------
Note: Google Test filter = HashMapCapacityTest.CapacityAfterRehash
[==========] Running 1 test from 1 test suite.
[----------] Global test environment set-up.
[----------] 1 test from HashMapCapacityTest
[ RUN      ] HashMapCapacityTest.CapacityAfterRehash
[       OK ] HashMapCapacityTest.CapacityAfterRehash (0 ms)
[----------] 1 test from HashMapCapacityTest (0 ms total)

[----------] Global test environment tear-down
[==========] 1 test from 1 test suite ran. (0 ms total)
[  PASSED  ] 1 test.
<end of output>
Test time =   0.06 sec
----------------------------------------------------------
Test Passed.
"HashMapCapacityTest.CapacityAfterRehash" end time: Jul 09 15:50 India Standard Time
"HashMapCapacityTest.CapacityAfterRehash" time elapsed: 00:00:00
----------------------------------------------------------

49/201 Testing: HashMapRehashTest.CapacityDoublesAfterThreshold
49/201 Test: HashMapRehashTest.CapacityDoublesAfterThreshold
Command: "D:/Git pull/STL-Library/build/Tests.exe" "--gtest_filter=HashMapRehashTest.CapacityDoublesAfterThreshold" "--gtest_also_run_disabled_tests"
Directory: D:/Git pull/STL-Library/build
"HashMapRehashTest.CapacityDoublesAfterThreshold" start time: Jul 09 15:50 India Standard Time
Output:
----------------------------------------------------------
Note: Google Test filter = HashMapRehashTest.CapacityDoublesAfterThreshold
[==========] Running 1 test from 1 test suite.
[----------] Global test environment set-up.
[----------] 1 test from HashMapRehashTest
[ RUN      ] HashMapRehashTest.CapacityDoublesAfterThreshold
[       OK ] HashMapRehashTest.CapacityDoublesAfterThreshold (0 ms)
[----------] 1 test from HashMapRehashTest (0 ms total)

[----------] Global test environment tear-down
[==========] 1 test from 1 test suite ran. (0 ms total)
[  PASSED  ] 1 test.
<end of output>
Test time =   0.06 sec
----------------------------------------------------------
Test Passed.
"HashMapRehashTest.CapacityDoublesAfterThreshold" end time: Jul 09 15:50 India Standard Time
"HashMapRehashTest.CapacityDoublesAfterThreshold" time elapsed: 00:00:00
----------------------------------------------------------

50/201 Testing: HashMapRehashTest.AllElementsRemainAfterRehash
50/201 Test: HashMapRehashTest.AllElementsRemainAfterRehash
Command: "D:/Git pull/STL-Library/build/Tests.exe" "--gtest_filter=HashMapRehashTest.AllElementsRemainAfterRehash" "--gtest_also_run_disabled_tests"
Directory: D:/Git pull/STL-Library/build
"HashMapRehashTest.AllElementsRemainAfterRehash" start time: Jul 09 15:50 India Standard Time
Output:
----------------------------------------------------------
Note: Google Test filter = HashMapRehashTest.AllElementsRemainAfterRehash
[==========] Running 1 test from 1 test suite.
[----------] Global test environment set-up.
[----------] 1 test from HashMapRehashTest
[ RUN      ] HashMapRehashTest.AllElementsRemainAfterRehash
[       OK ] HashMapRehashTest.AllElementsRemainAfterRehash (0 ms)
[----------] 1 test from HashMapRehashTest (0 ms total)

[----------] Global test environment tear-down
[==========] 1 test from 1 test suite ran. (0 ms total)
[  PASSED  ] 1 test.
<end of output>
Test time =   0.08 sec
----------------------------------------------------------
Test Passed.
"HashMapRehashTest.AllElementsRemainAfterRehash" end time: Jul 09 15:50 India Standard Time
"HashMapRehashTest.AllElementsRemainAfterRehash" time elapsed: 00:00:00
----------------------------------------------------------

51/201 Testing: HashMapRehashTest.LoadFactorAfterRehash
51/201 Test: HashMapRehashTest.LoadFactorAfterRehash
Command: "D:/Git pull/STL-Library/build/Tests.exe" "--gtest_filter=HashMapRehashTest.LoadFactorAfterRehash" "--gtest_also_run_disabled_tests"
Directory: D:/Git pull/STL-Library/build
"HashMapRehashTest.LoadFactorAfterRehash" start time: Jul 09 15:50 India Standard Time
Output:
----------------------------------------------------------
Note: Google Test filter = HashMapRehashTest.LoadFactorAfterRehash
[==========] Running 1 test from 1 test suite.
[----------] Global test environment set-up.
[----------] 1 test from HashMapRehashTest
[ RUN      ] HashMapRehashTest.LoadFactorAfterRehash
[       OK ] HashMapRehashTest.LoadFactorAfterRehash (0 ms)
[----------] 1 test from HashMapRehashTest (0 ms total)

[----------] Global test environment tear-down
[==========] 1 test from 1 test suite ran. (0 ms total)
[  PASSED  ] 1 test.
<end of output>
Test time =   0.07 sec
----------------------------------------------------------
Test Passed.
"HashMapRehashTest.LoadFactorAfterRehash" end time: Jul 09 15:50 India Standard Time
"HashMapRehashTest.LoadFactorAfterRehash" time elapsed: 00:00:00
----------------------------------------------------------

52/201 Testing: HashMapRehashTest.DuplicateKeyDoesNotTriggerExtraRehash
52/201 Test: HashMapRehashTest.DuplicateKeyDoesNotTriggerExtraRehash
Command: "D:/Git pull/STL-Library/build/Tests.exe" "--gtest_filter=HashMapRehashTest.DuplicateKeyDoesNotTriggerExtraRehash" "--gtest_also_run_disabled_tests"
Directory: D:/Git pull/STL-Library/build
"HashMapRehashTest.DuplicateKeyDoesNotTriggerExtraRehash" start time: Jul 09 15:50 India Standard Time
Output:
----------------------------------------------------------
Note: Google Test filter = HashMapRehashTest.DuplicateKeyDoesNotTriggerExtraRehash
[==========] Running 1 test from 1 test suite.
[----------] Global test environment set-up.
[----------] 1 test from HashMapRehashTest
[ RUN      ] HashMapRehashTest.DuplicateKeyDoesNotTriggerExtraRehash
[       OK ] HashMapRehashTest.DuplicateKeyDoesNotTriggerExtraRehash (0 ms)
[----------] 1 test from HashMapRehashTest (0 ms total)

[----------] Global test environment tear-down
[==========] 1 test from 1 test suite ran. (0 ms total)
[  PASSED  ] 1 test.
<end of output>
Test time =   0.08 sec
----------------------------------------------------------
Test Passed.
"HashMapRehashTest.DuplicateKeyDoesNotTriggerExtraRehash" end time: Jul 09 15:50 India Standard Time
"HashMapRehashTest.DuplicateKeyDoesNotTriggerExtraRehash" time elapsed: 00:00:00
----------------------------------------------------------

53/201 Testing: HashMapRehashTest.MultipleRehashes
53/201 Test: HashMapRehashTest.MultipleRehashes
Command: "D:/Git pull/STL-Library/build/Tests.exe" "--gtest_filter=HashMapRehashTest.MultipleRehashes" "--gtest_also_run_disabled_tests"
Directory: D:/Git pull/STL-Library/build
"HashMapRehashTest.MultipleRehashes" start time: Jul 09 15:50 India Standard Time
Output:
----------------------------------------------------------
Note: Google Test filter = HashMapRehashTest.MultipleRehashes
[==========] Running 1 test from 1 test suite.
[----------] Global test environment set-up.
[----------] 1 test from HashMapRehashTest
[ RUN      ] HashMapRehashTest.MultipleRehashes
[       OK ] HashMapRehashTest.MultipleRehashes (0 ms)
[----------] 1 test from HashMapRehashTest (0 ms total)

[----------] Global test environment tear-down
[==========] 1 test from 1 test suite ran. (0 ms total)
[  PASSED  ] 1 test.
<end of output>
Test time =   0.08 sec
----------------------------------------------------------
Test Passed.
"HashMapRehashTest.MultipleRehashes" end time: Jul 09 15:50 India Standard Time
"HashMapRehashTest.MultipleRehashes" time elapsed: 00:00:00
----------------------------------------------------------

54/201 Testing: HashMapRehashTest.RehashPreservesUpdatedValues
54/201 Test: HashMapRehashTest.RehashPreservesUpdatedValues
Command: "D:/Git pull/STL-Library/build/Tests.exe" "--gtest_filter=HashMapRehashTest.RehashPreservesUpdatedValues" "--gtest_also_run_disabled_tests"
Directory: D:/Git pull/STL-Library/build
"HashMapRehashTest.RehashPreservesUpdatedValues" start time: Jul 09 15:50 India Standard Time
Output:
----------------------------------------------------------
Note: Google Test filter = HashMapRehashTest.RehashPreservesUpdatedValues
[==========] Running 1 test from 1 test suite.
[----------] Global test environment set-up.
[----------] 1 test from HashMapRehashTest
[ RUN      ] HashMapRehashTest.RehashPreservesUpdatedValues
[       OK ] HashMapRehashTest.RehashPreservesUpdatedValues (0 ms)
[----------] 1 test from HashMapRehashTest (0 ms total)

[----------] Global test environment tear-down
[==========] 1 test from 1 test suite ran. (0 ms total)
[  PASSED  ] 1 test.
<end of output>
Test time =   0.07 sec
----------------------------------------------------------
Test Passed.
"HashMapRehashTest.RehashPreservesUpdatedValues" end time: Jul 09 15:50 India Standard Time
"HashMapRehashTest.RehashPreservesUpdatedValues" time elapsed: 00:00:00
----------------------------------------------------------

55/201 Testing: HashMapRehashTest.RehashPreservesNegativeKeys
55/201 Test: HashMapRehashTest.RehashPreservesNegativeKeys
Command: "D:/Git pull/STL-Library/build/Tests.exe" "--gtest_filter=HashMapRehashTest.RehashPreservesNegativeKeys" "--gtest_also_run_disabled_tests"
Directory: D:/Git pull/STL-Library/build
"HashMapRehashTest.RehashPreservesNegativeKeys" start time: Jul 09 15:50 India Standard Time
Output:
----------------------------------------------------------
Note: Google Test filter = HashMapRehashTest.RehashPreservesNegativeKeys
[==========] Running 1 test from 1 test suite.
[----------] Global test environment set-up.
[----------] 1 test from HashMapRehashTest
[ RUN      ] HashMapRehashTest.RehashPreservesNegativeKeys
[       OK ] HashMapRehashTest.RehashPreservesNegativeKeys (0 ms)
[----------] 1 test from HashMapRehashTest (0 ms total)

[----------] Global test environment tear-down
[==========] 1 test from 1 test suite ran. (0 ms total)
[  PASSED  ] 1 test.
<end of output>
Test time =   0.07 sec
----------------------------------------------------------
Test Passed.
"HashMapRehashTest.RehashPreservesNegativeKeys" end time: Jul 09 15:50 India Standard Time
"HashMapRehashTest.RehashPreservesNegativeKeys" time elapsed: 00:00:00
----------------------------------------------------------

56/201 Testing: HashMapRehashTest.RehashPreservesZeroKey
56/201 Test: HashMapRehashTest.RehashPreservesZeroKey
Command: "D:/Git pull/STL-Library/build/Tests.exe" "--gtest_filter=HashMapRehashTest.RehashPreservesZeroKey" "--gtest_also_run_disabled_tests"
Directory: D:/Git pull/STL-Library/build
"HashMapRehashTest.RehashPreservesZeroKey" start time: Jul 09 15:50 India Standard Time
Output:
----------------------------------------------------------
Note: Google Test filter = HashMapRehashTest.RehashPreservesZeroKey
[==========] Running 1 test from 1 test suite.
[----------] Global test environment set-up.
[----------] 1 test from HashMapRehashTest
[ RUN      ] HashMapRehashTest.RehashPreservesZeroKey
[       OK ] HashMapRehashTest.RehashPreservesZeroKey (0 ms)
[----------] 1 test from HashMapRehashTest (0 ms total)

[----------] Global test environment tear-down
[==========] 1 test from 1 test suite ran. (0 ms total)
[  PASSED  ] 1 test.
<end of output>
Test time =   0.07 sec
----------------------------------------------------------
Test Passed.
"HashMapRehashTest.RehashPreservesZeroKey" end time: Jul 09 15:50 India Standard Time
"HashMapRehashTest.RehashPreservesZeroKey" time elapsed: 00:00:00
----------------------------------------------------------

57/201 Testing: HashMapRehashTest.RehashDoesNotChangeSize
57/201 Test: HashMapRehashTest.RehashDoesNotChangeSize
Command: "D:/Git pull/STL-Library/build/Tests.exe" "--gtest_filter=HashMapRehashTest.RehashDoesNotChangeSize" "--gtest_also_run_disabled_tests"
Directory: D:/Git pull/STL-Library/build
"HashMapRehashTest.RehashDoesNotChangeSize" start time: Jul 09 15:50 India Standard Time
Output:
----------------------------------------------------------
Note: Google Test filter = HashMapRehashTest.RehashDoesNotChangeSize
[==========] Running 1 test from 1 test suite.
[----------] Global test environment set-up.
[----------] 1 test from HashMapRehashTest
[ RUN      ] HashMapRehashTest.RehashDoesNotChangeSize
[       OK ] HashMapRehashTest.RehashDoesNotChangeSize (0 ms)
[----------] 1 test from HashMapRehashTest (0 ms total)

[----------] Global test environment tear-down
[==========] 1 test from 1 test suite ran. (0 ms total)
[  PASSED  ] 1 test.
<end of output>
Test time =   0.06 sec
----------------------------------------------------------
Test Passed.
"HashMapRehashTest.RehashDoesNotChangeSize" end time: Jul 09 15:50 India Standard Time
"HashMapRehashTest.RehashDoesNotChangeSize" time elapsed: 00:00:00
----------------------------------------------------------

58/201 Testing: HashMapRehashTest.CapacityDoesNotGrowBeforeThreshold
58/201 Test: HashMapRehashTest.CapacityDoesNotGrowBeforeThreshold
Command: "D:/Git pull/STL-Library/build/Tests.exe" "--gtest_filter=HashMapRehashTest.CapacityDoesNotGrowBeforeThreshold" "--gtest_also_run_disabled_tests"
Directory: D:/Git pull/STL-Library/build
"HashMapRehashTest.CapacityDoesNotGrowBeforeThreshold" start time: Jul 09 15:50 India Standard Time
Output:
----------------------------------------------------------
Note: Google Test filter = HashMapRehashTest.CapacityDoesNotGrowBeforeThreshold
[==========] Running 1 test from 1 test suite.
[----------] Global test environment set-up.
[----------] 1 test from HashMapRehashTest
[ RUN      ] HashMapRehashTest.CapacityDoesNotGrowBeforeThreshold
[       OK ] HashMapRehashTest.CapacityDoesNotGrowBeforeThreshold (0 ms)
[----------] 1 test from HashMapRehashTest (0 ms total)

[----------] Global test environment tear-down
[==========] 1 test from 1 test suite ran. (0 ms total)
[  PASSED  ] 1 test.
<end of output>
Test time =   0.06 sec
----------------------------------------------------------
Test Passed.
"HashMapRehashTest.CapacityDoesNotGrowBeforeThreshold" end time: Jul 09 15:50 India Standard Time
"HashMapRehashTest.CapacityDoesNotGrowBeforeThreshold" time elapsed: 00:00:00
----------------------------------------------------------

59/201 Testing: HashMapRehashTest.InsertWorksAfterRehash
59/201 Test: HashMapRehashTest.InsertWorksAfterRehash
Command: "D:/Git pull/STL-Library/build/Tests.exe" "--gtest_filter=HashMapRehashTest.InsertWorksAfterRehash" "--gtest_also_run_disabled_tests"
Directory: D:/Git pull/STL-Library/build
"HashMapRehashTest.InsertWorksAfterRehash" start time: Jul 09 15:50 India Standard Time
Output:
----------------------------------------------------------
Note: Google Test filter = HashMapRehashTest.InsertWorksAfterRehash
[==========] Running 1 test from 1 test suite.
[----------] Global test environment set-up.
[----------] 1 test from HashMapRehashTest
[ RUN      ] HashMapRehashTest.InsertWorksAfterRehash
[       OK ] HashMapRehashTest.InsertWorksAfterRehash (0 ms)
[----------] 1 test from HashMapRehashTest (0 ms total)

[----------] Global test environment tear-down
[==========] 1 test from 1 test suite ran. (0 ms total)
[  PASSED  ] 1 test.
<end of output>
Test time =   0.06 sec
----------------------------------------------------------
Test Passed.
"HashMapRehashTest.InsertWorksAfterRehash" end time: Jul 09 15:50 India Standard Time
"HashMapRehashTest.InsertWorksAfterRehash" time elapsed: 00:00:00
----------------------------------------------------------

60/201 Testing: HashMapRehashTest.ConsecutiveRehashesPreserveData
60/201 Test: HashMapRehashTest.ConsecutiveRehashesPreserveData
Command: "D:/Git pull/STL-Library/build/Tests.exe" "--gtest_filter=HashMapRehashTest.ConsecutiveRehashesPreserveData" "--gtest_also_run_disabled_tests"
Directory: D:/Git pull/STL-Library/build
"HashMapRehashTest.ConsecutiveRehashesPreserveData" start time: Jul 09 15:50 India Standard Time
Output:
----------------------------------------------------------
Note: Google Test filter = HashMapRehashTest.ConsecutiveRehashesPreserveData
[==========] Running 1 test from 1 test suite.
[----------] Global test environment set-up.
[----------] 1 test from HashMapRehashTest
[ RUN      ] HashMapRehashTest.ConsecutiveRehashesPreserveData
[       OK ] HashMapRehashTest.ConsecutiveRehashesPreserveData (0 ms)
[----------] 1 test from HashMapRehashTest (0 ms total)

[----------] Global test environment tear-down
[==========] 1 test from 1 test suite ran. (0 ms total)
[  PASSED  ] 1 test.
<end of output>
Test time =   0.06 sec
----------------------------------------------------------
Test Passed.
"HashMapRehashTest.ConsecutiveRehashesPreserveData" end time: Jul 09 15:50 India Standard Time
"HashMapRehashTest.ConsecutiveRehashesPreserveData" time elapsed: 00:00:00
----------------------------------------------------------

61/201 Testing: HashMapClearTest.ClearEmptyMap
61/201 Test: HashMapClearTest.ClearEmptyMap
Command: "D:/Git pull/STL-Library/build/Tests.exe" "--gtest_filter=HashMapClearTest.ClearEmptyMap" "--gtest_also_run_disabled_tests"
Directory: D:/Git pull/STL-Library/build
"HashMapClearTest.ClearEmptyMap" start time: Jul 09 15:50 India Standard Time
Output:
----------------------------------------------------------
Note: Google Test filter = HashMapClearTest.ClearEmptyMap
[==========] Running 1 test from 1 test suite.
[----------] Global test environment set-up.
[----------] 1 test from HashMapClearTest
[ RUN      ] HashMapClearTest.ClearEmptyMap
[       OK ] HashMapClearTest.ClearEmptyMap (0 ms)
[----------] 1 test from HashMapClearTest (0 ms total)

[----------] Global test environment tear-down
[==========] 1 test from 1 test suite ran. (0 ms total)
[  PASSED  ] 1 test.
<end of output>
Test time =   0.07 sec
----------------------------------------------------------
Test Passed.
"HashMapClearTest.ClearEmptyMap" end time: Jul 09 15:50 India Standard Time
"HashMapClearTest.ClearEmptyMap" time elapsed: 00:00:00
----------------------------------------------------------

62/201 Testing: HashMapClearTest.ClearAfterSingleInsert
62/201 Test: HashMapClearTest.ClearAfterSingleInsert
Command: "D:/Git pull/STL-Library/build/Tests.exe" "--gtest_filter=HashMapClearTest.ClearAfterSingleInsert" "--gtest_also_run_disabled_tests"
Directory: D:/Git pull/STL-Library/build
"HashMapClearTest.ClearAfterSingleInsert" start time: Jul 09 15:50 India Standard Time
Output:
----------------------------------------------------------
Note: Google Test filter = HashMapClearTest.ClearAfterSingleInsert
[==========] Running 1 test from 1 test suite.
[----------] Global test environment set-up.
[----------] 1 test from HashMapClearTest
[ RUN      ] HashMapClearTest.ClearAfterSingleInsert
[       OK ] HashMapClearTest.ClearAfterSingleInsert (0 ms)
[----------] 1 test from HashMapClearTest (0 ms total)

[----------] Global test environment tear-down
[==========] 1 test from 1 test suite ran. (0 ms total)
[  PASSED  ] 1 test.
<end of output>
Test time =   0.07 sec
----------------------------------------------------------
Test Passed.
"HashMapClearTest.ClearAfterSingleInsert" end time: Jul 09 15:50 India Standard Time
"HashMapClearTest.ClearAfterSingleInsert" time elapsed: 00:00:00
----------------------------------------------------------

63/201 Testing: HashMapClearTest.ClearAfterMultipleInserts
63/201 Test: HashMapClearTest.ClearAfterMultipleInserts
Command: "D:/Git pull/STL-Library/build/Tests.exe" "--gtest_filter=HashMapClearTest.ClearAfterMultipleInserts" "--gtest_also_run_disabled_tests"
Directory: D:/Git pull/STL-Library/build
"HashMapClearTest.ClearAfterMultipleInserts" start time: Jul 09 15:50 India Standard Time
Output:
----------------------------------------------------------
Note: Google Test filter = HashMapClearTest.ClearAfterMultipleInserts
[==========] Running 1 test from 1 test suite.
[----------] Global test environment set-up.
[----------] 1 test from HashMapClearTest
[ RUN      ] HashMapClearTest.ClearAfterMultipleInserts
[       OK ] HashMapClearTest.ClearAfterMultipleInserts (0 ms)
[----------] 1 test from HashMapClearTest (0 ms total)

[----------] Global test environment tear-down
[==========] 1 test from 1 test suite ran. (0 ms total)
[  PASSED  ] 1 test.
<end of output>
Test time =   0.06 sec
----------------------------------------------------------
Test Passed.
"HashMapClearTest.ClearAfterMultipleInserts" end time: Jul 09 15:50 India Standard Time
"HashMapClearTest.ClearAfterMultipleInserts" time elapsed: 00:00:00
----------------------------------------------------------

64/201 Testing: HashMapClearTest.InsertAfterClear
64/201 Test: HashMapClearTest.InsertAfterClear
Command: "D:/Git pull/STL-Library/build/Tests.exe" "--gtest_filter=HashMapClearTest.InsertAfterClear" "--gtest_also_run_disabled_tests"
Directory: D:/Git pull/STL-Library/build
"HashMapClearTest.InsertAfterClear" start time: Jul 09 15:50 India Standard Time
Output:
----------------------------------------------------------
Note: Google Test filter = HashMapClearTest.InsertAfterClear
[==========] Running 1 test from 1 test suite.
[----------] Global test environment set-up.
[----------] 1 test from HashMapClearTest
[ RUN      ] HashMapClearTest.InsertAfterClear
[       OK ] HashMapClearTest.InsertAfterClear (0 ms)
[----------] 1 test from HashMapClearTest (0 ms total)

[----------] Global test environment tear-down
[==========] 1 test from 1 test suite ran. (0 ms total)
[  PASSED  ] 1 test.
<end of output>
Test time =   0.09 sec
----------------------------------------------------------
Test Passed.
"HashMapClearTest.InsertAfterClear" end time: Jul 09 15:50 India Standard Time
"HashMapClearTest.InsertAfterClear" time elapsed: 00:00:00
----------------------------------------------------------

65/201 Testing: HashMapClearTest.CapacityRemainsSameAfterClear
65/201 Test: HashMapClearTest.CapacityRemainsSameAfterClear
Command: "D:/Git pull/STL-Library/build/Tests.exe" "--gtest_filter=HashMapClearTest.CapacityRemainsSameAfterClear" "--gtest_also_run_disabled_tests"
Directory: D:/Git pull/STL-Library/build
"HashMapClearTest.CapacityRemainsSameAfterClear" start time: Jul 09 15:50 India Standard Time
Output:
----------------------------------------------------------
[...]
Directory: D:/Git pull/STL-Library/build
"DynamicArrayInsertTest.InsertAtMiddle" start time: Jul 09 15:50 India Standard Time
Output:
----------------------------------------------------------
Note: Google Test filter = DynamicArrayInsertTest.InsertAtMiddle
[==========] Running 1 test from 1 test suite.
[----------] Global test environment set-up.
[----------] 1 test from DynamicArrayInsertTest
[ RUN      ] DynamicArrayInsertTest.InsertAtMiddle
[       OK ] DynamicArrayInsertTest.InsertAtMiddle (0 ms)
[----------] 1 test from DynamicArrayInsertTest (0 ms total)

[----------] Global test environment tear-down
[==========] 1 test from 1 test suite ran. (0 ms total)
[  PASSED  ] 1 test.
<end of output>
Test time =   0.06 sec
----------------------------------------------------------
Test Passed.
"DynamicArrayInsertTest.InsertAtMiddle" end time: Jul 09 15:50 India Standard Time
"DynamicArrayInsertTest.InsertAtMiddle" time elapsed: 00:00:00
----------------------------------------------------------

188/201 Testing: DynamicArrayInsertTest.InsertAtEnd
188/201 Test: DynamicArrayInsertTest.InsertAtEnd
Command: "D:/Git pull/STL-Library/build/Tests.exe" "--gtest_filter=DynamicArrayInsertTest.InsertAtEnd" "--gtest_also_run_disabled_tests"
Directory: D:/Git pull/STL-Library/build
"DynamicArrayInsertTest.InsertAtEnd" start time: Jul 09 15:50 India Standard Time
Output:
----------------------------------------------------------
Note: Google Test filter = DynamicArrayInsertTest.InsertAtEnd
[==========] Running 1 test from 1 test suite.
[----------] Global test environment set-up.
[----------] 1 test from DynamicArrayInsertTest
[ RUN      ] DynamicArrayInsertTest.InsertAtEnd
[       OK ] DynamicArrayInsertTest.InsertAtEnd (0 ms)
[----------] 1 test from DynamicArrayInsertTest (0 ms total)

[----------] Global test environment tear-down
[==========] 1 test from 1 test suite ran. (0 ms total)
[  PASSED  ] 1 test.
<end of output>
Test time =   0.06 sec
----------------------------------------------------------
Test Passed.
"DynamicArrayInsertTest.InsertAtEnd" end time: Jul 09 15:50 India Standard Time
"DynamicArrayInsertTest.InsertAtEnd" time elapsed: 00:00:00
----------------------------------------------------------

189/201 Testing: DynamicArrayInsertStandalone.InsertIntoEmptyArray
189/201 Test: DynamicArrayInsertStandalone.InsertIntoEmptyArray
Command: "D:/Git pull/STL-Library/build/Tests.exe" "--gtest_filter=DynamicArrayInsertStandalone.InsertIntoEmptyArray" "--gtest_also_run_disabled_tests"
Directory: D:/Git pull/STL-Library/build
"DynamicArrayInsertStandalone.InsertIntoEmptyArray" start time: Jul 09 15:50 India Standard Time
Output:
----------------------------------------------------------
Note: Google Test filter = DynamicArrayInsertStandalone.InsertIntoEmptyArray
[==========] Running 1 test from 1 test suite.
[----------] Global test environment set-up.
[----------] 1 test from DynamicArrayInsertStandalone
[ RUN      ] DynamicArrayInsertStandalone.InsertIntoEmptyArray
[       OK ] DynamicArrayInsertStandalone.InsertIntoEmptyArray (0 ms)
[----------] 1 test from DynamicArrayInsertStandalone (0 ms total)

[----------] Global test environment tear-down
[==========] 1 test from 1 test suite ran. (0 ms total)
[  PASSED  ] 1 test.
<end of output>
Test time =   0.08 sec
----------------------------------------------------------
Test Passed.
"DynamicArrayInsertStandalone.InsertIntoEmptyArray" end time: Jul 09 15:50 India Standard Time
"DynamicArrayInsertStandalone.InsertIntoEmptyArray" time elapsed: 00:00:00
----------------------------------------------------------

190/201 Testing: DynamicArrayInsertStandalone.InsertTriggersResize
190/201 Test: DynamicArrayInsertStandalone.InsertTriggersResize
Command: "D:/Git pull/STL-Library/build/Tests.exe" "--gtest_filter=DynamicArrayInsertStandalone.InsertTriggersResize" "--gtest_also_run_disabled_tests"
Directory: D:/Git pull/STL-Library/build
"DynamicArrayInsertStandalone.InsertTriggersResize" start time: Jul 09 15:50 India Standard Time
Output:
----------------------------------------------------------
Note: Google Test filter = DynamicArrayInsertStandalone.InsertTriggersResize
[==========] Running 1 test from 1 test suite.
[----------] Global test environment set-up.
[----------] 1 test from DynamicArrayInsertStandalone
[ RUN      ] DynamicArrayInsertStandalone.InsertTriggersResize
[       OK ] DynamicArrayInsertStandalone.InsertTriggersResize (0 ms)
[----------] 1 test from DynamicArrayInsertStandalone (0 ms total)

[----------] Global test environment tear-down
[==========] 1 test from 1 test suite ran. (0 ms total)
[  PASSED  ] 1 test.
<end of output>
Test time =   0.08 sec
----------------------------------------------------------
Test Passed.
"DynamicArrayInsertStandalone.InsertTriggersResize" end time: Jul 09 15:50 India Standard Time
"DynamicArrayInsertStandalone.InsertTriggersResize" time elapsed: 00:00:00
----------------------------------------------------------

191/201 Testing: DynamicArrayInsertStandalone.InsertNegativeIndexThrows
191/201 Test: DynamicArrayInsertStandalone.InsertNegativeIndexThrows
Command: "D:/Git pull/STL-Library/build/Tests.exe" "--gtest_filter=DynamicArrayInsertStandalone.InsertNegativeIndexThrows" "--gtest_also_run_disabled_tests"
Directory: D:/Git pull/STL-Library/build
"DynamicArrayInsertStandalone.InsertNegativeIndexThrows" start time: Jul 09 15:50 India Standard Time
Output:
----------------------------------------------------------
Note: Google Test filter = DynamicArrayInsertStandalone.InsertNegativeIndexThrows
[==========] Running 1 test from 1 test suite.
[----------] Global test environment set-up.
[----------] 1 test from DynamicArrayInsertStandalone
[ RUN      ] DynamicArrayInsertStandalone.InsertNegativeIndexThrows
[       OK ] DynamicArrayInsertStandalone.InsertNegativeIndexThrows (0 ms)
[----------] 1 test from DynamicArrayInsertStandalone (0 ms total)

[----------] Global test environment tear-down
[==========] 1 test from 1 test suite ran. (0 ms total)
[  PASSED  ] 1 test.
<end of output>
Test time =   0.06 sec
----------------------------------------------------------
Test Passed.
"DynamicArrayInsertStandalone.InsertNegativeIndexThrows" end time: Jul 09 15:50 India Standard Time
"DynamicArrayInsertStandalone.InsertNegativeIndexThrows" time elapsed: 00:00:00
----------------------------------------------------------

192/201 Testing: DynamicArrayInsertStandalone.InsertPastEndThrows
192/201 Test: DynamicArrayInsertStandalone.InsertPastEndThrows
Command: "D:/Git pull/STL-Library/build/Tests.exe" "--gtest_filter=DynamicArrayInsertStandalone.InsertPastEndThrows" "--gtest_also_run_disabled_tests"
Directory: D:/Git pull/STL-Library/build
"DynamicArrayInsertStandalone.InsertPastEndThrows" start time: Jul 09 15:50 India Standard Time
Output:
----------------------------------------------------------
Note: Google Test filter = DynamicArrayInsertStandalone.InsertPastEndThrows
[==========] Running 1 test from 1 test suite.
[----------] Global test environment set-up.
[----------] 1 test from DynamicArrayInsertStandalone
[ RUN      ] DynamicArrayInsertStandalone.InsertPastEndThrows
[       OK ] DynamicArrayInsertStandalone.InsertPastEndThrows (0 ms)
[----------] 1 test from DynamicArrayInsertStandalone (0 ms total)

[----------] Global test environment tear-down
[==========] 1 test from 1 test suite ran. (0 ms total)
[  PASSED  ] 1 test.
<end of output>
Test time =   0.06 sec
----------------------------------------------------------
Test Passed.
"DynamicArrayInsertStandalone.InsertPastEndThrows" end time: Jul 09 15:50 India Standard Time
"DynamicArrayInsertStandalone.InsertPastEndThrows" time elapsed: 00:00:00
----------------------------------------------------------

193/201 Testing: DynamicArrayInsertStandalone.InsertLargeDataset
193/201 Test: DynamicArrayInsertStandalone.InsertLargeDataset
Command: "D:/Git pull/STL-Library/build/Tests.exe" "--gtest_filter=DynamicArrayInsertStandalone.InsertLargeDataset" "--gtest_also_run_disabled_tests"
Directory: D:/Git pull/STL-Library/build
"DynamicArrayInsertStandalone.InsertLargeDataset" start time: Jul 09 15:50 India Standard Time
Output:
----------------------------------------------------------
Note: Google Test filter = DynamicArrayInsertStandalone.InsertLargeDataset
[==========] Running 1 test from 1 test suite.
[----------] Global test environment set-up.
[----------] 1 test from DynamicArrayInsertStandalone
[ RUN      ] DynamicArrayInsertStandalone.InsertLargeDataset
[       OK ] DynamicArrayInsertStandalone.InsertLargeDataset (0 ms)
[----------] 1 test from DynamicArrayInsertStandalone (0 ms total)

[----------] Global test environment tear-down
[==========] 1 test from 1 test suite ran. (0 ms total)
[  PASSED  ] 1 test.
<end of output>
Test time =   0.09 sec
----------------------------------------------------------
Test Passed.
"DynamicArrayInsertStandalone.InsertLargeDataset" end time: Jul 09 15:50 India Standard Time
"DynamicArrayInsertStandalone.InsertLargeDataset" time elapsed: 00:00:00
----------------------------------------------------------

194/201 Testing: DynamicArrayRemoveTest.RemoveFromBeginning
194/201 Test: DynamicArrayRemoveTest.RemoveFromBeginning
Command: "D:/Git pull/STL-Library/build/Tests.exe" "--gtest_filter=DynamicArrayRemoveTest.RemoveFromBeginning" "--gtest_also_run_disabled_tests"
Directory: D:/Git pull/STL-Library/build
"DynamicArrayRemoveTest.RemoveFromBeginning" start time: Jul 09 15:50 India Standard Time
Output:
----------------------------------------------------------
Note: Google Test filter = DynamicArrayRemoveTest.RemoveFromBeginning
[==========] Running 1 test from 1 test suite.
[----------] Global test environment set-up.
[----------] 1 test from DynamicArrayRemoveTest
[ RUN      ] DynamicArrayRemoveTest.RemoveFromBeginning
[       OK ] DynamicArrayRemoveTest.RemoveFromBeginning (0 ms)
[----------] 1 test from DynamicArrayRemoveTest (0 ms total)

[----------] Global test environment tear-down
[==========] 1 test from 1 test suite ran. (0 ms total)
[  PASSED  ] 1 test.
<end of output>
Test time =   0.10 sec
----------------------------------------------------------
Test Passed.
"DynamicArrayRemoveTest.RemoveFromBeginning" end time: Jul 09 15:50 India Standard Time
"DynamicArrayRemoveTest.RemoveFromBeginning" time elapsed: 00:00:00
----------------------------------------------------------

195/201 Testing: DynamicArrayRemoveTest.RemoveFromMiddle
195/201 Test: DynamicArrayRemoveTest.RemoveFromMiddle
Command: "D:/Git pull/STL-Library/build/Tests.exe" "--gtest_filter=DynamicArrayRemoveTest.RemoveFromMiddle" "--gtest_also_run_disabled_tests"
Directory: D:/Git pull/STL-Library/build
"DynamicArrayRemoveTest.RemoveFromMiddle" start time: Jul 09 15:50 India Standard Time
Output:
----------------------------------------------------------
Note: Google Test filter = DynamicArrayRemoveTest.RemoveFromMiddle
[==========] Running 1 test from 1 test suite.
[----------] Global test environment set-up.
[----------] 1 test from DynamicArrayRemoveTest
[ RUN      ] DynamicArrayRemoveTest.RemoveFromMiddle
[       OK ] DynamicArrayRemoveTest.RemoveFromMiddle (0 ms)
[----------] 1 test from DynamicArrayRemoveTest (0 ms total)

[----------] Global test environment tear-down
[==========] 1 test from 1 test suite ran. (0 ms total)
[  PASSED  ] 1 test.
<end of output>
Test time =   0.07 sec
----------------------------------------------------------
Test Passed.
"DynamicArrayRemoveTest.RemoveFromMiddle" end time: Jul 09 15:50 India Standard Time
"DynamicArrayRemoveTest.RemoveFromMiddle" time elapsed: 00:00:00
----------------------------------------------------------

196/201 Testing: DynamicArrayRemoveTest.RemoveFromEnd
196/201 Test: DynamicArrayRemoveTest.RemoveFromEnd
Command: "D:/Git pull/STL-Library/build/Tests.exe" "--gtest_filter=DynamicArrayRemoveTest.RemoveFromEnd" "--gtest_also_run_disabled_tests"
Directory: D:/Git pull/STL-Library/build
"DynamicArrayRemoveTest.RemoveFromEnd" start time: Jul 09 15:50 India Standard Time
Output:
----------------------------------------------------------
Note: Google Test filter = DynamicArrayRemoveTest.RemoveFromEnd
[==========] Running 1 test from 1 test suite.
[----------] Global test environment set-up.
[----------] 1 test from DynamicArrayRemoveTest
[ RUN      ] DynamicArrayRemoveTest.RemoveFromEnd
[       OK ] DynamicArrayRemoveTest.RemoveFromEnd (0 ms)
[----------] 1 test from DynamicArrayRemoveTest (0 ms total)

[----------] Global test environment tear-down
[==========] 1 test from 1 test suite ran. (0 ms total)
[  PASSED  ] 1 test.
<end of output>
Test time =   0.10 sec
----------------------------------------------------------
Test Passed.
"DynamicArrayRemoveTest.RemoveFromEnd" end time: Jul 09 15:50 India Standard Time
"DynamicArrayRemoveTest.RemoveFromEnd" time elapsed: 00:00:00
----------------------------------------------------------

197/201 Testing: DynamicArrayRemoveStandalone.RemoveOnlyElement
197/201 Test: DynamicArrayRemoveStandalone.RemoveOnlyElement
Command: "D:/Git pull/STL-Library/build/Tests.exe" "--gtest_filter=DynamicArrayRemoveStandalone.RemoveOnlyElement" "--gtest_also_run_disabled_tests"
Directory: D:/Git pull/STL-Library/build
"DynamicArrayRemoveStandalone.RemoveOnlyElement" start time: Jul 09 15:50 India Standard Time
Output:
----------------------------------------------------------
Note: Google Test filter = DynamicArrayRemoveStandalone.RemoveOnlyElement
[==========] Running 1 test from 1 test suite.
[----------] Global test environment set-up.
[----------] 1 test from DynamicArrayRemoveStandalone
[ RUN      ] DynamicArrayRemoveStandalone.RemoveOnlyElement
[       OK ] DynamicArrayRemoveStandalone.RemoveOnlyElement (0 ms)
[----------] 1 test from DynamicArrayRemoveStandalone (0 ms total)

[----------] Global test environment tear-down
[==========] 1 test from 1 test suite ran. (0 ms total)
[  PASSED  ] 1 test.
<end of output>
Test time =   0.10 sec
----------------------------------------------------------
Test Passed.
"DynamicArrayRemoveStandalone.RemoveOnlyElement" end time: Jul 09 15:50 India Standard Time
"DynamicArrayRemoveStandalone.RemoveOnlyElement" time elapsed: 00:00:00
----------------------------------------------------------

198/201 Testing: DynamicArrayRemoveStandalone.RemoveFromEmptyThrows
198/201 Test: DynamicArrayRemoveStandalone.RemoveFromEmptyThrows
Command: "D:/Git pull/STL-Library/build/Tests.exe" "--gtest_filter=DynamicArrayRemoveStandalone.RemoveFromEmptyThrows" "--gtest_also_run_disabled_tests"
Directory: D:/Git pull/STL-Library/build
"DynamicArrayRemoveStandalone.RemoveFromEmptyThrows" start time: Jul 09 15:50 India Standard Time
Output:
----------------------------------------------------------
Note: Google Test filter = DynamicArrayRemoveStandalone.RemoveFromEmptyThrows
[==========] Running 1 test from 1 test suite.
[----------] Global test environment set-up.
[----------] 1 test from DynamicArrayRemoveStandalone
[ RUN      ] DynamicArrayRemoveStandalone.RemoveFromEmptyThrows
[       OK ] DynamicArrayRemoveStandalone.RemoveFromEmptyThrows (0 ms)
[----------] 1 test from DynamicArrayRemoveStandalone (0 ms total)

[----------] Global test environment tear-down
[==========] 1 test from 1 test suite ran. (0 ms total)
[  PASSED  ] 1 test.
<end of output>
Test time =   0.10 sec
----------------------------------------------------------
Test Passed.
"DynamicArrayRemoveStandalone.RemoveFromEmptyThrows" end time: Jul 09 15:50 India Standard Time
"DynamicArrayRemoveStandalone.RemoveFromEmptyThrows" time elapsed: 00:00:00
----------------------------------------------------------

199/201 Testing: DynamicArrayRemoveStandalone.RemoveNegativeIndexThrows
199/201 Test: DynamicArrayRemoveStandalone.RemoveNegativeIndexThrows
Command: "D:/Git pull/STL-Library/build/Tests.exe" "--gtest_filter=DynamicArrayRemoveStandalone.RemoveNegativeIndexThrows" "--gtest_also_run_disabled_tests"
Directory: D:/Git pull/STL-Library/build
"DynamicArrayRemoveStandalone.RemoveNegativeIndexThrows" start time: Jul 09 15:50 India Standard Time
Output:
----------------------------------------------------------
Note: Google Test filter = DynamicArrayRemoveStandalone.RemoveNegativeIndexThrows
[==========] Running 1 test from 1 test suite.
[----------] Global test environment set-up.
[----------] 1 test from DynamicArrayRemoveStandalone
[ RUN      ] DynamicArrayRemoveStandalone.RemoveNegativeIndexThrows
[       OK ] DynamicArrayRemoveStandalone.RemoveNegativeIndexThrows (0 ms)
[----------] 1 test from DynamicArrayRemoveStandalone (0 ms total)

[----------] Global test environment tear-down
[==========] 1 test from 1 test suite ran. (0 ms total)
[  PASSED  ] 1 test.
<end of output>
Test time =   0.08 sec
----------------------------------------------------------
Test Passed.
"DynamicArrayRemoveStandalone.RemoveNegativeIndexThrows" end time: Jul 09 15:50 India Standard Time
"DynamicArrayRemoveStandalone.RemoveNegativeIndexThrows" time elapsed: 00:00:00
----------------------------------------------------------

200/201 Testing: DynamicArrayRemoveStandalone.RemovePastEndThrows
200/201 Test: DynamicArrayRemoveStandalone.RemovePastEndThrows
Command: "D:/Git pull/STL-Library/build/Tests.exe" "--gtest_filter=DynamicArrayRemoveStandalone.RemovePastEndThrows" "--gtest_also_run_disabled_tests"
Directory: D:/Git pull/STL-Library/build
"DynamicArrayRemoveStandalone.RemovePastEndThrows" start time: Jul 09 15:50 India Standard Time
Output:
----------------------------------------------------------
Note: Google Test filter = DynamicArrayRemoveStandalone.RemovePastEndThrows
[==========] Running 1 test from 1 test suite.
[----------] Global test environment set-up.
[----------] 1 test from DynamicArrayRemoveStandalone
[ RUN      ] DynamicArrayRemoveStandalone.RemovePastEndThrows
[       OK ] DynamicArrayRemoveStandalone.RemovePastEndThrows (0 ms)
[----------] 1 test from DynamicArrayRemoveStandalone (0 ms total)

[----------] Global test environment tear-down
[==========] 1 test from 1 test suite ran. (0 ms total)
[  PASSED  ] 1 test.
<end of output>
Test time =   0.08 sec
----------------------------------------------------------
Test Passed.
"DynamicArrayRemoveStandalone.RemovePastEndThrows" end time: Jul 09 15:50 India Standard Time
"DynamicArrayRemoveStandalone.RemovePastEndThrows" time elapsed: 00:00:00
----------------------------------------------------------

201/201 Testing: DynamicArrayRemoveStandalone.RemoveLargeDataset
201/201 Test: DynamicArrayRemoveStandalone.RemoveLargeDataset
Command: "D:/Git pull/STL-Library/build/Tests.exe" "--gtest_filter=DynamicArrayRemoveStandalone.RemoveLargeDataset" "--gtest_also_run_disabled_tests"
Directory: D:/Git pull/STL-Library/build
"DynamicArrayRemoveStandalone.RemoveLargeDataset" start time: Jul 09 15:50 India Standard Time
Output:
----------------------------------------------------------
Note: Google Test filter = DynamicArrayRemoveStandalone.RemoveLargeDataset
[==========] Running 1 test from 1 test suite.
[----------] Global test environment set-up.
[----------] 1 test from DynamicArrayRemoveStandalone
[ RUN      ] DynamicArrayRemoveStandalone.RemoveLargeDataset
[       OK ] DynamicArrayRemoveStandalone.RemoveLargeDataset (0 ms)
[----------] 1 test from DynamicArrayRemoveStandalone (0 ms total)

[----------] Global test environment tear-down
[==========] 1 test from 1 test suite ran. (0 ms total)
[  PASSED  ] 1 test.
<end of output>
Test time =   0.07 sec
----------------------------------------------------------
Test Passed.
"DynamicArrayRemoveStandalone.RemoveLargeDataset" end time: Jul 09 15:50 India Standard Time
"DynamicArrayRemoveStandalone.RemoveLargeDataset" time elapsed: 00:00:00
----------------------------------------------------------

End testing: Jul 09 15:50 India Standard Time
