Start testing: Jun 30 18:41 India Standard Time
----------------------------------------------------------
1/167 Testing: RedisLiteToLowerTest.ConvertUpperCase
1/167 Test: RedisLiteToLowerTest.ConvertUpperCase
Command: "D:/Git pull/STL-Library/build/Tests.exe" "--gtest_filter=RedisLiteToLowerTest.ConvertUpperCase" "--gtest_also_run_disabled_tests"
Directory: D:/Git pull/STL-Library/build
"RedisLiteToLowerTest.ConvertUpperCase" start time: Jun 30 18:41 India Standard Time
Output:
----------------------------------------------------------
Note: Google Test filter = RedisLiteToLowerTest.ConvertUpperCase
[==========] Running 1 test from 1 test suite.
[----------] Global test environment set-up.
[----------] 1 test from RedisLiteToLowerTest
[ RUN      ] RedisLiteToLowerTest.ConvertUpperCase
[       OK ] RedisLiteToLowerTest.ConvertUpperCase (0 ms)
[----------] 1 test from RedisLiteToLowerTest (0 ms total)

[----------] Global test environment tear-down
[==========] 1 test from 1 test suite ran. (0 ms total)
[  PASSED  ] 1 test.
<end of output>
Test time =   0.09 sec
----------------------------------------------------------
Test Passed.
"RedisLiteToLowerTest.ConvertUpperCase" end time: Jun 30 18:41 India Standard Time
"RedisLiteToLowerTest.ConvertUpperCase" time elapsed: 00:00:00
----------------------------------------------------------

2/167 Testing: RedisLiteToLowerTest.MixedCase
2/167 Test: RedisLiteToLowerTest.MixedCase
Command: "D:/Git pull/STL-Library/build/Tests.exe" "--gtest_filter=RedisLiteToLowerTest.MixedCase" "--gtest_also_run_disabled_tests"
Directory: D:/Git pull/STL-Library/build
"RedisLiteToLowerTest.MixedCase" start time: Jun 30 18:41 India Standard Time
Output:
----------------------------------------------------------
Note: Google Test filter = RedisLiteToLowerTest.MixedCase
[==========] Running 1 test from 1 test suite.
[----------] Global test environment set-up.
[----------] 1 test from RedisLiteToLowerTest
[ RUN      ] RedisLiteToLowerTest.MixedCase
[       OK ] RedisLiteToLowerTest.MixedCase (0 ms)
[----------] 1 test from RedisLiteToLowerTest (0 ms total)

[----------] Global test environment tear-down
[==========] 1 test from 1 test suite ran. (0 ms total)
[  PASSED  ] 1 test.
<end of output>
Test time =   0.08 sec
----------------------------------------------------------
Test Passed.
"RedisLiteToLowerTest.MixedCase" end time: Jun 30 18:41 India Standard Time
"RedisLiteToLowerTest.MixedCase" time elapsed: 00:00:00
----------------------------------------------------------

3/167 Testing: RedisLiteToLowerTest.AlreadyLowerCase
3/167 Test: RedisLiteToLowerTest.AlreadyLowerCase
Command: "D:/Git pull/STL-Library/build/Tests.exe" "--gtest_filter=RedisLiteToLowerTest.AlreadyLowerCase" "--gtest_also_run_disabled_tests"
Directory: D:/Git pull/STL-Library/build
"RedisLiteToLowerTest.AlreadyLowerCase" start time: Jun 30 18:41 India Standard Time
Output:
----------------------------------------------------------
Note: Google Test filter = RedisLiteToLowerTest.AlreadyLowerCase
[==========] Running 1 test from 1 test suite.
[----------] Global test environment set-up.
[----------] 1 test from RedisLiteToLowerTest
[ RUN      ] RedisLiteToLowerTest.AlreadyLowerCase
[       OK ] RedisLiteToLowerTest.AlreadyLowerCase (0 ms)
[----------] 1 test from RedisLiteToLowerTest (0 ms total)

[----------] Global test environment tear-down
[==========] 1 test from 1 test suite ran. (0 ms total)
[  PASSED  ] 1 test.
<end of output>
Test time =   0.11 sec
----------------------------------------------------------
Test Passed.
"RedisLiteToLowerTest.AlreadyLowerCase" end time: Jun 30 18:41 India Standard Time
"RedisLiteToLowerTest.AlreadyLowerCase" time elapsed: 00:00:00
----------------------------------------------------------

4/167 Testing: RedisLiteSizeTest.EmptyDatabase
4/167 Test: RedisLiteSizeTest.EmptyDatabase
Command: "D:/Git pull/STL-Library/build/Tests.exe" "--gtest_filter=RedisLiteSizeTest.EmptyDatabase" "--gtest_also_run_disabled_tests"
Directory: D:/Git pull/STL-Library/build
"RedisLiteSizeTest.EmptyDatabase" start time: Jun 30 18:41 India Standard Time
Output:
----------------------------------------------------------
Note: Google Test filter = RedisLiteSizeTest.EmptyDatabase
[==========] Running 1 test from 1 test suite.
[----------] Global test environment set-up.
[----------] 1 test from RedisLiteSizeTest
[ RUN      ] RedisLiteSizeTest.EmptyDatabase
0
[       OK ] RedisLiteSizeTest.EmptyDatabase (0 ms)
[----------] 1 test from RedisLiteSizeTest (0 ms total)

[----------] Global test environment tear-down
[==========] 1 test from 1 test suite ran. (0 ms total)
[  PASSED  ] 1 test.
<end of output>
Test time =   0.09 sec
----------------------------------------------------------
Test Passed.
"RedisLiteSizeTest.EmptyDatabase" end time: Jun 30 18:41 India Standard Time
"RedisLiteSizeTest.EmptyDatabase" time elapsed: 00:00:00
----------------------------------------------------------

5/167 Testing: RedisLiteSizeTest.AfterInsertion
5/167 Test: RedisLiteSizeTest.AfterInsertion
Command: "D:/Git pull/STL-Library/build/Tests.exe" "--gtest_filter=RedisLiteSizeTest.AfterInsertion" "--gtest_also_run_disabled_tests"
Directory: D:/Git pull/STL-Library/build
"RedisLiteSizeTest.AfterInsertion" start time: Jun 30 18:41 India Standard Time
Output:
----------------------------------------------------------
Note: Google Test filter = RedisLiteSizeTest.AfterInsertion
[==========] Running 1 test from 1 test suite.
[----------] Global test environment set-up.
[----------] 1 test from RedisLiteSizeTest
[ RUN      ] RedisLiteSizeTest.AfterInsertion
Ok
Ok
2
[       OK ] RedisLiteSizeTest.AfterInsertion (0 ms)
[----------] 1 test from RedisLiteSizeTest (0 ms total)

[----------] Global test environment tear-down
[==========] 1 test from 1 test suite ran. (0 ms total)
[  PASSED  ] 1 test.
<end of output>
Test time =   0.08 sec
----------------------------------------------------------
Test Passed.
"RedisLiteSizeTest.AfterInsertion" end time: Jun 30 18:41 India Standard Time
"RedisLiteSizeTest.AfterInsertion" time elapsed: 00:00:00
----------------------------------------------------------

6/167 Testing: RedisLiteSizeTest.AfterDeletion
6/167 Test: RedisLiteSizeTest.AfterDeletion
Command: "D:/Git pull/STL-Library/build/Tests.exe" "--gtest_filter=RedisLiteSizeTest.AfterDeletion" "--gtest_also_run_disabled_tests"
Directory: D:/Git pull/STL-Library/build
"RedisLiteSizeTest.AfterDeletion" start time: Jun 30 18:41 India Standard Time
Output:
----------------------------------------------------------
Note: Google Test filter = RedisLiteSizeTest.AfterDeletion
[==========] Running 1 test from 1 test suite.
[----------] Global test environment set-up.
[----------] 1 test from RedisLiteSizeTest
[ RUN      ] RedisLiteSizeTest.AfterDeletion
Ok
Ok
Removed
1
[       OK ] RedisLiteSizeTest.AfterDeletion (0 ms)
[----------] 1 test from RedisLiteSizeTest (0 ms total)

[----------] Global test environment tear-down
[==========] 1 test from 1 test suite ran. (0 ms total)
[  PASSED  ] 1 test.
<end of output>
Test time =   0.09 sec
----------------------------------------------------------
Test Passed.
"RedisLiteSizeTest.AfterDeletion" end time: Jun 30 18:41 India Standard Time
"RedisLiteSizeTest.AfterDeletion" time elapsed: 00:00:00
----------------------------------------------------------

7/167 Testing: RedisLiteGetTest.ExistingKey
7/167 Test: RedisLiteGetTest.ExistingKey
Command: "D:/Git pull/STL-Library/build/Tests.exe" "--gtest_filter=RedisLiteGetTest.ExistingKey" "--gtest_also_run_disabled_tests"
Directory: D:/Git pull/STL-Library/build
"RedisLiteGetTest.ExistingKey" start time: Jun 30 18:41 India Standard Time
Output:
----------------------------------------------------------
Note: Google Test filter = RedisLiteGetTest.ExistingKey
[==========] Running 1 test from 1 test suite.
[----------] Global test environment set-up.
[----------] 1 test from RedisLiteGetTest
[ RUN      ] RedisLiteGetTest.ExistingKey
Ok
Nilesh[       OK ] RedisLiteGetTest.ExistingKey (0 ms)
[----------] 1 test from RedisLiteGetTest (0 ms total)

[----------] Global test environment tear-down
[==========] 1 test from 1 test suite ran. (0 ms total)
[  PASSED  ] 1 test.
<end of output>
Test time =   0.07 sec
----------------------------------------------------------
Test Passed.
"RedisLiteGetTest.ExistingKey" end time: Jun 30 18:41 India Standard Time
"RedisLiteGetTest.ExistingKey" time elapsed: 00:00:00
----------------------------------------------------------

8/167 Testing: RedisLiteGetTest.NonExistingKey
8/167 Test: RedisLiteGetTest.NonExistingKey
Command: "D:/Git pull/STL-Library/build/Tests.exe" "--gtest_filter=RedisLiteGetTest.NonExistingKey" "--gtest_also_run_disabled_tests"
Directory: D:/Git pull/STL-Library/build
"RedisLiteGetTest.NonExistingKey" start time: Jun 30 18:41 India Standard Time
Output:
----------------------------------------------------------
Note: Google Test filter = RedisLiteGetTest.NonExistingKey
[==========] Running 1 test from 1 test suite.
[----------] Global test environment set-up.
[----------] 1 test from RedisLiteGetTest
[ RUN      ] RedisLiteGetTest.NonExistingKey
[       OK ] RedisLiteGetTest.NonExistingKey (0 ms)
[----------] 1 test from RedisLiteGetTest (0 ms total)

[----------] Global test environment tear-down
[==========] 1 test from 1 test suite ran. (0 ms total)
[  PASSED  ] 1 test.
<end of output>
Test time =   0.06 sec
----------------------------------------------------------
Test Passed.
"RedisLiteGetTest.NonExistingKey" end time: Jun 30 18:41 India Standard Time
"RedisLiteGetTest.NonExistingKey" time elapsed: 00:00:00
----------------------------------------------------------

9/167 Testing: RedisLiteExistsTest.NonExistingKey
9/167 Test: RedisLiteExistsTest.NonExistingKey
Command: "D:/Git pull/STL-Library/build/Tests.exe" "--gtest_filter=RedisLiteExistsTest.NonExistingKey" "--gtest_also_run_disabled_tests"
Directory: D:/Git pull/STL-Library/build
"RedisLiteExistsTest.NonExistingKey" start time: Jun 30 18:41 India Standard Time
Output:
----------------------------------------------------------
Note: Google Test filter = RedisLiteExistsTest.NonExistingKey
[==========] Running 1 test from 1 test suite.
[----------] Global test environment set-up.
[----------] 1 test from RedisLiteExistsTest
[ RUN      ] RedisLiteExistsTest.NonExistingKey
Not exists
[       OK ] RedisLiteExistsTest.NonExistingKey (0 ms)
[----------] 1 test from RedisLiteExistsTest (0 ms total)

[----------] Global test environment tear-down
[==========] 1 test from 1 test suite ran. (0 ms total)
[  PASSED  ] 1 test.
<end of output>
Test time =   0.06 sec
----------------------------------------------------------
Test Passed.
"RedisLiteExistsTest.NonExistingKey" end time: Jun 30 18:41 India Standard Time
"RedisLiteExistsTest.NonExistingKey" time elapsed: 00:00:00
----------------------------------------------------------

10/167 Testing: RedisLiteExistsTest.ExistingKey
10/167 Test: RedisLiteExistsTest.ExistingKey
Command: "D:/Git pull/STL-Library/build/Tests.exe" "--gtest_filter=RedisLiteExistsTest.ExistingKey" "--gtest_also_run_disabled_tests"
Directory: D:/Git pull/STL-Library/build
"RedisLiteExistsTest.ExistingKey" start time: Jun 30 18:41 India Standard Time
Output:
----------------------------------------------------------
Note: Google Test filter = RedisLiteExistsTest.ExistingKey
[==========] Running 1 test from 1 test suite.
[----------] Global test environment set-up.
[----------] 1 test from RedisLiteExistsTest
[ RUN      ] RedisLiteExistsTest.ExistingKey
Ok
exists
[       OK ] RedisLiteExistsTest.ExistingKey (0 ms)
[----------] 1 test from RedisLiteExistsTest (0 ms total)

[----------] Global test environment tear-down
[==========] 1 test from 1 test suite ran. (0 ms total)
[  PASSED  ] 1 test.
<end of output>
Test time =   0.06 sec
----------------------------------------------------------
Test Passed.
"RedisLiteExistsTest.ExistingKey" end time: Jun 30 18:41 India Standard Time
"RedisLiteExistsTest.ExistingKey" time elapsed: 00:00:00
----------------------------------------------------------

11/167 Testing: RedisLiteDeleteTest.DeleteExistingKey
11/167 Test: RedisLiteDeleteTest.DeleteExistingKey
Command: "D:/Git pull/STL-Library/build/Tests.exe" "--gtest_filter=RedisLiteDeleteTest.DeleteExistingKey" "--gtest_also_run_disabled_tests"
Directory: D:/Git pull/STL-Library/build
"RedisLiteDeleteTest.DeleteExistingKey" start time: Jun 30 18:41 India Standard Time
Output:
----------------------------------------------------------
Note: Google Test filter = RedisLiteDeleteTest.DeleteExistingKey
[==========] Running 1 test from 1 test suite.
[----------] Global test environment set-up.
[----------] 1 test from RedisLiteDeleteTest
[ RUN      ] RedisLiteDeleteTest.DeleteExistingKey
Ok
Removed
Not exists
0
[       OK ] RedisLiteDeleteTest.DeleteExistingKey (0 ms)
[----------] 1 test from RedisLiteDeleteTest (0 ms total)

[----------] Global test environment tear-down
[==========] 1 test from 1 test suite ran. (0 ms total)
[  PASSED  ] 1 test.
<end of output>
Test time =   0.06 sec
----------------------------------------------------------
Test Passed.
"RedisLiteDeleteTest.DeleteExistingKey" end time: Jun 30 18:41 India Standard Time
"RedisLiteDeleteTest.DeleteExistingKey" time elapsed: 00:00:00
----------------------------------------------------------

12/167 Testing: RedisLiteDeleteTest.DeleteNonExistingKey
12/167 Test: RedisLiteDeleteTest.DeleteNonExistingKey
Command: "D:/Git pull/STL-Library/build/Tests.exe" "--gtest_filter=RedisLiteDeleteTest.DeleteNonExistingKey" "--gtest_also_run_disabled_tests"
Directory: D:/Git pull/STL-Library/build
"RedisLiteDeleteTest.DeleteNonExistingKey" start time: Jun 30 18:41 India Standard Time
Output:
----------------------------------------------------------
Note: Google Test filter = RedisLiteDeleteTest.DeleteNonExistingKey
[==========] Running 1 test from 1 test suite.
[----------] Global test environment set-up.
[----------] 1 test from RedisLiteDeleteTest
[ RUN      ] RedisLiteDeleteTest.DeleteNonExistingKey
Key not found! 
[       OK ] RedisLiteDeleteTest.DeleteNonExistingKey (0 ms)
[----------] 1 test from RedisLiteDeleteTest (0 ms total)

[----------] Global test environment tear-down
[==========] 1 test from 1 test suite ran. (0 ms total)
[  PASSED  ] 1 test.
<end of output>
Test time =   0.06 sec
----------------------------------------------------------
Test Passed.
"RedisLiteDeleteTest.DeleteNonExistingKey" end time: Jun 30 18:41 India Standard Time
"RedisLiteDeleteTest.DeleteNonExistingKey" time elapsed: 00:00:00
----------------------------------------------------------

13/167 Testing: RedisLiteClearTest.ClearDatabase
13/167 Test: RedisLiteClearTest.ClearDatabase
Command: "D:/Git pull/STL-Library/build/Tests.exe" "--gtest_filter=RedisLiteClearTest.ClearDatabase" "--gtest_also_run_disabled_tests"
Directory: D:/Git pull/STL-Library/build
"RedisLiteClearTest.ClearDatabase" start time: Jun 30 18:41 India Standard Time
Output:
----------------------------------------------------------
Note: Google Test filter = RedisLiteClearTest.ClearDatabase
[==========] Running 1 test from 1 test suite.
[----------] Global test environment set-up.
[----------] 1 test from RedisLiteClearTest
[ RUN      ] RedisLiteClearTest.ClearDatabase
Ok
Ok
Ok0
[       OK ] RedisLiteClearTest.ClearDatabase (0 ms)
[----------] 1 test from RedisLiteClearTest (0 ms total)

[----------] Global test environment tear-down
[==========] 1 test from 1 test suite ran. (0 ms total)
[  PASSED  ] 1 test.
<end of output>
Test time =   0.06 sec
----------------------------------------------------------
Test Passed.
"RedisLiteClearTest.ClearDatabase" end time: Jun 30 18:41 India Standard Time
"RedisLiteClearTest.ClearDatabase" time elapsed: 00:00:00
----------------------------------------------------------

14/167 Testing: RedisLiteClearTest.ClearEmptyDatabase
14/167 Test: RedisLiteClearTest.ClearEmptyDatabase
Command: "D:/Git pull/STL-Library/build/Tests.exe" "--gtest_filter=RedisLiteClearTest.ClearEmptyDatabase" "--gtest_also_run_disabled_tests"
Directory: D:/Git pull/STL-Library/build
"RedisLiteClearTest.ClearEmptyDatabase" start time: Jun 30 18:41 India Standard Time
Output:
----------------------------------------------------------
Note: Google Test filter = RedisLiteClearTest.ClearEmptyDatabase
[==========] Running 1 test from 1 test suite.
[----------] Global test environment set-up.
[----------] 1 test from RedisLiteClearTest
[ RUN      ] RedisLiteClearTest.ClearEmptyDatabase
Ok0
[       OK ] RedisLiteClearTest.ClearEmptyDatabase (0 ms)
[----------] 1 test from RedisLiteClearTest (0 ms total)

[----------] Global test environment tear-down
[==========] 1 test from 1 test suite ran. (0 ms total)
[  PASSED  ] 1 test.
<end of output>
Test time =   0.05 sec
----------------------------------------------------------
Test Passed.
"RedisLiteClearTest.ClearEmptyDatabase" end time: Jun 30 18:41 India Standard Time
"RedisLiteClearTest.ClearEmptyDatabase" time elapsed: 00:00:00
----------------------------------------------------------

15/167 Testing: RedisLiteSetTest.SetSingleKey
15/167 Test: RedisLiteSetTest.SetSingleKey
Command: "D:/Git pull/STL-Library/build/Tests.exe" "--gtest_filter=RedisLiteSetTest.SetSingleKey" "--gtest_also_run_disabled_tests"
Directory: D:/Git pull/STL-Library/build
"RedisLiteSetTest.SetSingleKey" start time: Jun 30 18:41 India Standard Time
Output:
----------------------------------------------------------
Note: Google Test filter = RedisLiteSetTest.SetSingleKey
[==========] Running 1 test from 1 test suite.
[----------] Global test environment set-up.
[----------] 1 test from RedisLiteSetTest
[ RUN      ] RedisLiteSetTest.SetSingleKey
Ok
1
exists
[       OK ] RedisLiteSetTest.SetSingleKey (0 ms)
[----------] 1 test from RedisLiteSetTest (0 ms total)

[----------] Global test environment tear-down
[==========] 1 test from 1 test suite ran. (0 ms total)
[  PASSED  ] 1 test.
<end of output>
Test time =   0.07 sec
----------------------------------------------------------
Test Passed.
"RedisLiteSetTest.SetSingleKey" end time: Jun 30 18:41 India Standard Time
"RedisLiteSetTest.SetSingleKey" time elapsed: 00:00:00
----------------------------------------------------------

16/167 Testing: RedisLiteSetTest.SetMultipleKeys
16/167 Test: RedisLiteSetTest.SetMultipleKeys
Command: "D:/Git pull/STL-Library/build/Tests.exe" "--gtest_filter=RedisLiteSetTest.SetMultipleKeys" "--gtest_also_run_disabled_tests"
Directory: D:/Git pull/STL-Library/build
"RedisLiteSetTest.SetMultipleKeys" start time: Jun 30 18:41 India Standard Time
Output:
----------------------------------------------------------
Note: Google Test filter = RedisLiteSetTest.SetMultipleKeys
[==========] Running 1 test from 1 test suite.
[----------] Global test environment set-up.
[----------] 1 test from RedisLiteSetTest
[ RUN      ] RedisLiteSetTest.SetMultipleKeys
Ok
Ok
Ok
3
[       OK ] RedisLiteSetTest.SetMultipleKeys (0 ms)
[----------] 1 test from RedisLiteSetTest (0 ms total)

[----------] Global test environment tear-down
[==========] 1 test from 1 test suite ran. (0 ms total)
[  PASSED  ] 1 test.
<end of output>
Test time =   0.07 sec
----------------------------------------------------------
Test Passed.
"RedisLiteSetTest.SetMultipleKeys" end time: Jun 30 18:41 India Standard Time
"RedisLiteSetTest.SetMultipleKeys" time elapsed: 00:00:00
----------------------------------------------------------

17/167 Testing: RedisLiteSetTest.UpdateExistingKey
17/167 Test: RedisLiteSetTest.UpdateExistingKey
Command: "D:/Git pull/STL-Library/build/Tests.exe" "--gtest_filter=RedisLiteSetTest.UpdateExistingKey" "--gtest_also_run_disabled_tests"
Directory: D:/Git pull/STL-Library/build
"RedisLiteSetTest.UpdateExistingKey" start time: Jun 30 18:41 India Standard Time
Output:
----------------------------------------------------------
Note: Google Test filter = RedisLiteSetTest.UpdateExistingKey
[==========] Running 1 test from 1 test suite.
[----------] Global test environment set-up.
[----------] 1 test from RedisLiteSetTest
[ RUN      ] RedisLiteSetTest.UpdateExistingKey
Ok
Ok
1
exists
[       OK ] RedisLiteSetTest.UpdateExistingKey (0 ms)
[----------] 1 test from RedisLiteSetTest (0 ms total)

[----------] Global test environment tear-down
[==========] 1 test from 1 test suite ran. (0 ms total)
[  PASSED  ] 1 test.
<end of output>
Test time =   0.10 sec
----------------------------------------------------------
Test Passed.
"RedisLiteSetTest.UpdateExistingKey" end time: Jun 30 18:41 India Standard Time
"RedisLiteSetTest.UpdateExistingKey" time elapsed: 00:00:00
----------------------------------------------------------

18/167 Testing: RedisLiteConstructorTest.DefaultConstructor
18/167 Test: RedisLiteConstructorTest.DefaultConstructor
Command: "D:/Git pull/STL-Library/build/Tests.exe" "--gtest_filter=RedisLiteConstructorTest.DefaultConstructor" "--gtest_also_run_disabled_tests"
Directory: D:/Git pull/STL-Library/build
"RedisLiteConstructorTest.DefaultConstructor" start time: Jun 30 18:41 India Standard Time
Output:
----------------------------------------------------------
Note: Google Test filter = RedisLiteConstructorTest.DefaultConstructor
[==========] Running 1 test from 1 test suite.
[----------] Global test environment set-up.
[----------] 1 test from RedisLiteConstructorTest
[ RUN      ] RedisLiteConstructorTest.DefaultConstructor
0
[       OK ] RedisLiteConstructorTest.DefaultConstructor (0 ms)
[----------] 1 test from RedisLiteConstructorTest (0 ms total)

[----------] Global test environment tear-down
[==========] 1 test from 1 test suite ran. (0 ms total)
[  PASSED  ] 1 test.
<end of output>
Test time =   0.20 sec
----------------------------------------------------------
Test Passed.
"RedisLiteConstructorTest.DefaultConstructor" end time: Jun 30 18:41 India Standard Time
"RedisLiteConstructorTest.DefaultConstructor" time elapsed: 00:00:00
----------------------------------------------------------

19/167 Testing: HashMapGetTest.GetSingleElement
19/167 Test: HashMapGetTest.GetSingleElement
Command: "D:/Git pull/STL-Library/build/Tests.exe" "--gtest_filter=HashMapGetTest.GetSingleElement" "--gtest_also_run_disabled_tests"
Directory: D:/Git pull/STL-Library/build
"HashMapGetTest.GetSingleElement" start time: Jun 30 18:41 India Standard Time
Output:
----------------------------------------------------------
Note: Google Test filter = HashMapGetTest.GetSingleElement
[==========] Running 1 test from 1 test suite.
[----------] Global test environment set-up.
[----------] 1 test from HashMapGetTest
[ RUN      ] HashMapGetTest.GetSingleElement
[       OK ] HashMapGetTest.GetSingleElement (0 ms)
[----------] 1 test from HashMapGetTest (0 ms total)

[----------] Global test environment tear-down
[==========] 1 test from 1 test suite ran. (0 ms total)
[  PASSED  ] 1 test.
<end of output>
Test time =   0.06 sec
----------------------------------------------------------
Test Passed.
"HashMapGetTest.GetSingleElement" end time: Jun 30 18:41 India Standard Time
"HashMapGetTest.GetSingleElement" time elapsed: 00:00:00
----------------------------------------------------------

20/167 Testing: HashMapGetTest.GetMultipleElements
20/167 Test: HashMapGetTest.GetMultipleElements
Command: "D:/Git pull/STL-Library/build/Tests.exe" "--gtest_filter=HashMapGetTest.GetMultipleElements" "--gtest_also_run_disabled_tests"
Directory: D:/Git pull/STL-Library/build
"HashMapGetTest.GetMultipleElements" start time: Jun 30 18:41 India Standard Time
Output:
----------------------------------------------------------
Note: Google Test filter = HashMapGetTest.GetMultipleElements
[==========] Running 1 test from 1 test suite.
[----------] Global test environment set-up.
[----------] 1 test from HashMapGetTest
[ RUN      ] HashMapGetTest.GetMultipleElements
[       OK ] HashMapGetTest.GetMultipleElements (0 ms)
[----------] 1 test from HashMapGetTest (0 ms total)

[----------] Global test environment tear-down
[==========] 1 test from 1 test suite ran. (0 ms total)
[  PASSED  ] 1 test.
<end of output>
Test time =   0.08 sec
----------------------------------------------------------
Test Passed.
"HashMapGetTest.GetMultipleElements" end time: Jun 30 18:41 India Standard Time
"HashMapGetTest.GetMultipleElements" time elapsed: 00:00:00
----------------------------------------------------------

21/167 Testing: HashMapGetTest.GetUpdatedValue
21/167 Test: HashMapGetTest.GetUpdatedValue
Command: "D:/Git pull/STL-Library/build/Tests.exe" "--gtest_filter=HashMapGetTest.GetUpdatedValue" "--gtest_also_run_disabled_tests"
Directory: D:/Git pull/STL-Library/build
"HashMapGetTest.GetUpdatedValue" start time: Jun 30 18:41 India Standard Time
Output:
----------------------------------------------------------
Note: Google Test filter = HashMapGetTest.GetUpdatedValue
[==========] Running 1 test from 1 test suite.
[----------] Global test environment set-up.
[----------] 1 test from HashMapGetTest
[ RUN      ] HashMapGetTest.GetUpdatedValue
[       OK ] HashMapGetTest.GetUpdatedValue (0 ms)
[----------] 1 test from HashMapGetTest (0 ms total)

[----------] Global test environment tear-down
[==========] 1 test from 1 test suite ran. (0 ms total)
[  PASSED  ] 1 test.
<end of output>
Test time =   0.10 sec
----------------------------------------------------------
Test Passed.
"HashMapGetTest.GetUpdatedValue" end time: Jun 30 18:41 India Standard Time
"HashMapGetTest.GetUpdatedValue" time elapsed: 00:00:00
----------------------------------------------------------

22/167 Testing: HashMapGetTest.GetNegativeKey
22/167 Test: HashMapGetTest.GetNegativeKey
Command: "D:/Git pull/STL-Library/build/Tests.exe" "--gtest_filter=HashMapGetTest.GetNegativeKey" "--gtest_also_run_disabled_tests"
Directory: D:/Git pull/STL-Library/build
"HashMapGetTest.GetNegativeKey" start time: Jun 30 18:41 India Standard Time
Output:
----------------------------------------------------------
Note: Google Test filter = HashMapGetTest.GetNegativeKey
[==========] Running 1 test from 1 test suite.
[----------] Global test environment set-up.
[----------] 1 test from HashMapGetTest
[ RUN      ] HashMapGetTest.GetNegativeKey
[       OK ] HashMapGetTest.GetNegativeKey (0 ms)
[----------] 1 test from HashMapGetTest (0 ms total)

[----------] Global test environment tear-down
[==========] 1 test from 1 test suite ran. (0 ms total)
[  PASSED  ] 1 test.
<end of output>
Test time =   0.09 sec
----------------------------------------------------------
Test Passed.
"HashMapGetTest.GetNegativeKey" end time: Jun 30 18:41 India Standard Time
"HashMapGetTest.GetNegativeKey" time elapsed: 00:00:00
----------------------------------------------------------

23/167 Testing: HashMapGetTest.GetZeroKey
23/167 Test: HashMapGetTest.GetZeroKey
Command: "D:/Git pull/STL-Library/build/Tests.exe" "--gtest_filter=HashMapGetTest.GetZeroKey" "--gtest_also_run_disabled_tests"
Directory: D:/Git pull/STL-Library/build
"HashMapGetTest.GetZeroKey" start time: Jun 30 18:41 India Standard Time
Output:
----------------------------------------------------------
Note: Google Test filter = HashMapGetTest.GetZeroKey
[==========] Running 1 test from 1 test suite.
[----------] Global test environment set-up.
[----------] 1 test from HashMapGetTest
[ RUN      ] HashMapGetTest.GetZeroKey
[       OK ] HashMapGetTest.GetZeroKey (0 ms)
[----------] 1 test from HashMapGetTest (0 ms total)

[----------] Global test environment tear-down
[==========] 1 test from 1 test suite ran. (0 ms total)
[  PASSED  ] 1 test.
<end of output>
Test time =   0.10 sec
----------------------------------------------------------
Test Passed.
"HashMapGetTest.GetZeroKey" end time: Jun 30 18:41 India Standard Time
"HashMapGetTest.GetZeroKey" time elapsed: 00:00:00
----------------------------------------------------------

24/167 Testing: HashMapGetTest.GetStringKey
24/167 Test: HashMapGetTest.GetStringKey
Command: "D:/Git pull/STL-Library/build/Tests.exe" "--gtest_filter=HashMapGetTest.GetStringKey" "--gtest_also_run_disabled_tests"
Directory: D:/Git pull/STL-Library/build
"HashMapGetTest.GetStringKey" start time: Jun 30 18:41 India Standard Time
Output:
----------------------------------------------------------
Note: Google Test filter = HashMapGetTest.GetStringKey
[==========] Running 1 test from 1 test suite.
[----------] Global test environment set-up.
[----------] 1 test from HashMapGetTest
[ RUN      ] HashMapGetTest.GetStringKey
[       OK ] HashMapGetTest.GetStringKey (0 ms)
[----------] 1 test from HashMapGetTest (0 ms total)

[----------] Global test environment tear-down
[==========] 1 test from 1 test suite ran. (0 ms total)
[  PASSED  ] 1 test.
<end of output>
Test time =   0.09 sec
----------------------------------------------------------
Test Passed.
"HashMapGetTest.GetStringKey" end time: Jun 30 18:41 India Standard Time
"HashMapGetTest.GetStringKey" time elapsed: 00:00:00
----------------------------------------------------------

25/167 Testing: HashMapGetTest.GetNonExistingKeyThrows
25/167 Test: HashMapGetTest.GetNonExistingKeyThrows
Command: "D:/Git pull/STL-Library/build/Tests.exe" "--gtest_filter=HashMapGetTest.GetNonExistingKeyThrows" "--gtest_also_run_disabled_tests"
Directory: D:/Git pull/STL-Library/build
"HashMapGetTest.GetNonExistingKeyThrows" start time: Jun 30 18:41 India Standard Time
Output:
----------------------------------------------------------
Note: Google Test filter = HashMapGetTest.GetNonExistingKeyThrows
[==========] Running 1 test from 1 test suite.
[----------] Global test environment set-up.
[----------] 1 test from HashMapGetTest
[ RUN      ] HashMapGetTest.GetNonExistingKeyThrows
[       OK ] HashMapGetTest.GetNonExistingKeyThrows (4 ms)
[----------] 1 test from HashMapGetTest (4 ms total)

[----------] Global test environment tear-down
[==========] 1 test from 1 test suite ran. (4 ms total)
[  PASSED  ] 1 test.
<end of output>
Test time =   0.10 sec
----------------------------------------------------------
Test Passed.
"HashMapGetTest.GetNonExistingKeyThrows" end time: Jun 30 18:41 India Standard Time
"HashMapGetTest.GetNonExistingKeyThrows" time elapsed: 00:00:00
----------------------------------------------------------

26/167 Testing: HashMapGetTest.GetAfterRemoveThrows
26/167 Test: HashMapGetTest.GetAfterRemoveThrows
Command: "D:/Git pull/STL-Library/build/Tests.exe" "--gtest_filter=HashMapGetTest.GetAfterRemoveThrows" "--gtest_also_run_disabled_tests"
Directory: D:/Git pull/STL-Library/build
"HashMapGetTest.GetAfterRemoveThrows" start time: Jun 30 18:41 India Standard Time
Output:
----------------------------------------------------------
Note: Google Test filter = HashMapGetTest.GetAfterRemoveThrows
[==========] Running 1 test from 1 test suite.
[----------] Global test environment set-up.
[----------] 1 test from HashMapGetTest
[ RUN      ] HashMapGetTest.GetAfterRemoveThrows
[       OK ] HashMapGetTest.GetAfterRemoveThrows (0 ms)
[----------] 1 test from HashMapGetTest (0 ms total)

[----------] Global test environment tear-down
[==========] 1 test from 1 test suite ran. (0 ms total)
[  PASSED  ] 1 test.
<end of output>
Test time =   0.09 sec
----------------------------------------------------------
Test Passed.
"HashMapGetTest.GetAfterRemoveThrows" end time: Jun 30 18:41 India Standard Time
"HashMapGetTest.GetAfterRemoveThrows" time elapsed: 00:00:00
----------------------------------------------------------

27/167 Testing: HashMapSizeTest.EmptyMapSizeIsZero
27/167 Test: HashMapSizeTest.EmptyMapSizeIsZero
Command: "D:/Git pull/STL-Library/build/Tests.exe" "--gtest_filter=HashMapSizeTest.EmptyMapSizeIsZero" "--gtest_also_run_disabled_tests"
Directory: D:/Git pull/STL-Library/build
"HashMapSizeTest.EmptyMapSizeIsZero" start time: Jun 30 18:41 India Standard Time
Output:
----------------------------------------------------------
Note: Google Test filter = HashMapSizeTest.EmptyMapSizeIsZero
[==========] Running 1 test from 1 test suite.
[----------] Global test environment set-up.
[----------] 1 test from HashMapSizeTest
[ RUN      ] HashMapSizeTest.EmptyMapSizeIsZero
[       OK ] HashMapSizeTest.EmptyMapSizeIsZero (0 ms)
[----------] 1 test from HashMapSizeTest (0 ms total)

[----------] Global test environment tear-down
[==========] 1 test from 1 test suite ran. (0 ms total)
[  PASSED  ] 1 test.
<end of output>
Test time =   0.09 sec
----------------------------------------------------------
Test Passed.
"HashMapSizeTest.EmptyMapSizeIsZero" end time: Jun 30 18:41 India Standard Time
"HashMapSizeTest.EmptyMapSizeIsZero" time elapsed: 00:00:00
----------------------------------------------------------

28/167 Testing: HashMapSizeTest.SizeAfterSingleInsert
28/167 Test: HashMapSizeTest.SizeAfterSingleInsert
Command: "D:/Git pull/STL-Library/build/Tests.exe" "--gtest_filter=HashMapSizeTest.SizeAfterSingleInsert" "--gtest_also_run_disabled_tests"
Directory: D:/Git pull/STL-Library/build
"HashMapSizeTest.SizeAfterSingleInsert" start time: Jun 30 18:41 India Standard Time
Output:
----------------------------------------------------------
Note: Google Test filter = HashMapSizeTest.SizeAfterSingleInsert
[==========] Running 1 test from 1 test suite.
[----------] Global test environment set-up.
[----------] 1 test from HashMapSizeTest
[ RUN      ] HashMapSizeTest.SizeAfterSingleInsert
[       OK ] HashMapSizeTest.SizeAfterSingleInsert (0 ms)
[----------] 1 test from HashMapSizeTest (0 ms total)

[----------] Global test environment tear-down
[==========] 1 test from 1 test suite ran. (0 ms total)
[  PASSED  ] 1 test.
<end of output>
Test time =   0.09 sec
----------------------------------------------------------
Test Passed.
"HashMapSizeTest.SizeAfterSingleInsert" end time: Jun 30 18:41 India Standard Time
"HashMapSizeTest.SizeAfterSingleInsert" time elapsed: 00:00:00
----------------------------------------------------------

29/167 Testing: HashMapSizeTest.SizeAfterMultipleInserts
29/167 Test: HashMapSizeTest.SizeAfterMultipleInserts
Command: "D:/Git pull/STL-Library/build/Tests.exe" "--gtest_filter=HashMapSizeTest.SizeAfterMultipleInserts" "--gtest_also_run_disabled_tests"
Directory: D:/Git pull/STL-Library/build
"HashMapSizeTest.SizeAfterMultipleInserts" start time: Jun 30 18:41 India Standard Time
Output:
----------------------------------------------------------
Note: Google Test filter = HashMapSizeTest.SizeAfterMultipleInserts
[==========] Running 1 test from 1 test suite.
[----------] Global test environment set-up.
[----------] 1 test from HashMapSizeTest
[ RUN      ] HashMapSizeTest.SizeAfterMultipleInserts
[       OK ] HashMapSizeTest.SizeAfterMultipleInserts (0 ms)
[----------] 1 test from HashMapSizeTest (0 ms total)

[----------] Global test environment tear-down
[==========] 1 test from 1 test suite ran. (0 ms total)
[  PASSED  ] 1 test.
<end of output>
Test time =   0.07 sec
----------------------------------------------------------
Test Passed.
"HashMapSizeTest.SizeAfterMultipleInserts" end time: Jun 30 18:41 India Standard Time
"HashMapSizeTest.SizeAfterMultipleInserts" time elapsed: 00:00:00
----------------------------------------------------------

30/167 Testing: HashMapSizeTest.DuplicateKeyDoesNotIncreaseSize
30/167 Test: HashMapSizeTest.DuplicateKeyDoesNotIncreaseSize
Command: "D:/Git pull/STL-Library/build/Tests.exe" "--gtest_filter=HashMapSizeTest.DuplicateKeyDoesNotIncreaseSize" "--gtest_also_run_disabled_tests"
Directory: D:/Git pull/STL-Library/build
"HashMapSizeTest.DuplicateKeyDoesNotIncreaseSize" start time: Jun 30 18:41 India Standard Time
Output:
----------------------------------------------------------
Note: Google Test filter = HashMapSizeTest.DuplicateKeyDoesNotIncreaseSize
[==========] Running 1 test from 1 test suite.
[----------] Global test environment set-up.
[----------] 1 test from HashMapSizeTest
[ RUN      ] HashMapSizeTest.DuplicateKeyDoesNotIncreaseSize
[       OK ] HashMapSizeTest.DuplicateKeyDoesNotIncreaseSize (0 ms)
[----------] 1 test from HashMapSizeTest (0 ms total)

[----------] Global test environment tear-down
[==========] 1 test from 1 test suite ran. (0 ms total)
[  PASSED  ] 1 test.
<end of output>
Test time =   0.09 sec
----------------------------------------------------------
Test Passed.
"HashMapSizeTest.DuplicateKeyDoesNotIncreaseSize" end time: Jun 30 18:41 India Standard Time
"HashMapSizeTest.DuplicateKeyDoesNotIncreaseSize" time elapsed: 00:00:00
----------------------------------------------------------

31/167 Testing: HashMapSizeTest.SizeAfterRemove
31/167 Test: HashMapSizeTest.SizeAfterRemove
Command: "D:/Git pull/STL-Library/build/Tests.exe" "--gtest_filter=HashMapSizeTest.SizeAfterRemove" "--gtest_also_run_disabled_tests"
Directory: D:/Git pull/STL-Library/build
"HashMapSizeTest.SizeAfterRemove" start time: Jun 30 18:41 India Standard Time
Output:
----------------------------------------------------------
Note: Google Test filter = HashMapSizeTest.SizeAfterRemove
[==========] Running 1 test from 1 test suite.
[----------] Global test environment set-up.
[----------] 1 test from HashMapSizeTest
[ RUN      ] HashMapSizeTest.SizeAfterRemove
[       OK ] HashMapSizeTest.SizeAfterRemove (0 ms)
[----------] 1 test from HashMapSizeTest (0 ms total)

[----------] Global test environment tear-down
[==========] 1 test from 1 test suite ran. (0 ms total)
[  PASSED  ] 1 test.
<end of output>
Test time =   0.09 sec
----------------------------------------------------------
Test Passed.
"HashMapSizeTest.SizeAfterRemove" end time: Jun 30 18:41 India Standard Time
"HashMapSizeTest.SizeAfterRemove" time elapsed: 00:00:00
----------------------------------------------------------

32/167 Testing: HashMapSizeTest.SizeAfterClear
32/167 Test: HashMapSizeTest.SizeAfterClear
Command: "D:/Git pull/STL-Library/build/Tests.exe" "--gtest_filter=HashMapSizeTest.SizeAfterClear" "--gtest_also_run_disabled_tests"
Directory: D:/Git pull/STL-Library/build
"HashMapSizeTest.SizeAfterClear" start time: Jun 30 18:41 India Standard Time
Output:
----------------------------------------------------------
Note: Google Test filter = HashMapSizeTest.SizeAfterClear
[==========] Running 1 test from 1 test suite.
[----------] Global test environment set-up.
[----------] 1 test from HashMapSizeTest
[ RUN      ] HashMapSizeTest.SizeAfterClear
[       OK ] HashMapSizeTest.SizeAfterClear (0 ms)
[----------] 1 test from HashMapSizeTest (0 ms total)

[----------] Global test environment tear-down
[==========] 1 test from 1 test suite ran. (0 ms total)
[  PASSED  ] 1 test.
<end of output>
Test time =   0.09 sec
----------------------------------------------------------
Test Passed.
"HashMapSizeTest.SizeAfterClear" end time: Jun 30 18:41 India Standard Time
"HashMapSizeTest.SizeAfterClear" time elapsed: 00:00:00
----------------------------------------------------------

33/167 Testing: HashMapCapacityTest.DefaultCapacity
33/167 Test: HashMapCapacityTest.DefaultCapacity
Command: "D:/Git pull/STL-Library/build/Tests.exe" "--gtest_filter=HashMapCapacityTest.DefaultCapacity" "--gtest_also_run_disabled_tests"
Directory: D:/Git pull/STL-Library/build
"HashMapCapacityTest.DefaultCapacity" start time: Jun 30 18:41 India Standard Time
Output:
----------------------------------------------------------
Note: Google Test filter = HashMapCapacityTest.DefaultCapacity
[==========] Running 1 test from 1 test suite.
[----------] Global test environment set-up.
[----------] 1 test from HashMapCapacityTest
[ RUN      ] HashMapCapacityTest.DefaultCapacity
[       OK ] HashMapCapacityTest.DefaultCapacity (0 ms)
[----------] 1 test from HashMapCapacityTest (0 ms total)

[----------] Global test environment tear-down
[==========] 1 test from 1 test suite ran. (0 ms total)
[  PASSED  ] 1 test.
<end of output>
Test time =   0.08 sec
----------------------------------------------------------
Test Passed.
"HashMapCapacityTest.DefaultCapacity" end time: Jun 30 18:41 India Standard Time
"HashMapCapacityTest.DefaultCapacity" time elapsed: 00:00:00
----------------------------------------------------------

34/167 Testing: HashMapCapacityTest.CustomCapacity
34/167 Test: HashMapCapacityTest.CustomCapacity
Command: "D:/Git pull/STL-Library/build/Tests.exe" "--gtest_filter=HashMapCapacityTest.CustomCapacity" "--gtest_also_run_disabled_tests"
Directory: D:/Git pull/STL-Library/build
"HashMapCapacityTest.CustomCapacity" start time: Jun 30 18:41 India Standard Time
Output:
----------------------------------------------------------
Note: Google Test filter = HashMapCapacityTest.CustomCapacity
[==========] Running 1 test from 1 test suite.
[----------] Global test environment set-up.
[----------] 1 test from HashMapCapacityTest
[ RUN      ] HashMapCapacityTest.CustomCapacity
[       OK ] HashMapCapacityTest.CustomCapacity (0 ms)
[----------] 1 test from HashMapCapacityTest (0 ms total)

[----------] Global test environment tear-down
[==========] 1 test from 1 test suite ran. (0 ms total)
[  PASSED  ] 1 test.
<end of output>
Test time =   0.09 sec
----------------------------------------------------------
Test Passed.
"HashMapCapacityTest.CustomCapacity" end time: Jun 30 18:41 India Standard Time
"HashMapCapacityTest.CustomCapacity" time elapsed: 00:00:00
----------------------------------------------------------

35/167 Testing: HashMapCapacityTest.CapacityAfterInsertWithoutRehash
35/167 Test: HashMapCapacityTest.CapacityAfterInsertWithoutRehash
Command: "D:/Git pull/STL-Library/build/Tests.exe" "--gtest_filter=HashMapCapacityTest.CapacityAfterInsertWithoutRehash" "--gtest_also_run_disabled_tests"
Directory: D:/Git pull/STL-Library/build
"HashMapCapacityTest.CapacityAfterInsertWithoutRehash" start time: Jun 30 18:41 India Standard Time
Output:
----------------------------------------------------------
Note: Google Test filter = HashMapCapacityTest.CapacityAfterInsertWithoutRehash
[==========] Running 1 test from 1 test suite.
[----------] Global test environment set-up.
[----------] 1 test from HashMapCapacityTest
[ RUN      ] HashMapCapacityTest.CapacityAfterInsertWithoutRehash
[       OK ] HashMapCapacityTest.CapacityAfterInsertWithoutRehash (0 ms)
[----------] 1 test from HashMapCapacityTest (0 ms total)

[----------] Global test environment tear-down
[==========] 1 test from 1 test suite ran. (0 ms total)
[  PASSED  ] 1 test.
<end of output>
Test time =   0.09 sec
----------------------------------------------------------
Test Passed.
"HashMapCapacityTest.CapacityAfterInsertWithoutRehash" end time: Jun 30 18:41 India Standard Time
"HashMapCapacityTest.CapacityAfterInsertWithoutRehash" time elapsed: 00:00:00
----------------------------------------------------------

36/167 Testing: HashMapCapacityTest.CapacityAfterRehash
36/167 Test: HashMapCapacityTest.CapacityAfterRehash
Command: "D:/Git pull/STL-Library/build/Tests.exe" "--gtest_filter=HashMapCapacityTest.CapacityAfterRehash" "--gtest_also_run_disabled_tests"
Directory: D:/Git pull/STL-Library/build
"HashMapCapacityTest.CapacityAfterRehash" start time: Jun 30 18:41 India Standard Time
Output:
----------------------------------------------------------
Note: Google Test filter = HashMapCapacityTest.CapacityAfterRehash
[==========] Running 1 test from 1 test suite.
[----------] Global test environment set-up.
[----------] 1 test from HashMapCapacityTest
[ RUN      ] HashMapCapacityTest.CapacityAfterRehash
[       OK ] HashMapCapacityTest.CapacityAfterRehash (0 ms)
[----------] 1 test from HashMapCapacityTest (0 ms total)

[----------] Global test environment tear-down
[==========] 1 test from 1 test suite ran. (0 ms total)
[  PASSED  ] 1 test.
<end of output>
Test time =   0.09 sec
----------------------------------------------------------
Test Passed.
"HashMapCapacityTest.CapacityAfterRehash" end time: Jun 30 18:41 India Standard Time
"HashMapCapacityTest.CapacityAfterRehash" time elapsed: 00:00:00
----------------------------------------------------------

37/167 Testing: HashMapRehashTest.CapacityDoublesAfterThreshold
37/167 Test: HashMapRehashTest.CapacityDoublesAfterThreshold
Command: "D:/Git pull/STL-Library/build/Tests.exe" "--gtest_filter=HashMapRehashTest.CapacityDoublesAfterThreshold" "--gtest_also_run_disabled_tests"
Directory: D:/Git pull/STL-Library/build
"HashMapRehashTest.CapacityDoublesAfterThreshold" start time: Jun 30 18:41 India Standard Time
Output:
----------------------------------------------------------
Note: Google Test filter = HashMapRehashTest.CapacityDoublesAfterThreshold
[==========] Running 1 test from 1 test suite.
[----------] Global test environment set-up.
[----------] 1 test from HashMapRehashTest
[ RUN      ] HashMapRehashTest.CapacityDoublesAfterThreshold
[       OK ] HashMapRehashTest.CapacityDoublesAfterThreshold (0 ms)
[----------] 1 test from HashMapRehashTest (0 ms total)

[----------] Global test environment tear-down
[==========] 1 test from 1 test suite ran. (0 ms total)
[  PASSED  ] 1 test.
<end of output>
Test time =   0.09 sec
----------------------------------------------------------
Test Passed.
"HashMapRehashTest.CapacityDoublesAfterThreshold" end time: Jun 30 18:41 India Standard Time
"HashMapRehashTest.CapacityDoublesAfterThreshold" time elapsed: 00:00:00
----------------------------------------------------------

38/167 Testing: HashMapRehashTest.AllElementsRemainAfterRehash
38/167 Test: HashMapRehashTest.AllElementsRemainAfterRehash
Command: "D:/Git pull/STL-Library/build/Tests.exe" "--gtest_filter=HashMapRehashTest.AllElementsRemainAfterRehash" "--gtest_also_run_disabled_tests"
Directory: D:/Git pull/STL-Library/build
"HashMapRehashTest.AllElementsRemainAfterRehash" start time: Jun 30 18:41 India Standard Time
Output:
----------------------------------------------------------
Note: Google Test filter = HashMapRehashTest.AllElementsRemainAfterRehash
[==========] Running 1 test from 1 test suite.
[----------] Global test environment set-up.
[----------] 1 test from HashMapRehashTest
[ RUN      ] HashMapRehashTest.AllElementsRemainAfterRehash
[       OK ] HashMapRehashTest.AllElementsRemainAfterRehash (0 ms)
[----------] 1 test from HashMapRehashTest (0 ms total)

[----------] Global test environment tear-down
[==========] 1 test from 1 test suite ran. (0 ms total)
[  PASSED  ] 1 test.
<end of output>
Test time =   0.09 sec
----------------------------------------------------------
Test Passed.
"HashMapRehashTest.AllElementsRemainAfterRehash" end time: Jun 30 18:41 India Standard Time
"HashMapRehashTest.AllElementsRemainAfterRehash" time elapsed: 00:00:00
----------------------------------------------------------

39/167 Testing: HashMapRehashTest.LoadFactorAfterRehash
39/167 Test: HashMapRehashTest.LoadFactorAfterRehash
Command: "D:/Git pull/STL-Library/build/Tests.exe" "--gtest_filter=HashMapRehashTest.LoadFactorAfterRehash" "--gtest_also_run_disabled_tests"
Directory: D:/Git pull/STL-Library/build
"HashMapRehashTest.LoadFactorAfterRehash" start time: Jun 30 18:41 India Standard Time
Output:
----------------------------------------------------------
Note: Google Test filter = HashMapRehashTest.LoadFactorAfterRehash
[==========] Running 1 test from 1 test suite.
[----------] Global test environment set-up.
[----------] 1 test from HashMapRehashTest
[ RUN      ] HashMapRehashTest.LoadFactorAfterRehash
[       OK ] HashMapRehashTest.LoadFactorAfterRehash (0 ms)
[----------] 1 test from HashMapRehashTest (0 ms total)

[----------] Global test environment tear-down
[==========] 1 test from 1 test suite ran. (0 ms total)
[  PASSED  ] 1 test.
<end of output>
Test time =   0.09 sec
----------------------------------------------------------
Test Passed.
"HashMapRehashTest.LoadFactorAfterRehash" end time: Jun 30 18:41 India Standard Time
"HashMapRehashTest.LoadFactorAfterRehash" time elapsed: 00:00:00
----------------------------------------------------------

40/167 Testing: HashMapRehashTest.DuplicateKeyDoesNotTriggerExtraRehash
40/167 Test: HashMapRehashTest.DuplicateKeyDoesNotTriggerExtraRehash
Command: "D:/Git pull/STL-Library/build/Tests.exe" "--gtest_filter=HashMapRehashTest.DuplicateKeyDoesNotTriggerExtraRehash" "--gtest_also_run_disabled_tests"
Directory: D:/Git pull/STL-Library/build
"HashMapRehashTest.DuplicateKeyDoesNotTriggerExtraRehash" start time: Jun 30 18:41 India Standard Time
Output:
----------------------------------------------------------
Note: Google Test filter = HashMapRehashTest.DuplicateKeyDoesNotTriggerExtraRehash
[==========] Running 1 test from 1 test suite.
[----------] Global test environment set-up.
[----------] 1 test from HashMapRehashTest
[ RUN      ] HashMapRehashTest.DuplicateKeyDoesNotTriggerExtraRehash
[       OK ] HashMapRehashTest.DuplicateKeyDoesNotTriggerExtraRehash (0 ms)
[----------] 1 test from HashMapRehashTest (0 ms total)

[----------] Global test environment tear-down
[==========] 1 test from 1 test suite ran. (0 ms total)
[  PASSED  ] 1 test.
<end of output>
Test time =   0.08 sec
----------------------------------------------------------
Test Passed.
"HashMapRehashTest.DuplicateKeyDoesNotTriggerExtraRehash" end time: Jun 30 18:41 India Standard Time
"HashMapRehashTest.DuplicateKeyDoesNotTriggerExtraRehash" time elapsed: 00:00:00
----------------------------------------------------------

41/167 Testing: HashMapRehashTest.MultipleRehashes
41/167 Test: HashMapRehashTest.MultipleRehashes
Command: "D:/Git pull/STL-Library/build/Tests.exe" "--gtest_filter=HashMapRehashTest.MultipleRehashes" "--gtest_also_run_disabled_tests"
Directory: D:/Git pull/STL-Library/build
"HashMapRehashTest.MultipleRehashes" start time: Jun 30 18:41 India Standard Time
Output:
----------------------------------------------------------
Note: Google Test filter = HashMapRehashTest.MultipleRehashes
[==========] Running 1 test from 1 test suite.
[----------] Global test environment set-up.
[----------] 1 test from HashMapRehashTest
[ RUN      ] HashMapRehashTest.MultipleRehashes
[       OK ] HashMapRehashTest.MultipleRehashes (0 ms)
[----------] 1 test from HashMapRehashTest (0 ms total)

[----------] Global test environment tear-down
[==========] 1 test from 1 test suite ran. (0 ms total)
[  PASSED  ] 1 test.
<end of output>
Test time =   0.09 sec
----------------------------------------------------------
Test Passed.
"HashMapRehashTest.MultipleRehashes" end time: Jun 30 18:41 India Standard Time
"HashMapRehashTest.MultipleRehashes" time elapsed: 00:00:00
----------------------------------------------------------

42/167 Testing: HashMapClearTest.ClearEmptyMap
42/167 Test: HashMapClearTest.ClearEmptyMap
Command: "D:/Git pull/STL-Library/build/Tests.exe" "--gtest_filter=HashMapClearTest.ClearEmptyMap" "--gtest_also_run_disabled_tests"
Directory: D:/Git pull/STL-Library/build
"HashMapClearTest.ClearEmptyMap" start time: Jun 30 18:41 India Standard Time
Output:
----------------------------------------------------------
Note: Google Test filter = HashMapClearTest.ClearEmptyMap
[==========] Running 1 test from 1 test suite.
[----------] Global test environment set-up.
[----------] 1 test from HashMapClearTest
[ RUN      ] HashMapClearTest.ClearEmptyMap
[       OK ] HashMapClearTest.ClearEmptyMap (0 ms)
[----------] 1 test from HashMapClearTest (0 ms total)

[----------] Global test environment tear-down
[==========] 1 test from 1 test suite ran. (0 ms total)
[  PASSED  ] 1 test.
<end of output>
Test time =   0.09 sec
----------------------------------------------------------
Test Passed.
"HashMapClearTest.ClearEmptyMap" end time: Jun 30 18:41 India Standard Time
"HashMapClearTest.ClearEmptyMap" time elapsed: 00:00:00
----------------------------------------------------------

43/167 Testing: HashMapClearTest.ClearAfterSingleInsert
43/167 Test: HashMapClearTest.ClearAfterSingleInsert
Command: "D:/Git pull/STL-Library/build/Tests.exe" "--gtest_filter=HashMapClearTest.ClearAfterSingleInsert" "--gtest_also_run_disabled_tests"
Directory: D:/Git pull/STL-Library/build
"HashMapClearTest.ClearAfterSingleInsert" start time: Jun 30 18:41 India Standard Time
Output:
----------------------------------------------------------
Note: Google Test filter = HashMapClearTest.ClearAfterSingleInsert
[==========] Running 1 test from 1 test suite.
[----------] Global test environment set-up.
[----------] 1 test from HashMapClearTest
[ RUN      ] HashMapClearTest.ClearAfterSingleInsert
[       OK ] HashMapClearTest.ClearAfterSingleInsert (0 ms)
[----------] 1 test from HashMapClearTest (0 ms total)

[----------] Global test environment tear-down
[==========] 1 test from 1 test suite ran. (0 ms total)
[  PASSED  ] 1 test.
<end of output>
Test time =   0.09 sec
----------------------------------------------------------
Test Passed.
"HashMapClearTest.ClearAfterSingleInsert" end time: Jun 30 18:41 India Standard Time
"HashMapClearTest.ClearAfterSingleInsert" time elapsed: 00:00:00
----------------------------------------------------------

44/167 Testing: HashMapClearTest.ClearAfterMultipleInserts
44/167 Test: HashMapClearTest.ClearAfterMultipleInserts
Command: "D:/Git pull/STL-Library/build/Tests.exe" "--gtest_filter=HashMapClearTest.ClearAfterMultipleInserts" "--gtest_also_run_disabled_tests"
Directory: D:/Git pull/STL-Library/build
"HashMapClearTest.ClearAfterMultipleInserts" start time: Jun 30 18:41 India Standard Time
Output:
----------------------------------------------------------
Note: Google Test filter = HashMapClearTest.ClearAfterMultipleInserts
[==========] Running 1 test from 1 test suite.
[----------] Global test environment set-up.
[----------] 1 test from HashMapClearTest
[ RUN      ] HashMapClearTest.ClearAfterMultipleInserts
[       OK ] HashMapClearTest.ClearAfterMultipleInserts (0 ms)
[----------] 1 test from HashMapClearTest (0 ms total)

[----------] Global test environment tear-down
[==========] 1 test from 1 test suite ran. (0 ms total)
[  PASSED  ] 1 test.
<end of output>
Test time =   0.09 sec
----------------------------------------------------------
Test Passed.
"HashMapClearTest.ClearAfterMultipleInserts" end time: Jun 30 18:41 India Standard Time
"HashMapClearTest.ClearAfterMultipleInserts" time elapsed: 00:00:00
----------------------------------------------------------

45/167 Testing: HashMapClearTest.InsertAfterClear
45/167 Test: HashMapClearTest.InsertAfterClear
Command: "D:/Git pull/STL-Library/build/Tests.exe" "--gtest_filter=HashMapClearTest.InsertAfterClear" "--gtest_also_run_disabled_tests"
Directory: D:/Git pull/STL-Library/build
"HashMapClearTest.InsertAfterClear" start time: Jun 30 18:41 India Standard Time
Output:
----------------------------------------------------------
Note: Google Test filter = HashMapClearTest.InsertAfterClear
[==========] Running 1 test from 1 test suite.
[----------] Global test environment set-up.
[----------] 1 test from HashMapClearTest
[ RUN      ] HashMapClearTest.InsertAfterClear
[       OK ] HashMapClearTest.InsertAfterClear (0 ms)
[----------] 1 test from HashMapClearTest (0 ms total)

[----------] Global test environment tear-down
[==========] 1 test from 1 test suite ran. (0 ms total)
[  PASSED  ] 1 test.
<end of output>
Test time =   0.10 sec
----------------------------------------------------------
Test Passed.
"HashMapClearTest.InsertAfterClear" end time: Jun 30 18:41 India Standard Time
"HashMapClearTest.InsertAfterClear" time elapsed: 00:00:00
----------------------------------------------------------

46/167 Testing: HashMapClearTest.CapacityRemainsSameAfterClear
46/167 Test: HashMapClearTest.CapacityRemainsSameAfterClear
Command: "D:/Git pull/STL-Library/build/Tests.exe" "--gtest_filter=HashMapClearTest.CapacityRemainsSameAfterClear" "--gtest_also_run_disabled_tests"
Directory: D:/Git pull/STL-Library/build
"HashMapClearTest.CapacityRemainsSameAfterClear" start time: Jun 30 18:41 India Standard Time
Output:
----------------------------------------------------------
Note: Google Test filter = HashMapClearTest.CapacityRemainsSameAfterClear
[==========] Running 1 test from 1 test suite.
[----------] Global test environment set-up.
[----------] 1 test from HashMapClearTest
[ RUN      ] HashMapClearTest.CapacityRemainsSameAfterClear
[       OK ] HashMapClearTest.CapacityRemainsSameAfterClear (0 ms)
[----------] 1 test from HashMapClearTest (0 ms total)

[----------] Global test environment tear-down
[==========] 1 test from 1 test suite ran. (0 ms total)
[  PASSED  ] 1 test.
<end of output>
Test time =   0.09 sec
----------------------------------------------------------
Test Passed.
"HashMapClearTest.CapacityRemainsSameAfterClear" end time: Jun 30 18:41 India Standard Time
"HashMapClearTest.CapacityRemainsSameAfterClear" time elapsed: 00:00:00
----------------------------------------------------------

47/167 Testing: HashMapLoadFactorTest.EmptyMap
47/167 Test: HashMapLoadFactorTest.EmptyMap
Command: "D:/Git pull/STL-Library/build/Tests.exe" "--gtest_filter=HashMapLoadFactorTest.EmptyMap" "--gtest_also_run_disabled_tests"
Directory: D:/Git pull/STL-Library/build
"HashMapLoadFactorTest.EmptyMap" start time: Jun 30 18:41 India Standard Time
Output:
----------------------------------------------------------
Note: Google Test filter = HashMapLoadFactorTest.EmptyMap
[==========] Running 1 test from 1 test suite.
[----------] Global test environment set-up.
[----------] 1 test from HashMapLoadFactorTest
[ RUN      ] HashMapLoadFactorTest.EmptyMap
[       OK ] HashMapLoadFactorTest.EmptyMap (0 ms)
[----------] 1 test from HashMapLoadFactorTest (0 ms total)

[----------] Global test environment tear-down
[==========] 1 test from 1 test suite ran. (0 ms total)
[  PASSED  ] 1 test.
<end of output>
Test time =   0.09 sec
----------------------------------------------------------
Test Passed.
"HashMapLoadFactorTest.EmptyMap" end time: Jun 30 18:41 India Standard Time
"HashMapLoadFactorTest.EmptyMap" time elapsed: 00:00:00
----------------------------------------------------------

48/167 Testing: HashMapLoadFactorTest.OneElement
48/167 Test: HashMapLoadFactorTest.OneElement
Command: "D:/Git pull/STL-Library/build/Tests.exe" "--gtest_filter=HashMapLoadFactorTest.OneElement" "--gtest_also_run_disabled_tests"
Directory: D:/Git pull/STL-Library/build
"HashMapLoadFactorTest.OneElement" start time: Jun 30 18:41 India Standard Time
Output:
----------------------------------------------------------
Note: Google Test filter = HashMapLoadFactorTest.OneElement
[==========] Running 1 test from 1 test suite.
[----------] Global test environment set-up.
[----------] 1 test from HashMapLoadFactorTest
[ RUN      ] HashMapLoadFactorTest.OneElement
[       OK ] HashMapLoadFactorTest.OneElement (0 ms)
[----------] 1 test from HashMapLoadFactorTest (0 ms total)

[----------] Global test environment tear-down
[==========] 1 test from 1 test suite ran. (0 ms total)
[  PASSED  ] 1 test.
<end of output>
Test time =   0.09 sec
----------------------------------------------------------
Test Passed.
"HashMapLoadFactorTest.OneElement" end time: Jun 30 18:41 India Standard Time
"HashMapLoadFactorTest.OneElement" time elapsed: 00:00:00
----------------------------------------------------------

49/167 Testing: HashMapLoadFactorTest.MultipleElements
49/167 Test: HashMapLoadFactorTest.MultipleElements
Command: "D:/Git pull/STL-Library/build/Tests.exe" "--gtest_filter=HashMapLoadFactorTest.MultipleElements" "--gtest_also_run_disabled_tests"
Directory: D:/Git pull/STL-Library/build
"HashMapLoadFactorTest.MultipleElements" start time: Jun 30 18:41 India Standard Time
Output:
----------------------------------------------------------
Note: Google Test filter = HashMapLoadFactorTest.MultipleElements
[==========] Running 1 test from 1 test suite.
[----------] Global test environment set-up.
[----------] 1 test from HashMapLoadFactorTest
[ RUN      ] HashMapLoadFactorTest.MultipleElements
[       OK ] HashMapLoadFactorTest.MultipleElements (0 ms)
[----------] 1 test from HashMapLoadFactorTest (0 ms total)

[----------] Global test environment tear-down
[==========] 1 test from 1 test suite ran. (0 ms total)
[  PASSED  ] 1 test.
<end of output>
Test time =   0.09 sec
----------------------------------------------------------
Test Passed.
"HashMapLoadFactorTest.MultipleElements" end time: Jun 30 18:41 India Standard Time
"HashMapLoadFactorTest.MultipleElements" time elapsed: 00:00:00
----------------------------------------------------------

50/167 Testing: HashMapLoadFactorTest.DuplicateKeyDoesNotChangeLoadFactor
50/167 Test: HashMapLoadFactorTest.DuplicateKeyDoesNotChangeLoadFactor
Command: "D:/Git pull/STL-Library/build/Tests.exe" "--gtest_filter=HashMapLoadFactorTest.DuplicateKeyDoesNotChangeLoadFactor" "--gtest_also_run_disabled_tests"
Directory: D:/Git pull/STL-Library/build
"HashMapLoadFactorTest.DuplicateKeyDoesNotChangeLoadFactor" start time: Jun 30 18:41 India Standard Time
Output:
----------------------------------------------------------
Note: Google Test filter = HashMapLoadFactorTest.DuplicateKeyDoesNotChangeLoadFactor
[==========] Running 1 test from 1 test suite.
[----------] Global test environment set-up.
[----------] 1 test from HashMapLoadFactorTest
[ RUN      ] HashMapLoadFactorTest.DuplicateKeyDoesNotChangeLoadFactor
[       OK ] HashMapLoadFactorTest.DuplicateKeyDoesNotChangeLoadFactor (0 ms)
[----------] 1 test from HashMapLoadFactorTest (0 ms total)

[----------] Global test environment tear-down
[==========] 1 test from 1 test suite ran. (0 ms total)
[  PASSED  ] 1 test.
<end of output>
Test time =   0.07 sec
----------------------------------------------------------
Test Passed.
"HashMapLoadFactorTest.DuplicateKeyDoesNotChangeLoadFactor" end time: Jun 30 18:41 India Standard Time
"HashMapLoadFactorTest.DuplicateKeyDoesNotChangeLoadFactor" time elapsed: 00:00:00
----------------------------------------------------------

51/167 Testing: HashMapLoadFactorTest.LoadFactorAfterRemove
51/167 Test: HashMapLoadFactorTest.LoadFactorAfterRemove
Command: "D:/Git pull/STL-Library/build/Tests.exe" "--gtest_filter=HashMapLoadFactorTest.LoadFactorAfterRemove" "--gtest_also_run_disabled_tests"
Directory: D:/Git pull/STL-Library/build
"HashMapLoadFactorTest.LoadFactorAfterRemove" start time: Jun 30 18:41 India Standard Time
Output:
----------------------------------------------------------
Note: Google Test filter = HashMapLoadFactorTest.LoadFactorAfterRemove
[==========] Running 1 test from 1 test suite.
[----------] Global test environment set-up.
[----------] 1 test from HashMapLoadFactorTest
[ RUN      ] HashMapLoadFactorTest.LoadFactorAfterRemove
[       OK ] HashMapLoadFactorTest.LoadFactorAfterRemove (0 ms)
[----------] 1 test from HashMapLoadFactorTest (0 ms total)

[----------] Global test environment tear-down
[==========] 1 test from 1 test suite ran. (0 ms total)
[  PASSED  ] 1 test.
<end of output>
Test time =   0.11 sec
----------------------------------------------------------
Test Passed.
"HashMapLoadFactorTest.LoadFactorAfterRemove" end time: Jun 30 18:41 India Standard Time
"HashMapLoadFactorTest.LoadFactorAfterRemove" time elapsed: 00:00:00
----------------------------------------------------------

52/167 Testing: HashMapLoadFactorTest.LoadFactorAfterClear
52/167 Test: HashMapLoadFactorTest.LoadFactorAfterClear
Command: "D:/Git pull/STL-Library/build/Tests.exe" "--gtest_filter=HashMapLoadFactorTest.LoadFactorAfterClear" "--gtest_also_run_disabled_tests"
Directory: D:/Git pull/STL-Library/build
"HashMapLoadFactorTest.LoadFactorAfterClear" start time: Jun 30 18:41 India Standard Time
Output:
----------------------------------------------------------
Note: Google Test filter = HashMapLoadFactorTest.LoadFactorAfterClear
[==========] Running 1 test from 1 test suite.
[----------] Global test environment set-up.
[----------] 1 test from HashMapLoadFactorTest
[ RUN      ] HashMapLoadFactorTest.LoadFactorAfterClear
[       OK ] HashMapLoadFactorTest.LoadFactorAfterClear (0 ms)
[----------] 1 test from HashMapLoadFactorTest (0 ms total)

[----------] Global test environment tear-down
[==========] 1 test from 1 test suite ran. (0 ms total)
[  PASSED  ] 1 test.
<end of output>
Test time =   0.15 sec
----------------------------------------------------------
Test Passed.
"HashMapLoadFactorTest.LoadFactorAfterClear" end time: Jun 30 18:41 India Standard Time
"HashMapLoadFactorTest.LoadFactorAfterClear" time elapsed: 00:00:00
----------------------------------------------------------

53/167 Testing: HashMapExistsTest.ExistingKeyReturnsTrue
53/167 Test: HashMapExistsTest.ExistingKeyReturnsTrue
Command: "D:/Git pull/STL-Library/build/Tests.exe" "--gtest_filter=HashMapExistsTest.ExistingKeyReturnsTrue" "--gtest_also_run_disabled_tests"
Directory: D:/Git pull/STL-Library/build
"HashMapExistsTest.ExistingKeyReturnsTrue" start time: Jun 30 18:41 India Standard Time
Output:
----------------------------------------------------------
Note: Google Test filter = HashMapExistsTest.ExistingKeyReturnsTrue
[==========] Running 1 test from 1 test suite.
[----------] Global test environment set-up.
[----------] 1 test from HashMapExistsTest
[ RUN      ] HashMapExistsTest.ExistingKeyReturnsTrue
[       OK ] HashMapExistsTest.ExistingKeyReturnsTrue (0 ms)
[----------] 1 test from HashMapExistsTest (0 ms total)

[----------] Global test environment tear-down
[==========] 1 test from 1 test suite ran. (0 ms total)
[  PASSED  ] 1 test.
<end of output>
Test time =   0.08 sec
----------------------------------------------------------
Test Passed.
"HashMapExistsTest.ExistingKeyReturnsTrue" end time: Jun 30 18:41 India Standard Time
"HashMapExistsTest.ExistingKeyReturnsTrue" time elapsed: 00:00:00
----------------------------------------------------------

54/167 Testing: HashMapExistsTest.NonExistingKeyReturnsFalse
54/167 Test: HashMapExistsTest.NonExistingKeyReturnsFalse
Command: "D:/Git pull/STL-Library/build/Tests.exe" "--gtest_filter=HashMapExistsTest.NonExistingKeyReturnsFalse" "--gtest_also_run_disabled_tests"
Directory: D:/Git pull/STL-Library/build
"HashMapExistsTest.NonExistingKeyReturnsFalse" start time: Jun 30 18:41 India Standard Time
Output:
----------------------------------------------------------
Note: Google Test filter = HashMapExistsTest.NonExistingKeyReturnsFalse
[==========] Running 1 test from 1 test suite.
[----------] Global test environment set-up.
[----------] 1 test from HashMapExistsTest
[ RUN      ] HashMapExistsTest.NonExistingKeyReturnsFalse
[       OK ] HashMapExistsTest.NonExistingKeyReturnsFalse (0 ms)
[----------] 1 test from HashMapExistsTest (0 ms total)

[----------] Global test environment tear-down
[==========] 1 test from 1 test suite ran. (0 ms total)
[  PASSED  ] 1 test.
<end of output>
Test time =   0.09 sec
----------------------------------------------------------
Test Passed.
"HashMapExistsTest.NonExistingKeyReturnsFalse" end time: Jun 30 18:41 India Standard Time
"HashMapExistsTest.NonExistingKeyReturnsFalse" time elapsed: 00:00:00
----------------------------------------------------------

55/167 Testing: HashMapExistsTest.EmptyMapReturnsFalse
55/167 Test: HashMapExistsTest.EmptyMapReturnsFalse
Command: "D:/Git pull/STL-Library/build/Tests.exe" "--gtest_filter=HashMapExistsTest.EmptyMapReturnsFalse" "--gtest_also_run_disabled_tests"
Directory: D:/Git pull/STL-Library/build
"HashMapExistsTest.EmptyMapReturnsFalse" start time: Jun 30 18:41 India Standard Time
Output:
----------------------------------------------------------
Note: Google Test filter = HashMapExistsTest.EmptyMapReturnsFalse
[==========] Running 1 test from 1 test suite.
[----------] Global test environment set-up.
[----------] 1 test from HashMapExistsTest
[ RUN      ] HashMapExistsTest.EmptyMapReturnsFalse
[       OK ] HashMapExistsTest.EmptyMapReturnsFalse (0 ms)
[----------] 1 test from HashMapExistsTest (0 ms total)

[----------] Global test environment tear-down
[==========] 1 test from 1 test suite ran. (0 ms total)
[  PASSED  ] 1 test.
<end of output>
Test time =   0.09 sec
----------------------------------------------------------
Test Passed.
"HashMapExistsTest.EmptyMapReturnsFalse" end time: Jun 30 18:41 India Standard Time
"HashMapExistsTest.EmptyMapReturnsFalse" time elapsed: 00:00:00
----------------------------------------------------------

56/167 Testing: HashMapExistsTest.NegativeKey
56/167 Test: HashMapExistsTest.NegativeKey
Command: "D:/Git pull/STL-Library/build/Tests.exe" "--gtest_filter=HashMapExistsTest.NegativeKey" "--gtest_also_run_disabled_tests"
Directory: D:/Git pull/STL-Library/build
"HashMapExistsTest.NegativeKey" start time: Jun 30 18:41 India Standard Time
Output:
----------------------------------------------------------
Note: Google Test filter = HashMapExistsTest.NegativeKey
[==========] Running 1 test from 1 test suite.
[----------] Global test environment set-up.
[----------] 1 test from HashMapExistsTest
[ RUN      ] HashMapExistsTest.NegativeKey
[       OK ] HashMapExistsTest.NegativeKey (0 ms)
[----------] 1 test from HashMapExistsTest (0 ms total)

[----------] Global test environment tear-down
[==========] 1 test from 1 test suite ran. (0 ms total)
[  PASSED  ] 1 test.
<end of output>
Test time =   0.09 sec
----------------------------------------------------------
Test Passed.
"HashMapExistsTest.NegativeKey" end time: Jun 30 18:41 India Standard Time
"HashMapExistsTest.NegativeKey" time elapsed: 00:00:00
----------------------------------------------------------

57/167 Testing: HashMapExistsTest.ZeroKey
57/167 Test: HashMapExistsTest.ZeroKey
Command: "D:/Git pull/STL-Library/build/Tests.exe" "--gtest_filter=HashMapExistsTest.ZeroKey" "--gtest_also_run_disabled_tests"
Directory: D:/Git pull/STL-Library/build
"HashMapExistsTest.ZeroKey" start time: Jun 30 18:41 India Standard Time
Output:
----------------------------------------------------------
Note: Google Test filter = HashMapExistsTest.ZeroKey
[==========] Running 1 test from 1 test suite.
[----------] Global test environment set-up.
[----------] 1 test from HashMapExistsTest
[ RUN      ] HashMapExistsTest.ZeroKey
[       OK ] HashMapExistsTest.ZeroKey (0 ms)
[----------] 1 test from HashMapExistsTest (0 ms total)

[----------] Global test environment tear-down
[==========] 1 test from 1 test suite ran. (0 ms total)
[  PASSED  ] 1 test.
<end of output>
Test time =   0.08 sec
----------------------------------------------------------
Test Passed.
"HashMapExistsTest.ZeroKey" end time: Jun 30 18:41 India Standard Time
"HashMapExistsTest.ZeroKey" time elapsed: 00:00:00
----------------------------------------------------------

58/167 Testing: HashMapExistsTest.AfterRemoveReturnsFalse
58/167 Test: HashMapExistsTest.AfterRemoveReturnsFalse
Command: "D:/Git pull/STL-Library/build/Tests.exe" "--gtest_filter=HashMapExistsTest.AfterRemoveReturnsFalse" "--gtest_also_run_disabled_tests"
Directory: D:/Git pull/STL-Library/build
"HashMapExistsTest.AfterRemoveReturnsFalse" start time: Jun 30 18:41 India Standard Time
Output:
----------------------------------------------------------
Note: Google Test filter = HashMapExistsTest.AfterRemoveReturnsFalse
[==========] Running 1 test from 1 test suite.
[----------] Global test environment set-up.
[----------] 1 test from HashMapExistsTest
[ RUN      ] HashMapExistsTest.AfterRemoveReturnsFalse
[       OK ] HashMapExistsTest.AfterRemoveReturnsFalse (0 ms)
[----------] 1 test from HashMapExistsTest (0 ms total)

[----------] Global test environment tear-down
[==========] 1 test from 1 test suite ran. (0 ms total)
[  PASSED  ] 1 test.
<end of output>
Test time =   0.09 sec
----------------------------------------------------------
Test Passed.
"HashMapExistsTest.AfterRemoveReturnsFalse" end time: Jun 30 18:41 India Standard Time
"HashMapExistsTest.AfterRemoveReturnsFalse" time elapsed: 00:00:00
----------------------------------------------------------

59/167 Testing: HashMapExistsTest.MultipleElements
59/167 Test: HashMapExistsTest.MultipleElements
Command: "D:/Git pull/STL-Library/build/Tests.exe" "--gtest_filter=HashMapExistsTest.MultipleElements" "--gtest_also_run_disabled_tests"
Directory: D:/Git pull/STL-Library/build
"HashMapExistsTest.MultipleElements" start time: Jun 30 18:41 India Standard Time
Output:
----------------------------------------------------------
Note: Google Test filter = HashMapExistsTest.MultipleElements
[==========] Running 1 test from 1 test suite.
[----------] Global test environment set-up.
[----------] 1 test from HashMapExistsTest
[ RUN      ] HashMapExistsTest.MultipleElements
[       OK ] HashMapExistsTest.MultipleElements (0 ms)
[----------] 1 test from HashMapExistsTest (0 ms total)

[----------] Global test environment tear-down
[==========] 1 test from 1 test suite ran. (0 ms total)
[  PASSED  ] 1 test.
<end of output>
Test time =   0.09 sec
----------------------------------------------------------
Test Passed.
"HashMapExistsTest.MultipleElements" end time: Jun 30 18:41 India Standard Time
"HashMapExistsTest.MultipleElements" time elapsed: 00:00:00
----------------------------------------------------------

60/167 Testing: HashMapExistsTest.StringKeys
60/167 Test: HashMapExistsTest.StringKeys
Command: "D:/Git pull/STL-Library/build/Tests.exe" "--gtest_filter=HashMapExistsTest.StringKeys" "--gtest_also_run_disabled_tests"
Directory: D:/Git pull/STL-Library/build
"HashMapExistsTest.StringKeys" start time: Jun 30 18:41 India Standard Time
Output:
----------------------------------------------------------
Note: Google Test filter = HashMapExistsTest.StringKeys
[==========] Running 1 test from 1 test suite.
[----------] Global test environment set-up.
[----------] 1 test from HashMapExistsTest
[ RUN      ] HashMapExistsTest.StringKeys
[       OK ] HashMapExistsTest.StringKeys (0 ms)
[----------] 1 test from HashMapExistsTest (0 ms total)

[----------] Global test environment tear-down
[==========] 1 test from 1 test suite ran. (0 ms total)
[  PASSED  ] 1 test.
<end of output>
Test time =   0.09 sec
----------------------------------------------------------
Test Passed.
"HashMapExistsTest.StringKeys" end time: Jun 30 18:41 India Standard Time
"HashMapExistsTest.StringKeys" time elapsed: 00:00:00
----------------------------------------------------------

61/167 Testing: HashMapExistsTest.DuplicateInsertStillExists
61/167 Test: HashMapExistsTest.DuplicateInsertStillExists
Command: "D:/Git pull/STL-Library/build/Tests.exe" "--gtest_filter=HashMapExistsTest.DuplicateInsertStillExists" "--gtest_also_run_disabled_tests"
Directory: D:/Git pull/STL-Library/build
"HashMapExistsTest.DuplicateInsertStillExists" start time: Jun 30 18:41 India Standard Time
Output:
----------------------------------------------------------
Note: Google Test filter = HashMapExistsTest.DuplicateInsertStillExists
[==========] Running 1 test from 1 test suite.
[----------] Global test environment set-up.
[----------] 1 test from HashMapExistsTest
[ RUN      ] HashMapExistsTest.DuplicateInsertStillExists
[       OK ] HashMapExistsTest.DuplicateInsertStillExists (0 ms)
[----------] 1 test from HashMapExistsTest (0 ms total)

[----------] Global test environment tear-down
[==========] 1 test from 1 test suite ran. (0 ms total)
[  PASSED  ] 1 test.
<end of output>
Test time =   0.09 sec
----------------------------------------------------------
Test Passed.
"HashMapExistsTest.DuplicateInsertStillExists" end time: Jun 30 18:41 India Standard Time
"HashMapExistsTest.DuplicateInsertStillExists" time elapsed: 00:00:00
----------------------------------------------------------

62/167 Testing: HashMapRemoveTest.RemoveExistingKey
62/167 Test: HashMapRemoveTest.RemoveExistingKey
Command: "D:/Git pull/STL-Library/build/Tests.exe" "--gtest_filter=HashMapRemoveTest.RemoveExistingKey" "--gtest_also_run_disabled_tests"
Directory: D:/Git pull/STL-Library/build
"HashMapRemoveTest.RemoveExistingKey" start time: Jun 30 18:41 India Standard Time
Output:
----------------------------------------------------------
Note: Google Test filter = HashMapRemoveTest.RemoveExistingKey
[==========] Running 1 test from 1 test suite.
[----------] Global test environment set-up.
[----------] 1 test from HashMapRemoveTest
[ RUN      ] HashMapRemoveTest.RemoveExistingKey
[       OK ] HashMapRemoveTest.RemoveExistingKey (0 ms)
[----------] 1 test from HashMapRemoveTest (0 ms total)

[----------] Global test environment tear-down
[==========] 1 test from 1 test suite ran. (0 ms total)
[  PASSED  ] 1 test.
<end of output>
Test time =   0.08 sec
----------------------------------------------------------
Test Passed.
"HashMapRemoveTest.RemoveExistingKey" end time: Jun 30 18:41 India Standard Time
"HashMapRemoveTest.RemoveExistingKey" time elapsed: 00:00:00
----------------------------------------------------------

63/167 Testing: HashMapRemoveTest.RemoveFromMultipleElements
63/167 Test: HashMapRemoveTest.RemoveFromMultipleElements
Command: "D:/Git pull/STL-Library/build/Tests.exe" "--gtest_filter=HashMapRemoveTest.RemoveFromMultipleElements" "--gtest_also_run_disabled_tests"
Directory: D:/Git pull/STL-Library/build
"HashMapRemoveTest.RemoveFromMultipleElements" start time: Jun 30 18:41 India Standard Time
Output:
----------------------------------------------------------
Note: Google Test filter = HashMapRemoveTest.RemoveFromMultipleElements
[==========] Running 1 test from 1 test suite.
[----------] Global test environment set-up.
[----------] 1 test from HashMapRemoveTest
[ RUN      ] HashMapRemoveTest.RemoveFromMultipleElements
[       OK ] HashMapRemoveTest.RemoveFromMultipleElements (0 ms)
[----------] 1 test from HashMapRemoveTest (0 ms total)

[----------] Global test environment tear-down
[==========] 1 test from 1 test suite ran. (0 ms total)
[  PASSED  ] 1 test.
<end of output>
Test time =   0.08 sec
----------------------------------------------------------
Test Passed.
"HashMapRemoveTest.RemoveFromMultipleElements" end time: Jun 30 18:41 India Standard Time
"HashMapRemoveTest.RemoveFromMultipleElements" time elapsed: 00:00:00
----------------------------------------------------------

64/167 Testing: HashMapRemoveTest.RemoveFirstInsertedElement
64/167 Test: HashMapRemoveTest.RemoveFirstInsertedElement
Command: "D:/Git pull/STL-Library/build/Tests.exe" "--gtest_filter=HashMapRemoveTest.RemoveFirstInsertedElement" "--gtest_also_run_disabled_tests"
Directory: D:/Git pull/STL-Library/build
"HashMapRemoveTest.RemoveFirstInsertedElement" start time: Jun 30 18:41 India Standard Time
Output:
----------------------------------------------------------
Note: Google Test filter = HashMapRemoveTest.RemoveFirstInsertedElement
[==========] Running 1 test from 1 test suite.
[----------] Global test environment set-up.
[----------] 1 test from HashMapRemoveTest
[ RUN      ] HashMapRemoveTest.RemoveFirstInsertedElement
[       OK ] HashMapRemoveTest.RemoveFirstInsertedElement (0 ms)
[----------] 1 test from HashMapRemoveTest (0 ms total)

[----------] Global test environment tear-down
[==========] 1 test from 1 test suite ran. (0 ms total)
[  PASSED  ] 1 test.
<end of output>
Test time =   0.09 sec
----------------------------------------------------------
Test Passed.
"HashMapRemoveTest.RemoveFirstInsertedElement" end time: Jun 30 18:41 India Standard Time
"HashMapRemoveTest.RemoveFirstInsertedElement" time elapsed: 00:00:00
----------------------------------------------------------

65/167 Testing: HashMapRemoveTest.RemoveLastInsertedElement
65/167 Test: HashMapRemoveTest.RemoveLastInsertedElement
Command: "D:/Git pull/STL-Library/build/Tests.exe" "--gtest_filter=HashMapRemoveTest.RemoveLastInsertedElement" "--gtest_also_run_disabled_tests"
Directory: D:/Git pull/STL-Library/build
[...]
Directory: D:/Git pull/STL-Library/build
"DynamicArrayInsertTest.InsertAtMiddle" start time: Jun 30 18:41 India Standard Time
Output:
----------------------------------------------------------
Note: Google Test filter = DynamicArrayInsertTest.InsertAtMiddle
[==========] Running 1 test from 1 test suite.
[----------] Global test environment set-up.
[----------] 1 test from DynamicArrayInsertTest
[ RUN      ] DynamicArrayInsertTest.InsertAtMiddle
[       OK ] DynamicArrayInsertTest.InsertAtMiddle (0 ms)
[----------] 1 test from DynamicArrayInsertTest (0 ms total)

[----------] Global test environment tear-down
[==========] 1 test from 1 test suite ran. (0 ms total)
[  PASSED  ] 1 test.
<end of output>
Test time =   0.09 sec
----------------------------------------------------------
Test Passed.
"DynamicArrayInsertTest.InsertAtMiddle" end time: Jun 30 18:41 India Standard Time
"DynamicArrayInsertTest.InsertAtMiddle" time elapsed: 00:00:00
----------------------------------------------------------

154/167 Testing: DynamicArrayInsertTest.InsertAtEnd
154/167 Test: DynamicArrayInsertTest.InsertAtEnd
Command: "D:/Git pull/STL-Library/build/Tests.exe" "--gtest_filter=DynamicArrayInsertTest.InsertAtEnd" "--gtest_also_run_disabled_tests"
Directory: D:/Git pull/STL-Library/build
"DynamicArrayInsertTest.InsertAtEnd" start time: Jun 30 18:41 India Standard Time
Output:
----------------------------------------------------------
Note: Google Test filter = DynamicArrayInsertTest.InsertAtEnd
[==========] Running 1 test from 1 test suite.
[----------] Global test environment set-up.
[----------] 1 test from DynamicArrayInsertTest
[ RUN      ] DynamicArrayInsertTest.InsertAtEnd
[       OK ] DynamicArrayInsertTest.InsertAtEnd (0 ms)
[----------] 1 test from DynamicArrayInsertTest (0 ms total)

[----------] Global test environment tear-down
[==========] 1 test from 1 test suite ran. (0 ms total)
[  PASSED  ] 1 test.
<end of output>
Test time =   0.08 sec
----------------------------------------------------------
Test Passed.
"DynamicArrayInsertTest.InsertAtEnd" end time: Jun 30 18:41 India Standard Time
"DynamicArrayInsertTest.InsertAtEnd" time elapsed: 00:00:00
----------------------------------------------------------

155/167 Testing: DynamicArrayInsertStandalone.InsertIntoEmptyArray
155/167 Test: DynamicArrayInsertStandalone.InsertIntoEmptyArray
Command: "D:/Git pull/STL-Library/build/Tests.exe" "--gtest_filter=DynamicArrayInsertStandalone.InsertIntoEmptyArray" "--gtest_also_run_disabled_tests"
Directory: D:/Git pull/STL-Library/build
"DynamicArrayInsertStandalone.InsertIntoEmptyArray" start time: Jun 30 18:41 India Standard Time
Output:
----------------------------------------------------------
Note: Google Test filter = DynamicArrayInsertStandalone.InsertIntoEmptyArray
[==========] Running 1 test from 1 test suite.
[----------] Global test environment set-up.
[----------] 1 test from DynamicArrayInsertStandalone
[ RUN      ] DynamicArrayInsertStandalone.InsertIntoEmptyArray
[       OK ] DynamicArrayInsertStandalone.InsertIntoEmptyArray (0 ms)
[----------] 1 test from DynamicArrayInsertStandalone (0 ms total)

[----------] Global test environment tear-down
[==========] 1 test from 1 test suite ran. (0 ms total)
[  PASSED  ] 1 test.
<end of output>
Test time =   0.09 sec
----------------------------------------------------------
Test Passed.
"DynamicArrayInsertStandalone.InsertIntoEmptyArray" end time: Jun 30 18:41 India Standard Time
"DynamicArrayInsertStandalone.InsertIntoEmptyArray" time elapsed: 00:00:00
----------------------------------------------------------

156/167 Testing: DynamicArrayInsertStandalone.InsertTriggersResize
156/167 Test: DynamicArrayInsertStandalone.InsertTriggersResize
Command: "D:/Git pull/STL-Library/build/Tests.exe" "--gtest_filter=DynamicArrayInsertStandalone.InsertTriggersResize" "--gtest_also_run_disabled_tests"
Directory: D:/Git pull/STL-Library/build
"DynamicArrayInsertStandalone.InsertTriggersResize" start time: Jun 30 18:41 India Standard Time
Output:
----------------------------------------------------------
Note: Google Test filter = DynamicArrayInsertStandalone.InsertTriggersResize
[==========] Running 1 test from 1 test suite.
[----------] Global test environment set-up.
[----------] 1 test from DynamicArrayInsertStandalone
[ RUN      ] DynamicArrayInsertStandalone.InsertTriggersResize
[       OK ] DynamicArrayInsertStandalone.InsertTriggersResize (0 ms)
[----------] 1 test from DynamicArrayInsertStandalone (0 ms total)

[----------] Global test environment tear-down
[==========] 1 test from 1 test suite ran. (0 ms total)
[  PASSED  ] 1 test.
<end of output>
Test time =   0.08 sec
----------------------------------------------------------
Test Passed.
"DynamicArrayInsertStandalone.InsertTriggersResize" end time: Jun 30 18:41 India Standard Time
"DynamicArrayInsertStandalone.InsertTriggersResize" time elapsed: 00:00:00
----------------------------------------------------------

157/167 Testing: DynamicArrayInsertStandalone.InsertNegativeIndexThrows
157/167 Test: DynamicArrayInsertStandalone.InsertNegativeIndexThrows
Command: "D:/Git pull/STL-Library/build/Tests.exe" "--gtest_filter=DynamicArrayInsertStandalone.InsertNegativeIndexThrows" "--gtest_also_run_disabled_tests"
Directory: D:/Git pull/STL-Library/build
"DynamicArrayInsertStandalone.InsertNegativeIndexThrows" start time: Jun 30 18:41 India Standard Time
Output:
----------------------------------------------------------
Note: Google Test filter = DynamicArrayInsertStandalone.InsertNegativeIndexThrows
[==========] Running 1 test from 1 test suite.
[----------] Global test environment set-up.
[----------] 1 test from DynamicArrayInsertStandalone
[ RUN      ] DynamicArrayInsertStandalone.InsertNegativeIndexThrows
[       OK ] DynamicArrayInsertStandalone.InsertNegativeIndexThrows (0 ms)
[----------] 1 test from DynamicArrayInsertStandalone (0 ms total)

[----------] Global test environment tear-down
[==========] 1 test from 1 test suite ran. (0 ms total)
[  PASSED  ] 1 test.
<end of output>
Test time =   0.08 sec
----------------------------------------------------------
Test Passed.
"DynamicArrayInsertStandalone.InsertNegativeIndexThrows" end time: Jun 30 18:41 India Standard Time
"DynamicArrayInsertStandalone.InsertNegativeIndexThrows" time elapsed: 00:00:00
----------------------------------------------------------

158/167 Testing: DynamicArrayInsertStandalone.InsertPastEndThrows
158/167 Test: DynamicArrayInsertStandalone.InsertPastEndThrows
Command: "D:/Git pull/STL-Library/build/Tests.exe" "--gtest_filter=DynamicArrayInsertStandalone.InsertPastEndThrows" "--gtest_also_run_disabled_tests"
Directory: D:/Git pull/STL-Library/build
"DynamicArrayInsertStandalone.InsertPastEndThrows" start time: Jun 30 18:41 India Standard Time
Output:
----------------------------------------------------------
Note: Google Test filter = DynamicArrayInsertStandalone.InsertPastEndThrows
[==========] Running 1 test from 1 test suite.
[----------] Global test environment set-up.
[----------] 1 test from DynamicArrayInsertStandalone
[ RUN      ] DynamicArrayInsertStandalone.InsertPastEndThrows
[       OK ] DynamicArrayInsertStandalone.InsertPastEndThrows (0 ms)
[----------] 1 test from DynamicArrayInsertStandalone (0 ms total)

[----------] Global test environment tear-down
[==========] 1 test from 1 test suite ran. (0 ms total)
[  PASSED  ] 1 test.
<end of output>
Test time =   0.09 sec
----------------------------------------------------------
Test Passed.
"DynamicArrayInsertStandalone.InsertPastEndThrows" end time: Jun 30 18:41 India Standard Time
"DynamicArrayInsertStandalone.InsertPastEndThrows" time elapsed: 00:00:00
----------------------------------------------------------

159/167 Testing: DynamicArrayInsertStandalone.InsertLargeDataset
159/167 Test: DynamicArrayInsertStandalone.InsertLargeDataset
Command: "D:/Git pull/STL-Library/build/Tests.exe" "--gtest_filter=DynamicArrayInsertStandalone.InsertLargeDataset" "--gtest_also_run_disabled_tests"
Directory: D:/Git pull/STL-Library/build
"DynamicArrayInsertStandalone.InsertLargeDataset" start time: Jun 30 18:41 India Standard Time
Output:
----------------------------------------------------------
Note: Google Test filter = DynamicArrayInsertStandalone.InsertLargeDataset
[==========] Running 1 test from 1 test suite.
[----------] Global test environment set-up.
[----------] 1 test from DynamicArrayInsertStandalone
[ RUN      ] DynamicArrayInsertStandalone.InsertLargeDataset
[       OK ] DynamicArrayInsertStandalone.InsertLargeDataset (0 ms)
[----------] 1 test from DynamicArrayInsertStandalone (0 ms total)

[----------] Global test environment tear-down
[==========] 1 test from 1 test suite ran. (0 ms total)
[  PASSED  ] 1 test.
<end of output>
Test time =   0.08 sec
----------------------------------------------------------
Test Passed.
"DynamicArrayInsertStandalone.InsertLargeDataset" end time: Jun 30 18:41 India Standard Time
"DynamicArrayInsertStandalone.InsertLargeDataset" time elapsed: 00:00:00
----------------------------------------------------------

160/167 Testing: DynamicArrayRemoveTest.RemoveFromBeginning
160/167 Test: DynamicArrayRemoveTest.RemoveFromBeginning
Command: "D:/Git pull/STL-Library/build/Tests.exe" "--gtest_filter=DynamicArrayRemoveTest.RemoveFromBeginning" "--gtest_also_run_disabled_tests"
Directory: D:/Git pull/STL-Library/build
"DynamicArrayRemoveTest.RemoveFromBeginning" start time: Jun 30 18:41 India Standard Time
Output:
----------------------------------------------------------
Note: Google Test filter = DynamicArrayRemoveTest.RemoveFromBeginning
[==========] Running 1 test from 1 test suite.
[----------] Global test environment set-up.
[----------] 1 test from DynamicArrayRemoveTest
[ RUN      ] DynamicArrayRemoveTest.RemoveFromBeginning
[       OK ] DynamicArrayRemoveTest.RemoveFromBeginning (0 ms)
[----------] 1 test from DynamicArrayRemoveTest (0 ms total)

[----------] Global test environment tear-down
[==========] 1 test from 1 test suite ran. (0 ms total)
[  PASSED  ] 1 test.
<end of output>
Test time =   0.09 sec
----------------------------------------------------------
Test Passed.
"DynamicArrayRemoveTest.RemoveFromBeginning" end time: Jun 30 18:41 India Standard Time
"DynamicArrayRemoveTest.RemoveFromBeginning" time elapsed: 00:00:00
----------------------------------------------------------

161/167 Testing: DynamicArrayRemoveTest.RemoveFromMiddle
161/167 Test: DynamicArrayRemoveTest.RemoveFromMiddle
Command: "D:/Git pull/STL-Library/build/Tests.exe" "--gtest_filter=DynamicArrayRemoveTest.RemoveFromMiddle" "--gtest_also_run_disabled_tests"
Directory: D:/Git pull/STL-Library/build
"DynamicArrayRemoveTest.RemoveFromMiddle" start time: Jun 30 18:41 India Standard Time
Output:
----------------------------------------------------------
Note: Google Test filter = DynamicArrayRemoveTest.RemoveFromMiddle
[==========] Running 1 test from 1 test suite.
[----------] Global test environment set-up.
[----------] 1 test from DynamicArrayRemoveTest
[ RUN      ] DynamicArrayRemoveTest.RemoveFromMiddle
[       OK ] DynamicArrayRemoveTest.RemoveFromMiddle (0 ms)
[----------] 1 test from DynamicArrayRemoveTest (0 ms total)

[----------] Global test environment tear-down
[==========] 1 test from 1 test suite ran. (0 ms total)
[  PASSED  ] 1 test.
<end of output>
Test time =   0.10 sec
----------------------------------------------------------
Test Passed.
"DynamicArrayRemoveTest.RemoveFromMiddle" end time: Jun 30 18:41 India Standard Time
"DynamicArrayRemoveTest.RemoveFromMiddle" time elapsed: 00:00:00
----------------------------------------------------------

162/167 Testing: DynamicArrayRemoveTest.RemoveFromEnd
162/167 Test: DynamicArrayRemoveTest.RemoveFromEnd
Command: "D:/Git pull/STL-Library/build/Tests.exe" "--gtest_filter=DynamicArrayRemoveTest.RemoveFromEnd" "--gtest_also_run_disabled_tests"
Directory: D:/Git pull/STL-Library/build
"DynamicArrayRemoveTest.RemoveFromEnd" start time: Jun 30 18:41 India Standard Time
Output:
----------------------------------------------------------
Note: Google Test filter = DynamicArrayRemoveTest.RemoveFromEnd
[==========] Running 1 test from 1 test suite.
[----------] Global test environment set-up.
[----------] 1 test from DynamicArrayRemoveTest
[ RUN      ] DynamicArrayRemoveTest.RemoveFromEnd
[       OK ] DynamicArrayRemoveTest.RemoveFromEnd (0 ms)
[----------] 1 test from DynamicArrayRemoveTest (0 ms total)

[----------] Global test environment tear-down
[==========] 1 test from 1 test suite ran. (0 ms total)
[  PASSED  ] 1 test.
<end of output>
Test time =   0.08 sec
----------------------------------------------------------
Test Passed.
"DynamicArrayRemoveTest.RemoveFromEnd" end time: Jun 30 18:41 India Standard Time
"DynamicArrayRemoveTest.RemoveFromEnd" time elapsed: 00:00:00
----------------------------------------------------------

163/167 Testing: DynamicArrayRemoveStandalone.RemoveOnlyElement
163/167 Test: DynamicArrayRemoveStandalone.RemoveOnlyElement
Command: "D:/Git pull/STL-Library/build/Tests.exe" "--gtest_filter=DynamicArrayRemoveStandalone.RemoveOnlyElement" "--gtest_also_run_disabled_tests"
Directory: D:/Git pull/STL-Library/build
"DynamicArrayRemoveStandalone.RemoveOnlyElement" start time: Jun 30 18:41 India Standard Time
Output:
----------------------------------------------------------
Note: Google Test filter = DynamicArrayRemoveStandalone.RemoveOnlyElement
[==========] Running 1 test from 1 test suite.
[----------] Global test environment set-up.
[----------] 1 test from DynamicArrayRemoveStandalone
[ RUN      ] DynamicArrayRemoveStandalone.RemoveOnlyElement
[       OK ] DynamicArrayRemoveStandalone.RemoveOnlyElement (0 ms)
[----------] 1 test from DynamicArrayRemoveStandalone (0 ms total)

[----------] Global test environment tear-down
[==========] 1 test from 1 test suite ran. (0 ms total)
[  PASSED  ] 1 test.
<end of output>
Test time =   0.08 sec
----------------------------------------------------------
Test Passed.
"DynamicArrayRemoveStandalone.RemoveOnlyElement" end time: Jun 30 18:41 India Standard Time
"DynamicArrayRemoveStandalone.RemoveOnlyElement" time elapsed: 00:00:00
----------------------------------------------------------

164/167 Testing: DynamicArrayRemoveStandalone.RemoveFromEmptyThrows
164/167 Test: DynamicArrayRemoveStandalone.RemoveFromEmptyThrows
Command: "D:/Git pull/STL-Library/build/Tests.exe" "--gtest_filter=DynamicArrayRemoveStandalone.RemoveFromEmptyThrows" "--gtest_also_run_disabled_tests"
Directory: D:/Git pull/STL-Library/build
"DynamicArrayRemoveStandalone.RemoveFromEmptyThrows" start time: Jun 30 18:41 India Standard Time
Output:
----------------------------------------------------------
Note: Google Test filter = DynamicArrayRemoveStandalone.RemoveFromEmptyThrows
[==========] Running 1 test from 1 test suite.
[----------] Global test environment set-up.
[----------] 1 test from DynamicArrayRemoveStandalone
[ RUN      ] DynamicArrayRemoveStandalone.RemoveFromEmptyThrows
[       OK ] DynamicArrayRemoveStandalone.RemoveFromEmptyThrows (0 ms)
[----------] 1 test from DynamicArrayRemoveStandalone (0 ms total)

[----------] Global test environment tear-down
[==========] 1 test from 1 test suite ran. (0 ms total)
[  PASSED  ] 1 test.
<end of output>
Test time =   0.10 sec
----------------------------------------------------------
Test Passed.
"DynamicArrayRemoveStandalone.RemoveFromEmptyThrows" end time: Jun 30 18:41 India Standard Time
"DynamicArrayRemoveStandalone.RemoveFromEmptyThrows" time elapsed: 00:00:00
----------------------------------------------------------

165/167 Testing: DynamicArrayRemoveStandalone.RemoveNegativeIndexThrows
165/167 Test: DynamicArrayRemoveStandalone.RemoveNegativeIndexThrows
Command: "D:/Git pull/STL-Library/build/Tests.exe" "--gtest_filter=DynamicArrayRemoveStandalone.RemoveNegativeIndexThrows" "--gtest_also_run_disabled_tests"
Directory: D:/Git pull/STL-Library/build
"DynamicArrayRemoveStandalone.RemoveNegativeIndexThrows" start time: Jun 30 18:41 India Standard Time
Output:
----------------------------------------------------------
Note: Google Test filter = DynamicArrayRemoveStandalone.RemoveNegativeIndexThrows
[==========] Running 1 test from 1 test suite.
[----------] Global test environment set-up.
[----------] 1 test from DynamicArrayRemoveStandalone
[ RUN      ] DynamicArrayRemoveStandalone.RemoveNegativeIndexThrows
[       OK ] DynamicArrayRemoveStandalone.RemoveNegativeIndexThrows (0 ms)
[----------] 1 test from DynamicArrayRemoveStandalone (0 ms total)

[----------] Global test environment tear-down
[==========] 1 test from 1 test suite ran. (0 ms total)
[  PASSED  ] 1 test.
<end of output>
Test time =   0.09 sec
----------------------------------------------------------
Test Passed.
"DynamicArrayRemoveStandalone.RemoveNegativeIndexThrows" end time: Jun 30 18:41 India Standard Time
"DynamicArrayRemoveStandalone.RemoveNegativeIndexThrows" time elapsed: 00:00:00
----------------------------------------------------------

166/167 Testing: DynamicArrayRemoveStandalone.RemovePastEndThrows
166/167 Test: DynamicArrayRemoveStandalone.RemovePastEndThrows
Command: "D:/Git pull/STL-Library/build/Tests.exe" "--gtest_filter=DynamicArrayRemoveStandalone.RemovePastEndThrows" "--gtest_also_run_disabled_tests"
Directory: D:/Git pull/STL-Library/build
"DynamicArrayRemoveStandalone.RemovePastEndThrows" start time: Jun 30 18:41 India Standard Time
Output:
----------------------------------------------------------
Note: Google Test filter = DynamicArrayRemoveStandalone.RemovePastEndThrows
[==========] Running 1 test from 1 test suite.
[----------] Global test environment set-up.
[----------] 1 test from DynamicArrayRemoveStandalone
[ RUN      ] DynamicArrayRemoveStandalone.RemovePastEndThrows
[       OK ] DynamicArrayRemoveStandalone.RemovePastEndThrows (0 ms)
[----------] 1 test from DynamicArrayRemoveStandalone (0 ms total)

[----------] Global test environment tear-down
[==========] 1 test from 1 test suite ran. (0 ms total)
[  PASSED  ] 1 test.
<end of output>
Test time =   0.09 sec
----------------------------------------------------------
Test Passed.
"DynamicArrayRemoveStandalone.RemovePastEndThrows" end time: Jun 30 18:41 India Standard Time
"DynamicArrayRemoveStandalone.RemovePastEndThrows" time elapsed: 00:00:00
----------------------------------------------------------

167/167 Testing: DynamicArrayRemoveStandalone.RemoveLargeDataset
167/167 Test: DynamicArrayRemoveStandalone.RemoveLargeDataset
Command: "D:/Git pull/STL-Library/build/Tests.exe" "--gtest_filter=DynamicArrayRemoveStandalone.RemoveLargeDataset" "--gtest_also_run_disabled_tests"
Directory: D:/Git pull/STL-Library/build
"DynamicArrayRemoveStandalone.RemoveLargeDataset" start time: Jun 30 18:41 India Standard Time
Output:
----------------------------------------------------------
Note: Google Test filter = DynamicArrayRemoveStandalone.RemoveLargeDataset
[==========] Running 1 test from 1 test suite.
[----------] Global test environment set-up.
[----------] 1 test from DynamicArrayRemoveStandalone
[ RUN      ] DynamicArrayRemoveStandalone.RemoveLargeDataset
[       OK ] DynamicArrayRemoveStandalone.RemoveLargeDataset (0 ms)
[----------] 1 test from DynamicArrayRemoveStandalone (0 ms total)

[----------] Global test environment tear-down
[==========] 1 test from 1 test suite ran. (0 ms total)
[  PASSED  ] 1 test.
<end of output>
Test time =   0.09 sec
----------------------------------------------------------
Test Passed.
"DynamicArrayRemoveStandalone.RemoveLargeDataset" end time: Jun 30 18:41 India Standard Time
"DynamicArrayRemoveStandalone.RemoveLargeDataset" time elapsed: 00:00:00
----------------------------------------------------------

End testing: Jun 30 18:41 India Standard Time
